#
# There is insufficient memory for the Java Runtime Environment to continue.
# Native memory allocation (malloc) failed to allocate 1131376 bytes for Chunk::new
# Possible reasons:
#   The system is out of physical RAM or swap space
#   The process is running with CompressedOops enabled, and the Java Heap may be blocking the growth of the native heap
# Possible solutions:
#   Reduce memory load on the system
#   Increase physical memory or swap space
#   Check if swap backing store is full
#   Decrease Java heap size (-Xmx/-Xms)
#   Decrease number of Java threads
#   Decrease Java thread stack sizes (-Xss)
#   Set larger code cache with -XX:ReservedCodeCacheSize=
#   JVM is running with Unscaled Compressed Oops mode in which the Java heap is
#     placed in the first 4GB address space. The Java Heap base address is the
#     maximum limit for the native heap growth. Please use -XX:HeapBaseMinAddress
#     to set the Java Heap base and to place the Java Heap above 4GB virtual address.
# This output file may be truncated or incomplete.
#
#  Out of Memory Error (arena.cpp:189), pid=29076, tid=4524
#
# JRE version: OpenJDK Runtime Environment (17.0.6) (build 17.0.6+0-b2043.56-9586694)
# Java VM: OpenJDK 64-Bit Server VM (17.0.6+0-b2043.56-9586694, mixed mode, tiered, compressed oops, compressed class ptrs, g1 gc, windows-amd64)
# No core dump will be written. Minidumps are not enabled by default on client versions of Windows
#

---------------  S U M M A R Y ------------

Command Line: --add-opens=java.base/java.util=ALL-UNNAMED --add-opens=java.base/java.lang=ALL-UNNAMED --add-opens=java.base/java.lang.invoke=ALL-UNNAMED --add-opens=java.base/java.util=ALL-UNNAMED --add-opens=java.prefs/java.util.prefs=ALL-UNNAMED --add-opens=java.prefs/java.util.prefs=ALL-UNNAMED --add-opens=java.base/java.nio.charset=ALL-UNNAMED --add-opens=java.base/java.net=ALL-UNNAMED --add-opens=java.base/java.util.concurrent.atomic=ALL-UNNAMED -Xmx2048m -Dfile.encoding=UTF-8 -Duser.country=ID -Duser.language=en -Duser.variant org.gradle.launcher.daemon.bootstrap.GradleDaemon 7.5

Host: AMD Athlon Silver 3050U with Radeon Graphics   , 2 cores, 3G,  Windows 11 , 64 bit Build 22621 (10.0.22621.1635)
Time: Thu Jun 22 20:57:26 2023 SE Asia Standard Time elapsed time: 6400.581043 seconds (0d 1h 46m 40s)

---------------  T H R E A D  ---------------

Current thread (0x0000016ca95a7340):  JavaThread "C2 CompilerThread0" daemon [_thread_in_native, id=4524, stack(0x00000029eb300000,0x00000029eb400000)]


Current CompileTask:
C2:6400581 16169   !   4       java.util.jar.JarFile::getManifestFromReference (197 bytes)

Stack: [0x00000029eb300000,0x00000029eb400000]
Native frames: (J=compiled Java code, j=interpreted, Vv=VM code, C=native code)
V  [jvm.dll+0x683b4a]
V  [jvm.dll+0x842654]
V  [jvm.dll+0x843dfe]
V  [jvm.dll+0x844463]
V  [jvm.dll+0x249b75]
V  [jvm.dll+0xabcac]
V  [jvm.dll+0xac27c]
V  [jvm.dll+0x368802]
V  [jvm.dll+0x332f31]
V  [jvm.dll+0x3323da]
V  [jvm.dll+0x21c201]
V  [jvm.dll+0x21b621]
V  [jvm.dll+0x1a4fdd]
V  [jvm.dll+0x22b098]
V  [jvm.dll+0x229159]
V  [jvm.dll+0x7f809c]
V  [jvm.dll+0x7f25fa]
V  [jvm.dll+0x682985]
C  [ucrtbase.dll+0x29363]
C  [KERNEL32.DLL+0x126ad]
C  [ntdll.dll+0x5a9f8]


---------------  P R O C E S S  ---------------

Threads class SMR info:
_java_thread_list=0x0000016cb5802a10, length=58, elements={
0x0000016c904e9820, 0x0000016ca9578030, 0x0000016ca9578be0, 0x0000016ca95632a0,
0x0000016ca959d120, 0x0000016ca95a1bf0, 0x0000016ca95a25a0, 0x0000016ca95a7340,
0x0000016ca95ce950, 0x0000016caa045700, 0x0000016caa15d010, 0x0000016caa167910,
0x0000016cab90d360, 0x0000016cab991450, 0x0000016cab5ff690, 0x0000016cac459db0,
0x0000016cac45ba90, 0x0000016cac4585a0, 0x0000016cac458a70, 0x0000016cac458f40,
0x0000016cac459410, 0x0000016cac45a280, 0x0000016cac45b0f0, 0x0000016caa29b3d0,
0x0000016cb0d66250, 0x0000016cac45ac20, 0x0000016cac45b5c0, 0x0000016cac4580d0,
0x0000016cb0d63700, 0x0000016cb0d65d80, 0x0000016cb0d66bf0, 0x0000016cb0d64a40,
0x0000016cb0d63bd0, 0x0000016cb0d670c0, 0x0000016cb0d61ef0, 0x0000016cb0d67590,
0x0000016cb0d62d60, 0x0000016cb0d640a0, 0x0000016cb0d62890, 0x0000016cb0d67a60,
0x0000016cb0d67f30, 0x0000016cb0d688d0, 0x0000016cb0d64f10, 0x0000016cb0d61550,
0x0000016cb0d63230, 0x0000016cb0d61a20, 0x0000016cb0d653e0, 0x0000016cb0d658b0,
0x0000016caa298880, 0x0000016caa294ec0, 0x0000016caa2996f0, 0x0000016caa297540,
0x0000016caa299bc0, 0x0000016caa294050, 0x0000016caa29a090, 0x0000016caa297a10,
0x0000016caa29a560, 0x0000016caa29aa30
}

Java Threads: ( => current thread )
  0x0000016c904e9820 JavaThread "main" [_thread_blocked, id=19516, stack(0x00000029ea600000,0x00000029ea700000)]
  0x0000016ca9578030 JavaThread "Reference Handler" daemon [_thread_blocked, id=11608, stack(0x00000029ead00000,0x00000029eae00000)]
  0x0000016ca9578be0 JavaThread "Finalizer" daemon [_thread_blocked, id=7012, stack(0x00000029eae00000,0x00000029eaf00000)]
  0x0000016ca95632a0 JavaThread "Signal Dispatcher" daemon [_thread_blocked, id=21852, stack(0x00000029eaf00000,0x00000029eb000000)]
  0x0000016ca959d120 JavaThread "Attach Listener" daemon [_thread_blocked, id=28048, stack(0x00000029eb000000,0x00000029eb100000)]
  0x0000016ca95a1bf0 JavaThread "Service Thread" daemon [_thread_blocked, id=14704, stack(0x00000029eb100000,0x00000029eb200000)]
  0x0000016ca95a25a0 JavaThread "Monitor Deflation Thread" daemon [_thread_blocked, id=1684, stack(0x00000029eb200000,0x00000029eb300000)]
=>0x0000016ca95a7340 JavaThread "C2 CompilerThread0" daemon [_thread_in_native, id=4524, stack(0x00000029eb300000,0x00000029eb400000)]
  0x0000016ca95ce950 JavaThread "C1 CompilerThread0" daemon [_thread_blocked, id=23940, stack(0x00000029eb400000,0x00000029eb500000)]
  0x0000016caa045700 JavaThread "Sweeper thread" daemon [_thread_blocked, id=11924, stack(0x00000029eb500000,0x00000029eb600000)]
  0x0000016caa15d010 JavaThread "Common-Cleaner" daemon [_thread_blocked, id=15456, stack(0x00000029eb600000,0x00000029eb700000)]
  0x0000016caa167910 JavaThread "Notification Thread" daemon [_thread_blocked, id=28024, stack(0x00000029eb700000,0x00000029eb800000)]
  0x0000016cab90d360 JavaThread "Daemon health stats" [_thread_blocked, id=27216, stack(0x00000029eba00000,0x00000029ebb00000)]
  0x0000016cab991450 JavaThread "Incoming local TCP Connector on port 10369" [_thread_in_native, id=28524, stack(0x00000029ebb00000,0x00000029ebc00000)]
  0x0000016cab5ff690 JavaThread "Daemon periodic checks" [_thread_blocked, id=29416, stack(0x00000029ebc00000,0x00000029ebd00000)]
  0x0000016cac459db0 JavaThread "Cache worker for journal cache (C:\Users\User\.gradle\caches\journal-1)" [_thread_blocked, id=23964, stack(0x00000029ec400000,0x00000029ec500000)]
  0x0000016cac45ba90 JavaThread "File lock request listener" [_thread_in_native, id=11516, stack(0x00000029ec500000,0x00000029ec600000)]
  0x0000016cac4585a0 JavaThread "Cache worker for file hash cache (C:\Users\User\.gradle\caches\7.5\fileHashes)" [_thread_blocked, id=26564, stack(0x00000029ec600000,0x00000029ec700000)]
  0x0000016cac458a70 JavaThread "File watcher server" daemon [_thread_in_native, id=28300, stack(0x00000029ec700000,0x00000029ec800000)]
  0x0000016cac458f40 JavaThread "File watcher consumer" daemon [_thread_blocked, id=27044, stack(0x00000029ec800000,0x00000029ec900000)]
  0x0000016cac459410 JavaThread "jar transforms" [_thread_blocked, id=29428, stack(0x00000029ec900000,0x00000029eca00000)]
  0x0000016cac45a280 JavaThread "jar transforms Thread 2" [_thread_blocked, id=23532, stack(0x00000029eca00000,0x00000029ecb00000)]
  0x0000016cac45b0f0 JavaThread "Cache worker for file content cache (C:\Users\User\.gradle\caches\7.5\fileContent)" [_thread_blocked, id=26436, stack(0x00000029ecd00000,0x00000029ece00000)]
  0x0000016caa29b3d0 JavaThread "Cache worker for execution history cache (C:\Users\User\.gradle\caches\7.5\executionHistory)" [_thread_blocked, id=21868, stack(0x00000029ed000000,0x00000029ed100000)]
  0x0000016cb0d66250 JavaThread "Memory manager" [_thread_blocked, id=14884, stack(0x00000029eea00000,0x00000029eeb00000)]
  0x0000016cac45ac20 JavaThread "Daemon Thread 3" [_thread_blocked, id=23676, stack(0x00000029ea500000,0x00000029ea600000)]
  0x0000016cac45b5c0 JavaThread "Handler for socket connection from /127.0.0.1:10369 to /127.0.0.1:11912" [_thread_in_native, id=25504, stack(0x00000029ebd00000,0x00000029ebe00000)]
  0x0000016cac4580d0 JavaThread "Cancel handler" [_thread_blocked, id=25092, stack(0x00000029ebe00000,0x00000029ebf00000)]
  0x0000016cb0d63700 JavaThread "Daemon worker Thread 3" [_thread_in_native, id=2232, stack(0x00000029ebf00000,0x00000029ec000000)]
  0x0000016cb0d65d80 JavaThread "Asynchronous log dispatcher for DefaultDaemonConnection: socket connection from /127.0.0.1:10369 to /127.0.0.1:11912" [_thread_blocked, id=19036, stack(0x00000029ec000000,0x00000029ec100000)]
  0x0000016cb0d66bf0 JavaThread "Daemon client event forwarder" [_thread_blocked, id=3184, stack(0x00000029ec200000,0x00000029ec300000)]
  0x0000016cb0d64a40 JavaThread "Cache worker for checksums cache (C:\Projek AndroidStudio\ForexNew\.gradle\7.5\checksums)" [_thread_blocked, id=11520, stack(0x00000029ec300000,0x00000029ec400000)]
  0x0000016cb0d63bd0 JavaThread "Cache worker for cache directory md-rule (C:\Users\User\.gradle\caches\7.5\md-rule)" [_thread_blocked, id=26240, stack(0x00000029ecb00000,0x00000029ecc00000)]
  0x0000016cb0d670c0 JavaThread "Cache worker for file hash cache (C:\Projek AndroidStudio\ForexNew\.gradle\7.5\fileHashes)" [_thread_blocked, id=25416, stack(0x00000029ecc00000,0x00000029ecd00000)]
  0x0000016cb0d61ef0 JavaThread "Cache worker for cache directory md-supplier (C:\Users\User\.gradle\caches\7.5\md-supplier)" [_thread_blocked, id=15748, stack(0x00000029ece00000,0x00000029ecf00000)]
  0x0000016cb0d67590 JavaThread "Cache worker for dependencies-accessors (C:\Projek AndroidStudio\ForexNew\.gradle\7.5\dependencies-accessors)" [_thread_blocked, id=6988, stack(0x00000029ecf00000,0x00000029ed000000)]
  0x0000016cb0d62d60 JavaThread "Cache worker for Build Output Cleanup Cache (C:\Projek AndroidStudio\ForexNew\.gradle\buildOutputCleanup)" [_thread_blocked, id=24692, stack(0x00000029ed100000,0x00000029ed200000)]
  0x0000016cb0d640a0 JavaThread "Unconstrained build operations" [_thread_blocked, id=19524, stack(0x00000029ed200000,0x00000029ed300000)]
  0x0000016cb0d62890 JavaThread "Unconstrained build operations Thread 2" [_thread_blocked, id=7180, stack(0x00000029ed300000,0x00000029ed400000)]
  0x0000016cb0d67a60 JavaThread "Unconstrained build operations Thread 3" [_thread_blocked, id=9988, stack(0x00000029ed400000,0x00000029ed500000)]
  0x0000016cb0d67f30 JavaThread "Unconstrained build operations Thread 4" [_thread_blocked, id=27128, stack(0x00000029ed500000,0x00000029ed600000)]
  0x0000016cb0d688d0 JavaThread "Unconstrained build operations Thread 5" [_thread_blocked, id=22024, stack(0x00000029ed600000,0x00000029ed700000)]
  0x0000016cb0d64f10 JavaThread "Unconstrained build operations Thread 6" [_thread_blocked, id=3000, stack(0x00000029ed700000,0x00000029ed800000)]
  0x0000016cb0d61550 JavaThread "Unconstrained build operations Thread 7" [_thread_blocked, id=13932, stack(0x00000029ed800000,0x00000029ed900000)]
  0x0000016cb0d63230 JavaThread "Unconstrained build operations Thread 8" [_thread_blocked, id=20592, stack(0x00000029ed900000,0x00000029eda00000)]
  0x0000016cb0d61a20 JavaThread "Unconstrained build operations Thread 9" [_thread_blocked, id=24528, stack(0x00000029eda00000,0x00000029edb00000)]
  0x0000016cb0d653e0 JavaThread "Unconstrained build operations Thread 10" [_thread_blocked, id=27676, stack(0x00000029edb00000,0x00000029edc00000)]
  0x0000016cb0d658b0 JavaThread "Unconstrained build operations Thread 11" [_thread_blocked, id=9648, stack(0x00000029edc00000,0x00000029edd00000)]
  0x0000016caa298880 JavaThread "Unconstrained build operations Thread 12" [_thread_blocked, id=25840, stack(0x00000029edd00000,0x00000029ede00000)]
  0x0000016caa294ec0 JavaThread "Unconstrained build operations Thread 13" [_thread_blocked, id=27492, stack(0x00000029ede00000,0x00000029edf00000)]
  0x0000016caa2996f0 JavaThread "Unconstrained build operations Thread 14" [_thread_blocked, id=29288, stack(0x00000029edf00000,0x00000029ee000000)]
  0x0000016caa297540 JavaThread "Unconstrained build operations Thread 15" [_thread_blocked, id=19628, stack(0x00000029ee000000,0x00000029ee100000)]
  0x0000016caa299bc0 JavaThread "Unconstrained build operations Thread 16" [_thread_blocked, id=26980, stack(0x00000029ee100000,0x00000029ee200000)]
  0x0000016caa294050 JavaThread "Unconstrained build operations Thread 17" [_thread_blocked, id=1644, stack(0x00000029ee200000,0x00000029ee300000)]
  0x0000016caa29a090 JavaThread "Unconstrained build operations Thread 18" [_thread_blocked, id=25052, stack(0x00000029ee300000,0x00000029ee400000)]
  0x0000016caa297a10 JavaThread "Unconstrained build operations Thread 19" [_thread_blocked, id=19792, stack(0x00000029ee400000,0x00000029ee500000)]
  0x0000016caa29a560 JavaThread "Unconstrained build operations Thread 20" [_thread_blocked, id=21564, stack(0x00000029ee500000,0x00000029ee600000)]
  0x0000016caa29aa30 JavaThread "build event listener" [_thread_blocked, id=20440, stack(0x00000029ee600000,0x00000029ee700000)]

Other Threads:
  0x0000016ca94faf20 VMThread "VM Thread" [stack: 0x00000029eac00000,0x00000029ead00000] [id=14572]
  0x0000016caa169df0 WatcherThread [stack: 0x00000029eb800000,0x00000029eb900000] [id=20416]
  0x0000016c90543460 GCTaskThread "GC Thread#0" [stack: 0x00000029ea700000,0x00000029ea800000] [id=1692]
  0x0000016caa241da0 GCTaskThread "GC Thread#1" [stack: 0x00000029eb900000,0x00000029eba00000] [id=18184]
  0x0000016c905543a0 ConcurrentGCThread "G1 Main Marker" [stack: 0x00000029ea800000,0x00000029ea900000] [id=27656]
  0x0000016c90554f10 ConcurrentGCThread "G1 Conc#0" [stack: 0x00000029ea900000,0x00000029eaa00000] [id=9188]
  0x0000016c905872a0 ConcurrentGCThread "G1 Refine#0" [stack: 0x00000029eaa00000,0x00000029eab00000] [id=3724]
  0x0000016caf26c8a0 ConcurrentGCThread "G1 Refine#1" [stack: 0x00000029ea400000,0x00000029ea500000] [id=15524]
  0x0000016c90587e20 ConcurrentGCThread "G1 Service" [stack: 0x00000029eab00000,0x00000029eac00000] [id=15796]

Threads with active compile tasks:
C2 CompilerThread0  6400713 16169   !   4       java.util.jar.JarFile::getManifestFromReference (197 bytes)

VM state: not at safepoint (normal execution)

VM Mutex/Monitor currently owned by a thread: None

Heap address: 0x0000000080000000, size: 2048 MB, Compressed Oops mode: 32-bit

CDS archive(s) not mapped
Compressed class space mapped at: 0x0000000100000000-0x0000000140000000, reserved size: 1073741824
Narrow klass base: 0x0000000000000000, Narrow klass shift: 3, Narrow klass range: 0x140000000

GC Precious Log:
 CPUs: 2 total, 2 available
 Memory: 3499M
 Large Page Support: Disabled
 NUMA Support: Disabled
 Compressed Oops: Enabled (32-bit)
 Heap Region Size: 1M
 Heap Min Capacity: 8M
 Heap Initial Capacity: 56M
 Heap Max Capacity: 2G
 Pre-touch: Disabled
 Parallel Workers: 2
 Concurrent Workers: 1
 Concurrent Refinement Workers: 2
 Periodic GC: Disabled

Heap:
 garbage-first heap   total 309248K, used 193271K [0x0000000080000000, 0x0000000100000000)
  region size 1024K, 11 young (11264K), 2 survivors (2048K)
 Metaspace       used 113162K, committed 113984K, reserved 1155072K
  class space    used 14958K, committed 15360K, reserved 1048576K

Heap Regions: E=young(eden), S=young(survivor), O=old, HS=humongous(starts), HC=humongous(continues), CS=collection set, F=free, OA=open archive, CA=closed archive, TAMS=top-at-mark-start (previous, next)
|   0|0x0000000080000000, 0x0000000080100000, 0x0000000080100000|100%| O|  |TAMS 0x0000000080100000, 0x0000000080000000| Untracked 
|   1|0x0000000080100000, 0x0000000080200000, 0x0000000080200000|100%|HS|  |TAMS 0x0000000080200000, 0x0000000080100000| Complete 
|   2|0x0000000080200000, 0x0000000080300000, 0x0000000080300000|100%|HC|  |TAMS 0x0000000080300000, 0x0000000080200000| Complete 
|   3|0x0000000080300000, 0x0000000080400000, 0x0000000080400000|100%|HC|  |TAMS 0x0000000080400000, 0x0000000080300000| Complete 
|   4|0x0000000080400000, 0x0000000080500000, 0x0000000080500000|100%| O|  |TAMS 0x0000000080500000, 0x0000000080400000| Untracked 
|   5|0x0000000080500000, 0x0000000080600000, 0x0000000080600000|100%| O|  |TAMS 0x0000000080600000, 0x0000000080500000| Untracked 
|   6|0x0000000080600000, 0x0000000080700000, 0x0000000080700000|100%| O|  |TAMS 0x0000000080700000, 0x0000000080600000| Untracked 
|   7|0x0000000080700000, 0x0000000080800000, 0x0000000080800000|100%| O|  |TAMS 0x0000000080800000, 0x0000000080700000| Untracked 
|   8|0x0000000080800000, 0x0000000080900000, 0x0000000080900000|100%| O|  |TAMS 0x0000000080900000, 0x0000000080800000| Untracked 
|   9|0x0000000080900000, 0x0000000080a00000, 0x0000000080a00000|100%| O|  |TAMS 0x0000000080a00000, 0x0000000080900000| Untracked 
|  10|0x0000000080a00000, 0x0000000080b00000, 0x0000000080b00000|100%| O|  |TAMS 0x0000000080b00000, 0x0000000080a00000| Untracked 
|  11|0x0000000080b00000, 0x0000000080c00000, 0x0000000080c00000|100%| O|  |TAMS 0x0000000080c00000, 0x0000000080b00000| Untracked 
|  12|0x0000000080c00000, 0x0000000080d00000, 0x0000000080d00000|100%| O|  |TAMS 0x0000000080d00000, 0x0000000080c00000| Untracked 
|  13|0x0000000080d00000, 0x0000000080e00000, 0x0000000080e00000|100%| O|  |TAMS 0x0000000080e00000, 0x0000000080d00000| Untracked 
|  14|0x0000000080e00000, 0x0000000080f00000, 0x0000000080f00000|100%| O|  |TAMS 0x0000000080f00000, 0x0000000080e00000| Untracked 
|  15|0x0000000080f00000, 0x0000000081000000, 0x0000000081000000|100%| O|  |TAMS 0x0000000081000000, 0x0000000080f00000| Untracked 
|  16|0x0000000081000000, 0x0000000081100000, 0x0000000081100000|100%| O|  |TAMS 0x0000000081100000, 0x0000000081000000| Untracked 
|  17|0x0000000081100000, 0x0000000081200000, 0x0000000081200000|100%| O|  |TAMS 0x0000000081200000, 0x0000000081100000| Untracked 
|  18|0x0000000081200000, 0x0000000081300000, 0x0000000081300000|100%| O|  |TAMS 0x0000000081300000, 0x0000000081200000| Untracked 
|  19|0x0000000081300000, 0x0000000081400000, 0x0000000081400000|100%| O|  |TAMS 0x0000000081400000, 0x0000000081300000| Untracked 
|  20|0x0000000081400000, 0x0000000081500000, 0x0000000081500000|100%|HS|  |TAMS 0x0000000081500000, 0x0000000081400000| Complete 
|  21|0x0000000081500000, 0x0000000081600000, 0x0000000081600000|100%|HC|  |TAMS 0x0000000081600000, 0x0000000081500000| Complete 
|  22|0x0000000081600000, 0x0000000081700000, 0x0000000081700000|100%|HS|  |TAMS 0x0000000081700000, 0x0000000081600000| Complete 
|  23|0x0000000081700000, 0x0000000081800000, 0x0000000081800000|100%|HC|  |TAMS 0x0000000081800000, 0x0000000081700000| Complete 
|  24|0x0000000081800000, 0x0000000081900000, 0x0000000081900000|100%|HC|  |TAMS 0x0000000081900000, 0x0000000081800000| Complete 
|  25|0x0000000081900000, 0x0000000081a00000, 0x0000000081a00000|100%|HS|  |TAMS 0x0000000081a00000, 0x0000000081900000| Complete 
|  26|0x0000000081a00000, 0x0000000081b00000, 0x0000000081b00000|100%|HC|  |TAMS 0x0000000081b00000, 0x0000000081a00000| Complete 
|  27|0x0000000081b00000, 0x0000000081c00000, 0x0000000081c00000|100%|HC|  |TAMS 0x0000000081c00000, 0x0000000081b00000| Complete 
|  28|0x0000000081c00000, 0x0000000081d00000, 0x0000000081d00000|100%|HS|  |TAMS 0x0000000081d00000, 0x0000000081c00000| Complete 
|  29|0x0000000081d00000, 0x0000000081e00000, 0x0000000081e00000|100%|HC|  |TAMS 0x0000000081e00000, 0x0000000081d00000| Complete 
|  30|0x0000000081e00000, 0x0000000081f00000, 0x0000000081f00000|100%|HS|  |TAMS 0x0000000081f00000, 0x0000000081e00000| Complete 
|  31|0x0000000081f00000, 0x0000000082000000, 0x0000000082000000|100%|HC|  |TAMS 0x0000000082000000, 0x0000000081f00000| Complete 
|  32|0x0000000082000000, 0x0000000082100000, 0x0000000082100000|100%|HC|  |TAMS 0x0000000082100000, 0x0000000082000000| Complete 
|  33|0x0000000082100000, 0x0000000082200000, 0x0000000082200000|100%|HC|  |TAMS 0x0000000082200000, 0x0000000082100000| Complete 
|  34|0x0000000082200000, 0x0000000082300000, 0x0000000082300000|100%|HC|  |TAMS 0x0000000082300000, 0x0000000082200000| Complete 
|  35|0x0000000082300000, 0x0000000082400000, 0x0000000082400000|100%|HC|  |TAMS 0x0000000082400000, 0x0000000082300000| Complete 
|  36|0x0000000082400000, 0x0000000082500000, 0x0000000082500000|100%|HS|  |TAMS 0x0000000082500000, 0x0000000082400000| Complete 
|  37|0x0000000082500000, 0x0000000082600000, 0x0000000082600000|100%|HS|  |TAMS 0x0000000082600000, 0x0000000082500000| Complete 
|  38|0x0000000082600000, 0x0000000082700000, 0x0000000082700000|100%|HC|  |TAMS 0x0000000082700000, 0x0000000082600000| Complete 
|  39|0x0000000082700000, 0x0000000082800000, 0x0000000082800000|100%|HC|  |TAMS 0x0000000082800000, 0x0000000082700000| Complete 
|  40|0x0000000082800000, 0x0000000082900000, 0x0000000082900000|100%|HC|  |TAMS 0x0000000082900000, 0x0000000082800000| Complete 
|  41|0x0000000082900000, 0x0000000082a00000, 0x0000000082a00000|100%|HC|  |TAMS 0x0000000082a00000, 0x0000000082900000| Complete 
|  42|0x0000000082a00000, 0x0000000082b00000, 0x0000000082b00000|100%|HC|  |TAMS 0x0000000082b00000, 0x0000000082a00000| Complete 
|  43|0x0000000082b00000, 0x0000000082c00000, 0x0000000082c00000|100%|HC|  |TAMS 0x0000000082c00000, 0x0000000082b00000| Complete 
|  44|0x0000000082c00000, 0x0000000082d00000, 0x0000000082d00000|100%|HC|  |TAMS 0x0000000082d00000, 0x0000000082c00000| Complete 
|  45|0x0000000082d00000, 0x0000000082e00000, 0x0000000082e00000|100%|HC|  |TAMS 0x0000000082e00000, 0x0000000082d00000| Complete 
|  46|0x0000000082e00000, 0x0000000082f00000, 0x0000000082f00000|100%|HC|  |TAMS 0x0000000082f00000, 0x0000000082e00000| Complete 
|  47|0x0000000082f00000, 0x0000000083000000, 0x0000000083000000|100%|HS|  |TAMS 0x0000000083000000, 0x0000000082f00000| Complete 
|  48|0x0000000083000000, 0x0000000083100000, 0x0000000083100000|100%|HC|  |TAMS 0x0000000083100000, 0x0000000083000000| Complete 
|  49|0x0000000083100000, 0x0000000083200000, 0x0000000083200000|100%| O|  |TAMS 0x0000000083200000, 0x0000000083100000| Untracked 
|  50|0x0000000083200000, 0x0000000083300000, 0x0000000083300000|100%| O|  |TAMS 0x0000000083300000, 0x0000000083200000| Untracked 
|  51|0x0000000083300000, 0x0000000083400000, 0x0000000083400000|100%| O|  |TAMS 0x0000000083400000, 0x0000000083300000| Untracked 
|  52|0x0000000083400000, 0x0000000083500000, 0x0000000083500000|100%| O|  |TAMS 0x0000000083500000, 0x0000000083400000| Untracked 
|  53|0x0000000083500000, 0x0000000083600000, 0x0000000083600000|100%| O|  |TAMS 0x0000000083600000, 0x0000000083500000| Untracked 
|  54|0x0000000083600000, 0x0000000083700000, 0x0000000083700000|100%| O|  |TAMS 0x0000000083700000, 0x0000000083600000| Untracked 
|  55|0x0000000083700000, 0x0000000083800000, 0x0000000083800000|100%| O|  |TAMS 0x0000000083800000, 0x0000000083700000| Untracked 
|  56|0x0000000083800000, 0x0000000083900000, 0x0000000083900000|100%| O|  |TAMS 0x0000000083900000, 0x0000000083800000| Untracked 
|  57|0x0000000083900000, 0x0000000083a00000, 0x0000000083a00000|100%| O|  |TAMS 0x0000000083a00000, 0x0000000083900000| Untracked 
|  58|0x0000000083a00000, 0x0000000083b00000, 0x0000000083b00000|100%| O|  |TAMS 0x0000000083b00000, 0x0000000083a00000| Untracked 
|  59|0x0000000083b00000, 0x0000000083c00000, 0x0000000083c00000|100%|HS|  |TAMS 0x0000000083c00000, 0x0000000083b00000| Complete 
|  60|0x0000000083c00000, 0x0000000083d00000, 0x0000000083d00000|100%|HC|  |TAMS 0x0000000083d00000, 0x0000000083c00000| Complete 
|  61|0x0000000083d00000, 0x0000000083e00000, 0x0000000083e00000|100%|HC|  |TAMS 0x0000000083e00000, 0x0000000083d00000| Complete 
|  62|0x0000000083e00000, 0x0000000083f00000, 0x0000000083f00000|100%|HS|  |TAMS 0x0000000083f00000, 0x0000000083e00000| Complete 
|  63|0x0000000083f00000, 0x0000000084000000, 0x0000000084000000|100%|HC|  |TAMS 0x0000000084000000, 0x0000000083f00000| Complete 
|  64|0x0000000084000000, 0x0000000084100000, 0x0000000084100000|100%|HS|  |TAMS 0x0000000084100000, 0x0000000084000000| Complete 
|  65|0x0000000084100000, 0x0000000084200000, 0x0000000084200000|100%|HC|  |TAMS 0x0000000084200000, 0x0000000084100000| Complete 
|  66|0x0000000084200000, 0x0000000084300000, 0x0000000084300000|100%|HC|  |TAMS 0x0000000084300000, 0x0000000084200000| Complete 
|  67|0x0000000084300000, 0x0000000084400000, 0x0000000084400000|100%|HC|  |TAMS 0x0000000084400000, 0x0000000084300000| Complete 
|  68|0x0000000084400000, 0x0000000084500000, 0x0000000084500000|100%|HC|  |TAMS 0x0000000084500000, 0x0000000084400000| Complete 
|  69|0x0000000084500000, 0x0000000084600000, 0x0000000084600000|100%|HC|  |TAMS 0x0000000084600000, 0x0000000084500000| Complete 
|  70|0x0000000084600000, 0x0000000084700000, 0x0000000084700000|100%|HC|  |TAMS 0x0000000084700000, 0x0000000084600000| Complete 
|  71|0x0000000084700000, 0x0000000084800000, 0x0000000084800000|100%|HC|  |TAMS 0x0000000084800000, 0x0000000084700000| Complete 
|  72|0x0000000084800000, 0x0000000084900000, 0x0000000084900000|100%|HC|  |TAMS 0x0000000084900000, 0x0000000084800000| Complete 
|  73|0x0000000084900000, 0x0000000084a00000, 0x0000000084a00000|100%|HC|  |TAMS 0x0000000084a00000, 0x0000000084900000| Complete 
|  74|0x0000000084a00000, 0x0000000084b00000, 0x0000000084b00000|100%|HC|  |TAMS 0x0000000084b00000, 0x0000000084a00000| Complete 
|  75|0x0000000084b00000, 0x0000000084c00000, 0x0000000084c00000|100%| O|  |TAMS 0x0000000084c00000, 0x0000000084b00000| Untracked 
|  76|0x0000000084c00000, 0x0000000084d00000, 0x0000000084d00000|100%| O|  |TAMS 0x0000000084d00000, 0x0000000084c00000| Untracked 
|  77|0x0000000084d00000, 0x0000000084e00000, 0x0000000084e00000|100%| O|  |TAMS 0x0000000084e00000, 0x0000000084d00000| Untracked 
|  78|0x0000000084e00000, 0x0000000084f00000, 0x0000000084f00000|100%|HS|  |TAMS 0x0000000084f00000, 0x0000000084e00000| Complete 
|  79|0x0000000084f00000, 0x0000000085000000, 0x0000000085000000|100%|HC|  |TAMS 0x0000000085000000, 0x0000000084f00000| Complete 
|  80|0x0000000085000000, 0x0000000085100000, 0x0000000085100000|100%|HS|  |TAMS 0x0000000085100000, 0x0000000085000000| Complete 
|  81|0x0000000085100000, 0x0000000085200000, 0x0000000085200000|100%|HC|  |TAMS 0x0000000085200000, 0x0000000085100000| Complete 
|  82|0x0000000085200000, 0x0000000085300000, 0x0000000085300000|100%|HC|  |TAMS 0x0000000085300000, 0x0000000085200000| Complete 
|  83|0x0000000085300000, 0x0000000085400000, 0x0000000085400000|100%| O|  |TAMS 0x0000000085400000, 0x0000000085300000| Untracked 
|  84|0x0000000085400000, 0x0000000085500000, 0x0000000085500000|100%| O|  |TAMS 0x0000000085500000, 0x0000000085400000| Untracked 
|  85|0x0000000085500000, 0x0000000085600000, 0x0000000085600000|100%| O|  |TAMS 0x0000000085600000, 0x0000000085500000| Untracked 
|  86|0x0000000085600000, 0x0000000085700000, 0x0000000085700000|100%|HS|  |TAMS 0x0000000085700000, 0x0000000085600000| Complete 
|  87|0x0000000085700000, 0x0000000085800000, 0x0000000085800000|100%| O|  |TAMS 0x0000000085800000, 0x0000000085700000| Untracked 
|  88|0x0000000085800000, 0x0000000085900000, 0x0000000085900000|100%| O|  |TAMS 0x0000000085900000, 0x0000000085800000| Untracked 
|  89|0x0000000085900000, 0x0000000085a00000, 0x0000000085a00000|100%|HS|  |TAMS 0x0000000085a00000, 0x0000000085900000| Complete 
|  90|0x0000000085a00000, 0x0000000085b00000, 0x0000000085b00000|100%|HC|  |TAMS 0x0000000085b00000, 0x0000000085a00000| Complete 
|  91|0x0000000085b00000, 0x0000000085c00000, 0x0000000085c00000|100%|HC|  |TAMS 0x0000000085c00000, 0x0000000085b00000| Complete 
|  92|0x0000000085c00000, 0x0000000085d00000, 0x0000000085d00000|100%|HC|  |TAMS 0x0000000085d00000, 0x0000000085c00000| Complete 
|  93|0x0000000085d00000, 0x0000000085e00000, 0x0000000085e00000|100%|HC|  |TAMS 0x0000000085e00000, 0x0000000085d00000| Complete 
|  94|0x0000000085e00000, 0x0000000085f00000, 0x0000000085f00000|100%|HC|  |TAMS 0x0000000085f00000, 0x0000000085e00000| Complete 
|  95|0x0000000085f00000, 0x0000000085f00000, 0x0000000086000000|  0%| F|  |TAMS 0x0000000085f00000, 0x0000000085f00000| Untracked 
|  96|0x0000000086000000, 0x0000000086100000, 0x0000000086100000|100%| O|  |TAMS 0x0000000086100000, 0x0000000086000000| Untracked 
|  97|0x0000000086100000, 0x0000000086200000, 0x0000000086200000|100%| O|  |TAMS 0x0000000086200000, 0x0000000086100000| Untracked 
|  98|0x0000000086200000, 0x0000000086300000, 0x0000000086300000|100%| O|  |TAMS 0x0000000086300000, 0x0000000086200000| Untracked 
|  99|0x0000000086300000, 0x0000000086400000, 0x0000000086400000|100%| O|  |TAMS 0x0000000086400000, 0x0000000086300000| Untracked 
| 100|0x0000000086400000, 0x0000000086500000, 0x0000000086500000|100%| O|  |TAMS 0x0000000086500000, 0x0000000086400000| Untracked 
| 101|0x0000000086500000, 0x0000000086600000, 0x0000000086600000|100%| O|  |TAMS 0x0000000086600000, 0x0000000086500000| Untracked 
| 102|0x0000000086600000, 0x0000000086700000, 0x0000000086700000|100%| O|  |TAMS 0x0000000086700000, 0x0000000086600000| Untracked 
| 103|0x0000000086700000, 0x0000000086800000, 0x0000000086800000|100%| O|  |TAMS 0x0000000086800000, 0x0000000086700000| Untracked 
| 104|0x0000000086800000, 0x0000000086900000, 0x0000000086900000|100%| O|  |TAMS 0x0000000086900000, 0x0000000086800000| Untracked 
| 105|0x0000000086900000, 0x0000000086a00000, 0x0000000086a00000|100%| O|  |TAMS 0x0000000086a00000, 0x0000000086900000| Untracked 
| 106|0x0000000086a00000, 0x0000000086b00000, 0x0000000086b00000|100%|HS|  |TAMS 0x0000000086b00000, 0x0000000086a00000| Complete 
| 107|0x0000000086b00000, 0x0000000086c00000, 0x0000000086c00000|100%|HS|  |TAMS 0x0000000086c00000, 0x0000000086b00000| Complete 
| 108|0x0000000086c00000, 0x0000000086d00000, 0x0000000086d00000|100%| O|  |TAMS 0x0000000086d00000, 0x0000000086c00000| Untracked 
| 109|0x0000000086d00000, 0x0000000086e00000, 0x0000000086e00000|100%| O|  |TAMS 0x0000000086e00000, 0x0000000086d00000| Untracked 
| 110|0x0000000086e00000, 0x0000000086f00000, 0x0000000086f00000|100%| O|  |TAMS 0x0000000086f00000, 0x0000000086e00000| Untracked 
| 111|0x0000000086f00000, 0x0000000087000000, 0x0000000087000000|100%| O|  |TAMS 0x0000000087000000, 0x0000000086f00000| Untracked 
| 112|0x0000000087000000, 0x0000000087100000, 0x0000000087100000|100%| O|  |TAMS 0x0000000087100000, 0x0000000087000000| Untracked 
| 113|0x0000000087100000, 0x0000000087200000, 0x0000000087200000|100%| O|  |TAMS 0x0000000087200000, 0x0000000087100000| Untracked 
| 114|0x0000000087200000, 0x0000000087300000, 0x0000000087300000|100%| O|  |TAMS 0x0000000087300000, 0x0000000087200000| Untracked 
| 115|0x0000000087300000, 0x0000000087400000, 0x0000000087400000|100%| O|  |TAMS 0x0000000087400000, 0x0000000087300000| Untracked 
| 116|0x0000000087400000, 0x0000000087500000, 0x0000000087500000|100%| O|  |TAMS 0x0000000087500000, 0x0000000087400000| Untracked 
| 117|0x0000000087500000, 0x0000000087600000, 0x0000000087600000|100%| O|  |TAMS 0x0000000087600000, 0x0000000087500000| Untracked 
| 118|0x0000000087600000, 0x0000000087700000, 0x0000000087700000|100%| O|  |TAMS 0x0000000087700000, 0x0000000087600000| Untracked 
| 119|0x0000000087700000, 0x0000000087800000, 0x0000000087800000|100%| O|  |TAMS 0x0000000087800000, 0x0000000087700000| Untracked 
| 120|0x0000000087800000, 0x0000000087900000, 0x0000000087900000|100%| O|  |TAMS 0x0000000087800000, 0x0000000087800000| Untracked 
| 121|0x0000000087900000, 0x0000000087a00000, 0x0000000087a00000|100%| O|  |TAMS 0x0000000087900000, 0x0000000087900000| Untracked 
| 122|0x0000000087a00000, 0x0000000087b00000, 0x0000000087b00000|100%| O|  |TAMS 0x0000000087b00000, 0x0000000087a00000| Untracked 
| 123|0x0000000087b00000, 0x0000000087c00000, 0x0000000087c00000|100%| O|  |TAMS 0x0000000087c00000, 0x0000000087b00000| Untracked 
| 124|0x0000000087c00000, 0x0000000087d00000, 0x0000000087d00000|100%|HS|  |TAMS 0x0000000087d00000, 0x0000000087c00000| Complete 
| 125|0x0000000087d00000, 0x0000000087e00000, 0x0000000087e00000|100%|HC|  |TAMS 0x0000000087e00000, 0x0000000087d00000| Complete 
| 126|0x0000000087e00000, 0x0000000087f00000, 0x0000000087f00000|100%|HS|  |TAMS 0x0000000087f00000, 0x0000000087e00000| Complete 
| 127|0x0000000087f00000, 0x0000000088000000, 0x0000000088000000|100%|HC|  |TAMS 0x0000000088000000, 0x0000000087f00000| Complete 
| 128|0x0000000088000000, 0x0000000088100000, 0x0000000088100000|100%|HC|  |TAMS 0x0000000088100000, 0x0000000088000000| Complete 
| 129|0x0000000088100000, 0x0000000088200000, 0x0000000088200000|100%|HS|  |TAMS 0x0000000088200000, 0x0000000088100000| Complete 
| 130|0x0000000088200000, 0x0000000088300000, 0x0000000088300000|100%|HC|  |TAMS 0x0000000088300000, 0x0000000088200000| Complete 
| 131|0x0000000088300000, 0x0000000088400000, 0x0000000088400000|100%|HC|  |TAMS 0x0000000088400000, 0x0000000088300000| Complete 
| 132|0x0000000088400000, 0x0000000088500000, 0x0000000088500000|100%|HS|  |TAMS 0x0000000088500000, 0x0000000088400000| Complete 
| 133|0x0000000088500000, 0x0000000088600000, 0x0000000088600000|100%|HC|  |TAMS 0x0000000088600000, 0x0000000088500000| Complete 
| 134|0x0000000088600000, 0x0000000088700000, 0x0000000088700000|100%|HS|  |TAMS 0x0000000088700000, 0x0000000088600000| Complete 
| 135|0x0000000088700000, 0x0000000088800000, 0x0000000088800000|100%|HC|  |TAMS 0x0000000088800000, 0x0000000088700000| Complete 
| 136|0x0000000088800000, 0x0000000088900000, 0x0000000088900000|100%|HC|  |TAMS 0x0000000088900000, 0x0000000088800000| Complete 
| 137|0x0000000088900000, 0x0000000088a00000, 0x0000000088a00000|100%|HC|  |TAMS 0x0000000088a00000, 0x0000000088900000| Complete 
| 138|0x0000000088a00000, 0x0000000088b00000, 0x0000000088b00000|100%|HC|  |TAMS 0x0000000088b00000, 0x0000000088a00000| Complete 
| 139|0x0000000088b00000, 0x0000000088c00000, 0x0000000088c00000|100%|HC|  |TAMS 0x0000000088c00000, 0x0000000088b00000| Complete 
| 140|0x0000000088c00000, 0x0000000088d00000, 0x0000000088d00000|100%|HS|  |TAMS 0x0000000088d00000, 0x0000000088c00000| Complete 
| 141|0x0000000088d00000, 0x0000000088e00000, 0x0000000088e00000|100%|HS|  |TAMS 0x0000000088e00000, 0x0000000088d00000| Complete 
| 142|0x0000000088e00000, 0x0000000088f00000, 0x0000000088f00000|100%|HC|  |TAMS 0x0000000088f00000, 0x0000000088e00000| Complete 
| 143|0x0000000088f00000, 0x0000000089000000, 0x0000000089000000|100%|HC|  |TAMS 0x0000000089000000, 0x0000000088f00000| Complete 
| 144|0x0000000089000000, 0x0000000089100000, 0x0000000089100000|100%|HC|  |TAMS 0x0000000089100000, 0x0000000089000000| Complete 
| 145|0x0000000089100000, 0x0000000089200000, 0x0000000089200000|100%|HC|  |TAMS 0x0000000089200000, 0x0000000089100000| Complete 
| 146|0x0000000089200000, 0x0000000089300000, 0x0000000089300000|100%|HC|  |TAMS 0x0000000089300000, 0x0000000089200000| Complete 
| 147|0x0000000089300000, 0x0000000089400000, 0x0000000089400000|100%|HC|  |TAMS 0x0000000089400000, 0x0000000089300000| Complete 
| 148|0x0000000089400000, 0x0000000089500000, 0x0000000089500000|100%|HC|  |TAMS 0x0000000089500000, 0x0000000089400000| Complete 
| 149|0x0000000089500000, 0x0000000089600000, 0x0000000089600000|100%|HC|  |TAMS 0x0000000089600000, 0x0000000089500000| Complete 
| 150|0x0000000089600000, 0x0000000089700000, 0x0000000089700000|100%|HC|  |TAMS 0x0000000089700000, 0x0000000089600000| Complete 
| 151|0x0000000089700000, 0x0000000089800000, 0x0000000089800000|100%|HS|  |TAMS 0x0000000089800000, 0x0000000089700000| Complete 
| 152|0x0000000089800000, 0x0000000089900000, 0x0000000089900000|100%|HC|  |TAMS 0x0000000089900000, 0x0000000089800000| Complete 
| 153|0x0000000089900000, 0x0000000089a00000, 0x0000000089a00000|100%| O|  |TAMS 0x0000000089900000, 0x0000000089900000| Untracked 
| 154|0x0000000089a00000, 0x0000000089b00000, 0x0000000089b00000|100%| O|  |TAMS 0x0000000089b00000, 0x0000000089a00000| Untracked 
| 155|0x0000000089b00000, 0x0000000089c00000, 0x0000000089c00000|100%| O|  |TAMS 0x0000000089c00000, 0x0000000089b00000| Complete 
| 156|0x0000000089c00000, 0x0000000089d00000, 0x0000000089d00000|100%| O|  |TAMS 0x0000000089d00000, 0x0000000089c00000| Untracked 
| 157|0x0000000089d00000, 0x0000000089e00000, 0x0000000089e00000|100%| O|  |TAMS 0x0000000089e00000, 0x0000000089d00000| Untracked 
| 158|0x0000000089e00000, 0x0000000089f00000, 0x0000000089f00000|100%| O|  |TAMS 0x0000000089f00000, 0x0000000089e00000| Untracked 
| 159|0x0000000089f00000, 0x000000008a000000, 0x000000008a000000|100%| O|  |TAMS 0x000000008a000000, 0x0000000089f00000| Untracked 
| 160|0x000000008a000000, 0x000000008a100000, 0x000000008a100000|100%| O|  |TAMS 0x000000008a100000, 0x000000008a000000| Untracked 
| 161|0x000000008a100000, 0x000000008a200000, 0x000000008a200000|100%| O|  |TAMS 0x000000008a200000, 0x000000008a100000| Untracked 
| 162|0x000000008a200000, 0x000000008a200000, 0x000000008a300000|  0%| F|  |TAMS 0x000000008a200000, 0x000000008a200000| Untracked 
| 163|0x000000008a300000, 0x000000008a400000, 0x000000008a400000|100%| O|  |TAMS 0x000000008a400000, 0x000000008a300000| Untracked 
| 164|0x000000008a400000, 0x000000008a500000, 0x000000008a500000|100%| O|  |TAMS 0x000000008a400000, 0x000000008a400000| Untracked 
| 165|0x000000008a500000, 0x000000008a600000, 0x000000008a600000|100%| O|  |TAMS 0x000000008a600000, 0x000000008a500000| Untracked 
| 166|0x000000008a600000, 0x000000008a700000, 0x000000008a700000|100%| O|  |TAMS 0x000000008a700000, 0x000000008a600000| Untracked 
| 167|0x000000008a700000, 0x000000008a800000, 0x000000008a800000|100%| O|  |TAMS 0x000000008a800000, 0x000000008a700000| Untracked 
| 168|0x000000008a800000, 0x000000008a900000, 0x000000008a900000|100%| O|  |TAMS 0x000000008a900000, 0x000000008a800000| Untracked 
| 169|0x000000008a900000, 0x000000008aa00000, 0x000000008aa00000|100%| O|  |TAMS 0x000000008a900000, 0x000000008a900000| Untracked 
| 170|0x000000008aa00000, 0x000000008ab00000, 0x000000008ab00000|100%| O|  |TAMS 0x000000008ab00000, 0x000000008aa00000| Untracked 
| 171|0x000000008ab00000, 0x000000008ac00000, 0x000000008ac00000|100%| O|  |TAMS 0x000000008ac00000, 0x000000008ab00000| Untracked 
| 172|0x000000008ac00000, 0x000000008ad00000, 0x000000008ad00000|100%| O|  |TAMS 0x000000008ad00000, 0x000000008ac00000| Untracked 
| 173|0x000000008ad00000, 0x000000008ae00000, 0x000000008ae00000|100%| O|  |TAMS 0x000000008ae00000, 0x000000008ad00000| Untracked 
| 174|0x000000008ae00000, 0x000000008af00000, 0x000000008af00000|100%| O|  |TAMS 0x000000008ae00000, 0x000000008ae00000| Untracked 
| 175|0x000000008af00000, 0x000000008b000000, 0x000000008b000000|100%| O|  |TAMS 0x000000008b000000, 0x000000008af00000| Untracked 
| 176|0x000000008b000000, 0x000000008b100000, 0x000000008b100000|100%| O|  |TAMS 0x000000008b100000, 0x000000008b000000| Untracked 
| 177|0x000000008b100000, 0x000000008b200000, 0x000000008b200000|100%| O|  |TAMS 0x000000008b200000, 0x000000008b100000| Untracked 
| 178|0x000000008b200000, 0x000000008b2de000, 0x000000008b300000| 86%| O|  |TAMS 0x000000008b200000, 0x000000008b200000| Untracked 
| 179|0x000000008b300000, 0x000000008b400000, 0x000000008b400000|100%| O|  |TAMS 0x000000008b300000, 0x000000008b300000| Untracked 
| 180|0x000000008b400000, 0x000000008b400000, 0x000000008b500000|  0%| F|  |TAMS 0x000000008b400000, 0x000000008b400000| Untracked 
| 181|0x000000008b500000, 0x000000008b500000, 0x000000008b600000|  0%| F|  |TAMS 0x000000008b500000, 0x000000008b500000| Untracked 
| 182|0x000000008b600000, 0x000000008b600000, 0x000000008b700000|  0%| F|  |TAMS 0x000000008b600000, 0x000000008b600000| Untracked 
| 183|0x000000008b700000, 0x000000008b700000, 0x000000008b800000|  0%| F|  |TAMS 0x000000008b700000, 0x000000008b700000| Untracked 
| 184|0x000000008b800000, 0x000000008b800000, 0x000000008b900000|  0%| F|  |TAMS 0x000000008b800000, 0x000000008b800000| Untracked 
| 185|0x000000008b900000, 0x000000008b900000, 0x000000008ba00000|  0%| F|  |TAMS 0x000000008b900000, 0x000000008b900000| Untracked 
| 186|0x000000008ba00000, 0x000000008ba00000, 0x000000008bb00000|  0%| F|  |TAMS 0x000000008ba00000, 0x000000008ba00000| Untracked 
| 187|0x000000008bb00000, 0x000000008bb00000, 0x000000008bc00000|  0%| F|  |TAMS 0x000000008bb00000, 0x000000008bb00000| Untracked 
| 188|0x000000008bc00000, 0x000000008bc00000, 0x000000008bd00000|  0%| F|  |TAMS 0x000000008bc00000, 0x000000008bc00000| Untracked 
| 189|0x000000008bd00000, 0x000000008bd00000, 0x000000008be00000|  0%| F|  |TAMS 0x000000008bd00000, 0x000000008bd00000| Untracked 
| 190|0x000000008be00000, 0x000000008be00000, 0x000000008bf00000|  0%| F|  |TAMS 0x000000008be00000, 0x000000008be00000| Untracked 
| 191|0x000000008bf00000, 0x000000008bf00000, 0x000000008c000000|  0%| F|  |TAMS 0x000000008bf00000, 0x000000008bf00000| Untracked 
| 192|0x000000008c000000, 0x000000008c000000, 0x000000008c100000|  0%| F|  |TAMS 0x000000008c000000, 0x000000008c000000| Untracked 
| 193|0x000000008c100000, 0x000000008c100000, 0x000000008c200000|  0%| F|  |TAMS 0x000000008c100000, 0x000000008c100000| Untracked 
| 194|0x000000008c200000, 0x000000008c200000, 0x000000008c300000|  0%| F|  |TAMS 0x000000008c200000, 0x000000008c200000| Untracked 
| 195|0x000000008c300000, 0x000000008c300000, 0x000000008c400000|  0%| F|  |TAMS 0x000000008c300000, 0x000000008c300000| Untracked 
| 196|0x000000008c400000, 0x000000008c400000, 0x000000008c500000|  0%| F|  |TAMS 0x000000008c400000, 0x000000008c400000| Untracked 
| 197|0x000000008c500000, 0x000000008c500000, 0x000000008c600000|  0%| F|  |TAMS 0x000000008c500000, 0x000000008c500000| Untracked 
| 198|0x000000008c600000, 0x000000008c600000, 0x000000008c700000|  0%| F|  |TAMS 0x000000008c600000, 0x000000008c600000| Untracked 
| 199|0x000000008c700000, 0x000000008c700000, 0x000000008c800000|  0%| F|  |TAMS 0x000000008c700000, 0x000000008c700000| Untracked 
| 200|0x000000008c800000, 0x000000008c800000, 0x000000008c900000|  0%| F|  |TAMS 0x000000008c800000, 0x000000008c800000| Untracked 
| 201|0x000000008c900000, 0x000000008c900000, 0x000000008ca00000|  0%| F|  |TAMS 0x000000008c900000, 0x000000008c900000| Untracked 
| 202|0x000000008ca00000, 0x000000008ca00000, 0x000000008cb00000|  0%| F|  |TAMS 0x000000008ca00000, 0x000000008ca00000| Untracked 
| 203|0x000000008cb00000, 0x000000008cb00000, 0x000000008cc00000|  0%| F|  |TAMS 0x000000008cb00000, 0x000000008cb00000| Untracked 
| 204|0x000000008cc00000, 0x000000008cc00000, 0x000000008cd00000|  0%| F|  |TAMS 0x000000008cc00000, 0x000000008cc00000| Untracked 
| 205|0x000000008cd00000, 0x000000008cd00000, 0x000000008ce00000|  0%| F|  |TAMS 0x000000008cd00000, 0x000000008cd00000| Untracked 
| 206|0x000000008ce00000, 0x000000008ce00000, 0x000000008cf00000|  0%| F|  |TAMS 0x000000008ce00000, 0x000000008ce00000| Untracked 
| 207|0x000000008cf00000, 0x000000008cf00000, 0x000000008d000000|  0%| F|  |TAMS 0x000000008cf00000, 0x000000008cf00000| Untracked 
| 208|0x000000008d000000, 0x000000008d000000, 0x000000008d100000|  0%| F|  |TAMS 0x000000008d000000, 0x000000008d000000| Untracked 
| 209|0x000000008d100000, 0x000000008d100000, 0x000000008d200000|  0%| F|  |TAMS 0x000000008d100000, 0x000000008d100000| Untracked 
| 210|0x000000008d200000, 0x000000008d200000, 0x000000008d300000|  0%| F|  |TAMS 0x000000008d200000, 0x000000008d200000| Untracked 
| 211|0x000000008d300000, 0x000000008d300000, 0x000000008d400000|  0%| F|  |TAMS 0x000000008d300000, 0x000000008d300000| Untracked 
| 212|0x000000008d400000, 0x000000008d400000, 0x000000008d500000|  0%| F|  |TAMS 0x000000008d400000, 0x000000008d400000| Untracked 
| 213|0x000000008d500000, 0x000000008d500000, 0x000000008d600000|  0%| F|  |TAMS 0x000000008d500000, 0x000000008d500000| Untracked 
| 214|0x000000008d600000, 0x000000008d600000, 0x000000008d700000|  0%| F|  |TAMS 0x000000008d600000, 0x000000008d600000| Untracked 
| 215|0x000000008d700000, 0x000000008d700000, 0x000000008d800000|  0%| F|  |TAMS 0x000000008d700000, 0x000000008d700000| Untracked 
| 216|0x000000008d800000, 0x000000008d800000, 0x000000008d900000|  0%| F|  |TAMS 0x000000008d800000, 0x000000008d800000| Untracked 
| 217|0x000000008d900000, 0x000000008d900000, 0x000000008da00000|  0%| F|  |TAMS 0x000000008d900000, 0x000000008d900000| Untracked 
| 218|0x000000008da00000, 0x000000008da00000, 0x000000008db00000|  0%| F|  |TAMS 0x000000008da00000, 0x000000008da00000| Untracked 
| 219|0x000000008db00000, 0x000000008db00000, 0x000000008dc00000|  0%| F|  |TAMS 0x000000008db00000, 0x000000008db00000| Untracked 
| 220|0x000000008dc00000, 0x000000008dc00000, 0x000000008dd00000|  0%| F|  |TAMS 0x000000008dc00000, 0x000000008dc00000| Untracked 
| 221|0x000000008dd00000, 0x000000008dd00000, 0x000000008de00000|  0%| F|  |TAMS 0x000000008dd00000, 0x000000008dd00000| Untracked 
| 222|0x000000008de00000, 0x000000008de00000, 0x000000008df00000|  0%| F|  |TAMS 0x000000008de00000, 0x000000008de00000| Untracked 
| 223|0x000000008df00000, 0x000000008df00000, 0x000000008e000000|  0%| F|  |TAMS 0x000000008df00000, 0x000000008df00000| Untracked 
| 224|0x000000008e000000, 0x000000008e000000, 0x000000008e100000|  0%| F|  |TAMS 0x000000008e000000, 0x000000008e000000| Untracked 
| 225|0x000000008e100000, 0x000000008e100000, 0x000000008e200000|  0%| F|  |TAMS 0x000000008e100000, 0x000000008e100000| Untracked 
| 226|0x000000008e200000, 0x000000008e200000, 0x000000008e300000|  0%| F|  |TAMS 0x000000008e200000, 0x000000008e200000| Untracked 
| 227|0x000000008e300000, 0x000000008e300000, 0x000000008e400000|  0%| F|  |TAMS 0x000000008e300000, 0x000000008e300000| Untracked 
| 228|0x000000008e400000, 0x000000008e400000, 0x000000008e500000|  0%| F|  |TAMS 0x000000008e400000, 0x000000008e400000| Untracked 
| 229|0x000000008e500000, 0x000000008e500000, 0x000000008e600000|  0%| F|  |TAMS 0x000000008e500000, 0x000000008e500000| Untracked 
| 230|0x000000008e600000, 0x000000008e600000, 0x000000008e700000|  0%| F|  |TAMS 0x000000008e600000, 0x000000008e600000| Untracked 
| 231|0x000000008e700000, 0x000000008e700000, 0x000000008e800000|  0%| F|  |TAMS 0x000000008e700000, 0x000000008e700000| Untracked 
| 232|0x000000008e800000, 0x000000008e800000, 0x000000008e900000|  0%| F|  |TAMS 0x000000008e800000, 0x000000008e800000| Untracked 
| 233|0x000000008e900000, 0x000000008e900000, 0x000000008ea00000|  0%| F|  |TAMS 0x000000008e900000, 0x000000008e900000| Untracked 
| 234|0x000000008ea00000, 0x000000008ea00000, 0x000000008eb00000|  0%| F|  |TAMS 0x000000008ea00000, 0x000000008ea00000| Untracked 
| 235|0x000000008eb00000, 0x000000008eb00000, 0x000000008ec00000|  0%| F|  |TAMS 0x000000008eb00000, 0x000000008eb00000| Untracked 
| 236|0x000000008ec00000, 0x000000008ec00000, 0x000000008ed00000|  0%| F|  |TAMS 0x000000008ec00000, 0x000000008ec00000| Untracked 
| 237|0x000000008ed00000, 0x000000008ed00000, 0x000000008ee00000|  0%| F|  |TAMS 0x000000008ed00000, 0x000000008ed00000| Untracked 
| 238|0x000000008ee00000, 0x000000008ee00000, 0x000000008ef00000|  0%| F|  |TAMS 0x000000008ee00000, 0x000000008ee00000| Untracked 
| 239|0x000000008ef00000, 0x000000008ef00000, 0x000000008f000000|  0%| F|  |TAMS 0x000000008ef00000, 0x000000008ef00000| Untracked 
| 240|0x000000008f000000, 0x000000008f000000, 0x000000008f100000|  0%| F|  |TAMS 0x000000008f000000, 0x000000008f000000| Untracked 
| 241|0x000000008f100000, 0x000000008f100000, 0x000000008f200000|  0%| F|  |TAMS 0x000000008f100000, 0x000000008f100000| Untracked 
| 242|0x000000008f200000, 0x000000008f200000, 0x000000008f300000|  0%| F|  |TAMS 0x000000008f200000, 0x000000008f200000| Untracked 
| 243|0x000000008f300000, 0x000000008f300000, 0x000000008f400000|  0%| F|  |TAMS 0x000000008f300000, 0x000000008f300000| Untracked 
| 244|0x000000008f400000, 0x000000008f400000, 0x000000008f500000|  0%| F|  |TAMS 0x000000008f400000, 0x000000008f400000| Untracked 
| 245|0x000000008f500000, 0x000000008f500000, 0x000000008f600000|  0%| F|  |TAMS 0x000000008f500000, 0x000000008f500000| Untracked 
| 246|0x000000008f600000, 0x000000008f600000, 0x000000008f700000|  0%| F|  |TAMS 0x000000008f600000, 0x000000008f600000| Untracked 
| 247|0x000000008f700000, 0x000000008f700000, 0x000000008f800000|  0%| F|  |TAMS 0x000000008f700000, 0x000000008f700000| Untracked 
| 248|0x000000008f800000, 0x000000008f800000, 0x000000008f900000|  0%| F|  |TAMS 0x000000008f800000, 0x000000008f800000| Untracked 
| 249|0x000000008f900000, 0x000000008f900000, 0x000000008fa00000|  0%| F|  |TAMS 0x000000008f900000, 0x000000008f900000| Untracked 
| 250|0x000000008fa00000, 0x000000008fa00000, 0x000000008fb00000|  0%| F|  |TAMS 0x000000008fa00000, 0x000000008fa00000| Untracked 
| 251|0x000000008fb00000, 0x000000008fb00000, 0x000000008fc00000|  0%| F|  |TAMS 0x000000008fb00000, 0x000000008fb00000| Untracked 
| 252|0x000000008fc00000, 0x000000008fc00000, 0x000000008fd00000|  0%| F|  |TAMS 0x000000008fc00000, 0x000000008fc00000| Untracked 
| 253|0x000000008fd00000, 0x000000008fd00000, 0x000000008fe00000|  0%| F|  |TAMS 0x000000008fd00000, 0x000000008fd00000| Untracked 
| 254|0x000000008fe00000, 0x000000008fe00000, 0x000000008ff00000|  0%| F|  |TAMS 0x000000008fe00000, 0x000000008fe00000| Untracked 
| 255|0x000000008ff00000, 0x000000008ff00000, 0x0000000090000000|  0%| F|  |TAMS 0x000000008ff00000, 0x000000008ff00000| Untracked 
| 256|0x0000000090000000, 0x0000000090000000, 0x0000000090100000|  0%| F|  |TAMS 0x0000000090000000, 0x0000000090000000| Untracked 
| 257|0x0000000090100000, 0x0000000090100000, 0x0000000090200000|  0%| F|  |TAMS 0x0000000090100000, 0x0000000090100000| Untracked 
| 258|0x0000000090200000, 0x0000000090200000, 0x0000000090300000|  0%| F|  |TAMS 0x0000000090200000, 0x0000000090200000| Untracked 
| 259|0x0000000090300000, 0x0000000090300000, 0x0000000090400000|  0%| F|  |TAMS 0x0000000090300000, 0x0000000090300000| Untracked 
| 260|0x0000000090400000, 0x0000000090400000, 0x0000000090500000|  0%| F|  |TAMS 0x0000000090400000, 0x0000000090400000| Untracked 
| 261|0x0000000090500000, 0x0000000090500000, 0x0000000090600000|  0%| F|  |TAMS 0x0000000090500000, 0x0000000090500000| Untracked 
| 262|0x0000000090600000, 0x0000000090600000, 0x0000000090700000|  0%| F|  |TAMS 0x0000000090600000, 0x0000000090600000| Untracked 
| 263|0x0000000090700000, 0x0000000090700000, 0x0000000090800000|  0%| F|  |TAMS 0x0000000090700000, 0x0000000090700000| Untracked 
| 264|0x0000000090800000, 0x0000000090800000, 0x0000000090900000|  0%| F|  |TAMS 0x0000000090800000, 0x0000000090800000| Untracked 
| 265|0x0000000090900000, 0x0000000090900000, 0x0000000090a00000|  0%| F|  |TAMS 0x0000000090900000, 0x0000000090900000| Untracked 
| 266|0x0000000090a00000, 0x0000000090a00000, 0x0000000090b00000|  0%| F|  |TAMS 0x0000000090a00000, 0x0000000090a00000| Untracked 
| 267|0x0000000090b00000, 0x0000000090b00000, 0x0000000090c00000|  0%| F|  |TAMS 0x0000000090b00000, 0x0000000090b00000| Untracked 
| 268|0x0000000090c00000, 0x0000000090c00000, 0x0000000090d00000|  0%| F|  |TAMS 0x0000000090c00000, 0x0000000090c00000| Untracked 
| 269|0x0000000090d00000, 0x0000000090d00000, 0x0000000090e00000|  0%| F|  |TAMS 0x0000000090d00000, 0x0000000090d00000| Untracked 
| 270|0x0000000090e00000, 0x0000000090e00000, 0x0000000090f00000|  0%| F|  |TAMS 0x0000000090e00000, 0x0000000090e00000| Untracked 
| 271|0x0000000090f00000, 0x0000000090f00000, 0x0000000091000000|  0%| F|  |TAMS 0x0000000090f00000, 0x0000000090f00000| Untracked 
| 272|0x0000000091000000, 0x0000000091000000, 0x0000000091100000|  0%| F|  |TAMS 0x0000000091000000, 0x0000000091000000| Untracked 
| 273|0x0000000091100000, 0x0000000091100000, 0x0000000091200000|  0%| F|  |TAMS 0x0000000091100000, 0x0000000091100000| Untracked 
| 274|0x0000000091200000, 0x0000000091200000, 0x0000000091300000|  0%| F|  |TAMS 0x0000000091200000, 0x0000000091200000| Untracked 
| 275|0x0000000091300000, 0x0000000091300000, 0x0000000091400000|  0%| F|  |TAMS 0x0000000091300000, 0x0000000091300000| Untracked 
| 276|0x0000000091400000, 0x0000000091400000, 0x0000000091500000|  0%| F|  |TAMS 0x0000000091400000, 0x0000000091400000| Untracked 
| 277|0x0000000091500000, 0x0000000091500000, 0x0000000091600000|  0%| F|  |TAMS 0x0000000091500000, 0x0000000091500000| Untracked 
| 278|0x0000000091600000, 0x0000000091600000, 0x0000000091700000|  0%| F|  |TAMS 0x0000000091600000, 0x0000000091600000| Untracked 
| 279|0x0000000091700000, 0x0000000091700000, 0x0000000091800000|  0%| F|  |TAMS 0x0000000091700000, 0x0000000091700000| Untracked 
| 280|0x0000000091800000, 0x0000000091800000, 0x0000000091900000|  0%| F|  |TAMS 0x0000000091800000, 0x0000000091800000| Untracked 
| 281|0x0000000091900000, 0x0000000091900000, 0x0000000091a00000|  0%| F|  |TAMS 0x0000000091900000, 0x0000000091900000| Untracked 
| 282|0x0000000091a00000, 0x0000000091a00000, 0x0000000091b00000|  0%| F|  |TAMS 0x0000000091a00000, 0x0000000091a00000| Untracked 
| 283|0x0000000091b00000, 0x0000000091b00000, 0x0000000091c00000|  0%| F|  |TAMS 0x0000000091b00000, 0x0000000091b00000| Untracked 
| 284|0x0000000091c00000, 0x0000000091c00000, 0x0000000091d00000|  0%| F|  |TAMS 0x0000000091c00000, 0x0000000091c00000| Untracked 
| 285|0x0000000091d00000, 0x0000000091d00000, 0x0000000091e00000|  0%| F|  |TAMS 0x0000000091d00000, 0x0000000091d00000| Untracked 
| 286|0x0000000091e00000, 0x0000000091edff20, 0x0000000091f00000| 87%| S|CS|TAMS 0x0000000091e00000, 0x0000000091e00000| Complete 
| 287|0x0000000091f00000, 0x0000000092000000, 0x0000000092000000|100%| S|CS|TAMS 0x0000000091f00000, 0x0000000091f00000| Complete 
| 288|0x0000000092000000, 0x0000000092000000, 0x0000000092100000|  0%| F|  |TAMS 0x0000000092000000, 0x0000000092000000| Untracked 
| 289|0x0000000092100000, 0x0000000092100000, 0x0000000092200000|  0%| F|  |TAMS 0x0000000092100000, 0x0000000092100000| Untracked 
| 290|0x0000000092200000, 0x0000000092200000, 0x0000000092300000|  0%| F|  |TAMS 0x0000000092200000, 0x0000000092200000| Untracked 
| 291|0x0000000092300000, 0x0000000092300000, 0x0000000092400000|  0%| F|  |TAMS 0x0000000092300000, 0x0000000092300000| Untracked 
| 292|0x0000000092400000, 0x0000000092432190, 0x0000000092500000| 19%| E|  |TAMS 0x0000000092400000, 0x0000000092400000| Complete 
| 293|0x0000000092500000, 0x0000000092600000, 0x0000000092600000|100%| E|CS|TAMS 0x0000000092500000, 0x0000000092500000| Complete 
| 294|0x0000000092600000, 0x0000000092700000, 0x0000000092700000|100%| E|CS|TAMS 0x0000000092600000, 0x0000000092600000| Complete 
| 295|0x0000000092700000, 0x0000000092800000, 0x0000000092800000|100%| E|CS|TAMS 0x0000000092700000, 0x0000000092700000| Complete 
| 296|0x0000000092800000, 0x0000000092900000, 0x0000000092900000|100%| E|CS|TAMS 0x0000000092800000, 0x0000000092800000| Complete 
| 297|0x0000000092900000, 0x0000000092a00000, 0x0000000092a00000|100%| E|CS|TAMS 0x0000000092900000, 0x0000000092900000| Complete 
| 298|0x0000000092a00000, 0x0000000092b00000, 0x0000000092b00000|100%| E|CS|TAMS 0x0000000092a00000, 0x0000000092a00000| Complete 
| 299|0x0000000092b00000, 0x0000000092c00000, 0x0000000092c00000|100%| E|CS|TAMS 0x0000000092b00000, 0x0000000092b00000| Complete 
| 300|0x0000000092c00000, 0x0000000092d00000, 0x0000000092d00000|100%| E|CS|TAMS 0x0000000092c00000, 0x0000000092c00000| Complete 
|2047|0x00000000fff00000, 0x0000000100000000, 0x0000000100000000|100%| O|  |TAMS 0x0000000100000000, 0x00000000fff00000| Untracked 

Card table byte_map: [0x0000016ca29b0000,0x0000016ca2db0000] _byte_map_base: 0x0000016ca25b0000

Marking Bits (Prev, Next): (CMBitMap*) 0x0000016c90543ab0, (CMBitMap*) 0x0000016c90543a70
 Prev Bits: [0x0000016ca51b0000, 0x0000016ca71b0000)
 Next Bits: [0x0000016ca31b0000, 0x0000016ca51b0000)

Polling page: 0x0000016c8e470000

Metaspace:

Usage:
  Non-class:     95.90 MB used.
      Class:     14.61 MB used.
       Both:    110.51 MB used.

Virtual space:
  Non-class space:      104.00 MB reserved,      96.31 MB ( 93%) committed,  13 nodes.
      Class space:        1.00 GB reserved,      15.00 MB (  1%) committed,  1 nodes.
             Both:        1.10 GB reserved,     111.31 MB ( 10%) committed. 

Chunk freelists:
   Non-Class:  3.58 MB
       Class:  913.00 KB
        Both:  4.47 MB

MaxMetaspaceSize: unlimited
CompressedClassSpaceSize: 1.00 GB
Initial GC threshold: 21.00 MB
Current GC threshold: 183.88 MB
CDS: off
MetaspaceReclaimPolicy: balanced
 - commit_granule_bytes: 65536.
 - commit_granule_words: 8192.
 - virtual_space_node_default_size: 1048576.
 - enlarge_chunks_in_place: 1.
 - new_chunks_are_fully_committed: 0.
 - uncommit_free_chunks: 1.
 - use_allocation_guard: 0.
 - handle_deallocations: 1.


Internal statistics:

num_allocs_failed_limit: 3.
num_arena_births: 1472.
num_arena_deaths: 266.
num_vsnodes_births: 14.
num_vsnodes_deaths: 0.
num_space_committed: 1781.
num_space_uncommitted: 0.
num_chunks_returned_to_freelist: 343.
num_chunks_taken_from_freelist: 5914.
num_chunk_merges: 98.
num_chunk_splits: 3645.
num_chunks_enlarged: 2254.
num_purges: 12.
num_inconsistent_stats: 0.

CodeHeap 'non-profiled nmethods': size=120064Kb used=9657Kb max_used=9657Kb free=110406Kb
 bounds [0x0000016c9b470000, 0x0000016c9bde0000, 0x0000016ca29b0000]
CodeHeap 'profiled nmethods': size=120000Kb used=27687Kb max_used=27687Kb free=92312Kb
 bounds [0x0000016c939b0000, 0x0000016c954c0000, 0x0000016c9aee0000]
CodeHeap 'non-nmethods': size=5696Kb used=2460Kb max_used=2515Kb free=3235Kb
 bounds [0x0000016c9aee0000, 0x0000016c9b160000, 0x0000016c9b470000]
 total_blobs=14821 nmethods=13817 adapters=916
 compilation: enabled
              stopped_count=0, restarted_count=0
 full_count=0

Compilation events (20 events):
Event: 6400.452 Thread 0x0000016ca95a7340 nmethod 16166 0x0000016c9bddd690 code [0x0000016c9bddd860, 0x0000016c9bdde038]
Event: 6400.454 Thread 0x0000016ca95ce950 16168       3       org.gradle.api.internal.tasks.properties.DefaultTypeMetadataStore$DefaultTypeMetadata::visitValidationFailures (10 bytes)
Event: 6400.455 Thread 0x0000016ca95ce950 nmethod 16168 0x0000016c954b2090 code [0x0000016c954b22a0, 0x0000016c954b2998]
Event: 6400.459 Thread 0x0000016ca95a7340 16169   !   4       java.util.jar.JarFile::getManifestFromReference (197 bytes)
Event: 6400.474 Thread 0x0000016ca95ce950 16170       3       org.gradle.execution.plan.LocalTaskNode::compareTo (9 bytes)
Event: 6400.474 Thread 0x0000016ca95ce950 nmethod 16170 0x0000016c954b2c90 code [0x0000016c954b2e80, 0x0000016c954b3628]
Event: 6400.475 Thread 0x0000016ca95ce950 16171   !   3       jdk.proxy1.$Proxy34::hashCode (32 bytes)
Event: 6400.476 Thread 0x0000016ca95ce950 nmethod 16171 0x0000016c954b3810 code [0x0000016c954b39e0, 0x0000016c954b3dd8]
Event: 6400.499 Thread 0x0000016ca95ce950 16172       3       org.gradle.internal.reflect.annotations.impl.DefaultTypeAnnotationMetadataStore::mergePropertiesAndFieldMetadata (190 bytes)
Event: 6400.503 Thread 0x0000016ca95ce950 nmethod 16172 0x0000016c954b4010 code [0x0000016c954b4560, 0x0000016c954b7728]
Event: 6400.508 Thread 0x0000016ca95ce950 16173       3       com.google.common.collect.ImmutableList::copyOf (32 bytes)
Event: 6400.509 Thread 0x0000016ca95ce950 nmethod 16173 0x0000016c954b8810 code [0x0000016c954b8a00, 0x0000016c954b8fd8]
Event: 6400.511 Thread 0x0000016ca95ce950 16174       3       org.gradle.api.internal.tasks.DefaultTaskInputs$1::visitInputProperty (16 bytes)
Event: 6400.512 Thread 0x0000016ca95ce950 nmethod 16174 0x0000016c954b9190 code [0x0000016c954b9340, 0x0000016c954b95d8]
Event: 6400.519 Thread 0x0000016ca95ce950 16175       3       org.gradle.model.internal.asm.MethodVisitorScope::_ICONST_0 (6 bytes)
Event: 6400.519 Thread 0x0000016ca95ce950 nmethod 16175 0x0000016c954b9710 code [0x0000016c954b98c0, 0x0000016c954b9b28]
Event: 6400.522 Thread 0x0000016ca95ce950 16176       3       org.gradle.api.internal.tasks.DefaultTaskContainer$RealizeDetails::getTaskId (8 bytes)
Event: 6400.523 Thread 0x0000016ca95ce950 nmethod 16176 0x0000016c954b9c10 code [0x0000016c954b9da0, 0x0000016c954b9eb8]
Event: 6400.523 Thread 0x0000016ca95ce950 16177       1       com.android.build.gradle.internal.CompileOptions$AgpDecorated::getTargetCompatibility (5 bytes)
Event: 6400.523 Thread 0x0000016ca95ce950 nmethod 16177 0x0000016c9bdde490 code [0x0000016c9bdde620, 0x0000016c9bdde6f8]

GC Heap History (20 events):
Event: 69.889 GC heap before
{Heap before GC invocations=68 (full 0):
 garbage-first heap   total 283648K, used 236944K [0x0000000080000000, 0x0000000100000000)
  region size 1024K, 61 young (62464K), 5 survivors (5120K)
 Metaspace       used 109019K, committed 109824K, reserved 1146880K
  class space    used 14507K, committed 14912K, reserved 1048576K
}
Event: 69.910 GC heap after
{Heap after GC invocations=69 (full 0):
 garbage-first heap   total 283648K, used 182667K [0x0000000080000000, 0x0000000100000000)
  region size 1024K, 8 young (8192K), 8 survivors (8192K)
 Metaspace       used 109019K, committed 109824K, reserved 1146880K
  class space    used 14507K, committed 14912K, reserved 1048576K
}
Event: 1907.038 GC heap before
{Heap before GC invocations=70 (full 0):
 garbage-first heap   total 309248K, used 236939K [0x0000000080000000, 0x0000000100000000)
  region size 1024K, 61 young (62464K), 8 survivors (8192K)
 Metaspace       used 111240K, committed 112192K, reserved 1146880K
  class space    used 14787K, committed 15232K, reserved 1048576K
}
Event: 1907.499 GC heap after
{Heap after GC invocations=71 (full 0):
 garbage-first heap   total 309248K, used 184157K [0x0000000080000000, 0x0000000100000000)
  region size 1024K, 5 young (5120K), 5 survivors (5120K)
 Metaspace       used 111240K, committed 112192K, reserved 1146880K
  class space    used 14787K, committed 15232K, reserved 1048576K
}
Event: 2430.029 GC heap before
{Heap before GC invocations=71 (full 0):
 garbage-first heap   total 309248K, used 194397K [0x0000000080000000, 0x0000000100000000)
  region size 1024K, 15 young (15360K), 5 survivors (5120K)
 Metaspace       used 111249K, committed 112192K, reserved 1146880K
  class space    used 14787K, committed 15232K, reserved 1048576K
}
Event: 2430.273 GC heap after
{Heap after GC invocations=72 (full 0):
 garbage-first heap   total 309248K, used 184320K [0x0000000080000000, 0x0000000100000000)
  region size 1024K, 1 young (1024K), 1 survivors (1024K)
 Metaspace       used 111249K, committed 112192K, reserved 1146880K
  class space    used 14787K, committed 15232K, reserved 1048576K
}
Event: 5243.144 GC heap before
{Heap before GC invocations=72 (full 0):
 garbage-first heap   total 309248K, used 258048K [0x0000000080000000, 0x0000000100000000)
  region size 1024K, 73 young (74752K), 1 survivors (1024K)
 Metaspace       used 111512K, committed 112448K, reserved 1146880K
  class space    used 14813K, committed 15232K, reserved 1048576K
}
Event: 5243.207 GC heap after
{Heap after GC invocations=73 (full 0):
 garbage-first heap   total 309248K, used 185344K [0x0000000080000000, 0x0000000100000000)
  region size 1024K, 2 young (2048K), 2 survivors (2048K)
 Metaspace       used 111512K, committed 112448K, reserved 1146880K
  class space    used 14813K, committed 15232K, reserved 1048576K
}
Event: 5735.040 GC heap before
{Heap before GC invocations=73 (full 0):
 garbage-first heap   total 309248K, used 262144K [0x0000000080000000, 0x0000000100000000)
  region size 1024K, 78 young (79872K), 2 survivors (2048K)
 Metaspace       used 112018K, committed 112960K, reserved 1146880K
  class space    used 14835K, committed 15296K, reserved 1048576K
}
Event: 5735.451 GC heap after
{Heap after GC invocations=74 (full 0):
 garbage-first heap   total 309248K, used 183801K [0x0000000080000000, 0x0000000100000000)
  region size 1024K, 1 young (1024K), 1 survivors (1024K)
 Metaspace       used 112018K, committed 112960K, reserved 1146880K
  class space    used 14835K, committed 15296K, reserved 1048576K
}
Event: 6342.427 GC heap before
{Heap before GC invocations=75 (full 0):
 garbage-first heap   total 309248K, used 198137K [0x0000000080000000, 0x0000000100000000)
  region size 1024K, 15 young (15360K), 1 survivors (1024K)
 Metaspace       used 111670K, committed 113024K, reserved 1146880K
  class space    used 14757K, committed 15296K, reserved 1048576K
}
Event: 6342.722 GC heap after
{Heap after GC invocations=76 (full 0):
 garbage-first heap   total 309248K, used 184189K [0x0000000080000000, 0x0000000100000000)
  region size 1024K, 1 young (1024K), 1 survivors (1024K)
 Metaspace       used 111670K, committed 113024K, reserved 1146880K
  class space    used 14757K, committed 15296K, reserved 1048576K
}
Event: 6353.704 GC heap before
{Heap before GC invocations=76 (full 0):
 garbage-first heap   total 309248K, used 198525K [0x0000000080000000, 0x0000000100000000)
  region size 1024K, 15 young (15360K), 1 survivors (1024K)
 Metaspace       used 111750K, committed 113024K, reserved 1146880K
  class space    used 14774K, committed 15296K, reserved 1048576K
}
Event: 6353.794 GC heap after
{Heap after GC invocations=77 (full 0):
 garbage-first heap   total 309248K, used 183820K [0x0000000080000000, 0x0000000100000000)
  region size 1024K, 2 young (2048K), 2 survivors (2048K)
 Metaspace       used 111750K, committed 113024K, reserved 1146880K
  class space    used 14774K, committed 15296K, reserved 1048576K
}
Event: 6362.204 GC heap before
{Heap before GC invocations=77 (full 0):
 garbage-first heap   total 309248K, used 197132K [0x0000000080000000, 0x0000000100000000)
  region size 1024K, 15 young (15360K), 2 survivors (2048K)
 Metaspace       used 111819K, committed 113024K, reserved 1146880K
  class space    used 14782K, committed 15296K, reserved 1048576K
}
Event: 6362.309 GC heap after
{Heap after GC invocations=78 (full 0):
 garbage-first heap   total 309248K, used 183162K [0x0000000080000000, 0x0000000100000000)
  region size 1024K, 1 young (1024K), 1 survivors (1024K)
 Metaspace       used 111819K, committed 113024K, reserved 1146880K
  class space    used 14782K, committed 15296K, reserved 1048576K
}
Event: 6386.489 GC heap before
{Heap before GC invocations=78 (full 0):
 garbage-first heap   total 309248K, used 197498K [0x0000000080000000, 0x0000000100000000)
  region size 1024K, 15 young (15360K), 1 survivors (1024K)
 Metaspace       used 112251K, committed 113152K, reserved 1146880K
  class space    used 14839K, committed 15296K, reserved 1048576K
}
Event: 6386.954 GC heap after
{Heap after GC invocations=79 (full 0):
 garbage-first heap   total 309248K, used 184276K [0x0000000080000000, 0x0000000100000000)
  region size 1024K, 2 young (2048K), 2 survivors (2048K)
 Metaspace       used 112251K, committed 113152K, reserved 1146880K
  class space    used 14839K, committed 15296K, reserved 1048576K
}
Event: 6393.193 GC heap before
{Heap before GC invocations=79 (full 0):
 garbage-first heap   total 309248K, used 197588K [0x0000000080000000, 0x0000000100000000)
  region size 1024K, 15 young (15360K), 2 survivors (2048K)
 Metaspace       used 112795K, committed 113664K, reserved 1155072K
  class space    used 14916K, committed 15360K, reserved 1048576K
}
Event: 6393.360 GC heap after
{Heap after GC invocations=80 (full 0):
 garbage-first heap   total 309248K, used 185079K [0x0000000080000000, 0x0000000100000000)
  region size 1024K, 2 young (2048K), 2 survivors (2048K)
 Metaspace       used 112795K, committed 113664K, reserved 1155072K
  class space    used 14916K, committed 15360K, reserved 1048576K
}

Dll operation events (2 events):
Event: 0.019 Loaded shared library C:\Program Files\Android\Android Studio1\jbr\bin\java.dll
Event: 2.083 Loaded shared library C:\Program Files\Android\Android Studio1\jbr\bin\verify.dll

Deoptimization events (20 events):
Event: 6386.021 Thread 0x0000016cb0d63700 Uncommon trap: trap_request=0xffffffbe fr.pc=0x0000016c9bda9bd8 relative=0x0000000000000db8
Event: 6386.021 Thread 0x0000016cb0d63700 Uncommon trap: reason=profile_predicate action=maybe_recompile pc=0x0000016c9bda9bd8 method=java.util.TimSort.mergeHi(IIII)V @ 191 c2
Event: 6386.021 Thread 0x0000016cb0d63700 DEOPT PACKING pc=0x0000016c9bda9bd8 sp=0x00000029ebff97f0
Event: 6386.021 Thread 0x0000016cb0d63700 DEOPT UNPACKING pc=0x0000016c9af369a3 sp=0x00000029ebff97b0 mode 2
Event: 6389.802 Thread 0x0000016cb0d63700 DEOPT PACKING pc=0x0000016c94c9d62e sp=0x00000029ebff95b0
Event: 6389.802 Thread 0x0000016cb0d63700 DEOPT UNPACKING pc=0x0000016c9af37143 sp=0x00000029ebff8a70 mode 0
Event: 6389.857 Thread 0x0000016cb0d63700 DEOPT PACKING pc=0x0000016c94b01288 sp=0x00000029ebff9600
Event: 6389.858 Thread 0x0000016cb0d63700 DEOPT UNPACKING pc=0x0000016c9af37143 sp=0x00000029ebff8ad0 mode 0
Event: 6389.858 Thread 0x0000016cb0d63700 DEOPT PACKING pc=0x0000016c94b01288 sp=0x00000029ebff9600
Event: 6389.858 Thread 0x0000016cb0d63700 DEOPT UNPACKING pc=0x0000016c9af37143 sp=0x00000029ebff8ad0 mode 0
Event: 6398.384 Thread 0x0000016cb0d63700 Uncommon trap: trap_request=0xffffffbe fr.pc=0x0000016c9bda9bd8 relative=0x0000000000000db8
Event: 6398.384 Thread 0x0000016cb0d63700 Uncommon trap: reason=profile_predicate action=maybe_recompile pc=0x0000016c9bda9bd8 method=java.util.TimSort.mergeHi(IIII)V @ 191 c2
Event: 6398.384 Thread 0x0000016cb0d63700 DEOPT PACKING pc=0x0000016c9bda9bd8 sp=0x00000029ebff9730
Event: 6398.384 Thread 0x0000016cb0d63700 DEOPT UNPACKING pc=0x0000016c9af369a3 sp=0x00000029ebff96f0 mode 2
Event: 6399.883 Thread 0x0000016cb0d63700 DEOPT PACKING pc=0x0000016c94bbf1c4 sp=0x00000029ebff8ec0
Event: 6399.883 Thread 0x0000016cb0d63700 DEOPT UNPACKING pc=0x0000016c9af37143 sp=0x00000029ebff83d8 mode 0
Event: 6399.905 Thread 0x0000016cb0d63700 Uncommon trap: trap_request=0xffffffbe fr.pc=0x0000016c9bda9bd8 relative=0x0000000000000db8
Event: 6399.905 Thread 0x0000016cb0d63700 Uncommon trap: reason=profile_predicate action=maybe_recompile pc=0x0000016c9bda9bd8 method=java.util.TimSort.mergeHi(IIII)V @ 191 c2
Event: 6399.906 Thread 0x0000016cb0d63700 DEOPT PACKING pc=0x0000016c9bda9bd8 sp=0x00000029ebff9df0
Event: 6399.906 Thread 0x0000016cb0d63700 DEOPT UNPACKING pc=0x0000016c9af369a3 sp=0x00000029ebff9db0 mode 2

Classes unloaded (20 events):
Event: 5737.241 Thread 0x0000016ca94faf20 Unloading class 0x0000000100234c00 'java/lang/invoke/LambdaForm$BMH+0x0000000100234c00'
Event: 5737.242 Thread 0x0000016ca94faf20 Unloading class 0x00000001001ba400 'java/lang/invoke/LambdaForm$DMH+0x00000001001ba400'
Event: 5737.242 Thread 0x0000016ca94faf20 Unloading class 0x00000001001b9c00 'java/lang/invoke/LambdaForm$DMH+0x00000001001b9c00'
Event: 5737.243 Thread 0x0000016ca94faf20 Unloading class 0x00000001001b9800 'java/lang/invoke/LambdaForm$MH+0x00000001001b9800'
Event: 5737.243 Thread 0x0000016ca94faf20 Unloading class 0x00000001001b9400 'java/lang/invoke/LambdaForm$MH+0x00000001001b9400'
Event: 5737.243 Thread 0x0000016ca94faf20 Unloading class 0x00000001001b9000 'java/lang/invoke/LambdaForm$MH+0x00000001001b9000'
Event: 5737.243 Thread 0x0000016ca94faf20 Unloading class 0x00000001001b8c00 'java/lang/invoke/LambdaForm$MH+0x00000001001b8c00'
Event: 5737.243 Thread 0x0000016ca94faf20 Unloading class 0x00000001001b8800 'java/lang/invoke/LambdaForm$MH+0x00000001001b8800'
Event: 5737.243 Thread 0x0000016ca94faf20 Unloading class 0x00000001001b8400 'java/lang/invoke/LambdaForm$MH+0x00000001001b8400'
Event: 5737.243 Thread 0x0000016ca94faf20 Unloading class 0x00000001001b8000 'java/lang/invoke/LambdaForm$MH+0x00000001001b8000'
Event: 5737.244 Thread 0x0000016ca94faf20 Unloading class 0x0000000100192800 'java/lang/invoke/LambdaForm$MH+0x0000000100192800'
Event: 5737.245 Thread 0x0000016ca94faf20 Unloading class 0x0000000100192000 'java/lang/invoke/LambdaForm$MH+0x0000000100192000'
Event: 5737.245 Thread 0x0000016ca94faf20 Unloading class 0x0000000100191c00 'java/lang/invoke/LambdaForm$MH+0x0000000100191c00'
Event: 5737.245 Thread 0x0000016ca94faf20 Unloading class 0x0000000100191800 'java/lang/invoke/LambdaForm$MH+0x0000000100191800'
Event: 5737.245 Thread 0x0000016ca94faf20 Unloading class 0x0000000100191400 'java/lang/invoke/LambdaForm$MH+0x0000000100191400'
Event: 5737.246 Thread 0x0000016ca94faf20 Unloading class 0x0000000100190c00 'java/lang/invoke/LambdaForm$MH+0x0000000100190c00'
Event: 5737.246 Thread 0x0000016ca94faf20 Unloading class 0x00000001000a6c00 'java/lang/invoke/LambdaForm$MH+0x00000001000a6c00'
Event: 5737.246 Thread 0x0000016ca94faf20 Unloading class 0x00000001000a6800 'java/lang/invoke/LambdaForm$MH+0x00000001000a6800'
Event: 5737.246 Thread 0x0000016ca94faf20 Unloading class 0x00000001000a6000 'java/lang/invoke/LambdaForm$MH+0x00000001000a6000'
Event: 5737.246 Thread 0x0000016ca94faf20 Unloading class 0x00000001000a4400 'java/lang/invoke/LambdaForm$MH+0x00000001000a4400'

Classes redefined (0 events):
No events

Internal exceptions (20 events):
Event: 6350.194 Thread 0x0000016cb0d66bf0 Exception <a 'java/lang/NoSuchMethodError'{0x00000000920c4628}: static Lorg/gradle/internal/build/event/types/DefaultOperationDescriptor;.<clinit>()V> (0x00000000920c4628) 
thrown [s\src\hotspot\share\prims\jni.cpp, line 1108]
Event: 6353.516 Thread 0x0000016cb0d63700 Exception <a 'java/lang/NoSuchMethodError'{0x0000000091fd1db8}: 'java.lang.Object java.lang.invoke.DelegatingMethodHandle$Holder.reinvoke_L(java.lang.Object, java.lang.Object, java.lang.Object, java.lang.Object, java.lang.Object, java.lang.Object, java.lang.Object, java.lang.Object, java.lang.Object, java.lang.Object, java.lang.Object, java.lang.Object, java.lang.Object, java.lang.Object, java.lang.Object, java.lang.Object, java.lang.Object, java.lang.Object, java.lang.Object, java.lang.Object, java.lang.O
Event: 6362.534 Thread 0x0000016cb0d63700 Exception <a 'java/lang/NoSuchMethodError'{0x0000000092b6b068}: 'long java.lang.invoke.DirectMethodHandle$Holder.invokeVirtual(java.lang.Object, java.lang.Object)'> (0x0000000092b6b068) 
thrown [s\src\hotspot\share\interpreter\linkResolver.cpp, line 771]
Event: 6365.361 Thread 0x0000016cb0d66bf0 Exception <a 'java/lang/NoSuchMethodError'{0x0000000092ba1af0}: static Lorg/gradle/internal/build/event/types/DefaultOperationFinishedProgressEvent;.<clinit>()V> (0x0000000092ba1af0) 
thrown [s\src\hotspot\share\prims\jni.cpp, line 1108]
Event: 6365.872 Thread 0x0000016cb0d66bf0 Exception <a 'java/lang/NoSuchMethodError'{0x0000000092a04e48}: static Lorg/gradle/internal/build/event/types/DefaultProjectConfigurationSuccessResult;.<clinit>()V> (0x0000000092a04e48) 
thrown [s\src\hotspot\share\prims\jni.cpp, line 1108]
Event: 6365.872 Thread 0x0000016cb0d66bf0 Exception <a 'java/lang/NoSuchMethodError'{0x0000000092a06198}: static Lorg/gradle/internal/build/event/types/AbstractProjectConfigurationResult;.<clinit>()V> (0x0000000092a06198) 
thrown [s\src\hotspot\share\prims\jni.cpp, line 1108]
Event: 6365.872 Thread 0x0000016cb0d66bf0 Exception <a 'java/lang/NoSuchMethodError'{0x0000000092a076b0}: static Lorg/gradle/internal/build/event/types/AbstractOperationResult;.<clinit>()V> (0x0000000092a076b0) 
thrown [s\src\hotspot\share\prims\jni.cpp, line 1108]
Event: 6365.876 Thread 0x0000016cb0d66bf0 Exception <a 'java/lang/NoSuchMethodError'{0x0000000092a114a0}: static Lorg/gradle/internal/build/event/types/DefaultPluginApplicationResult;.<clinit>()V> (0x0000000092a114a0) 
thrown [s\src\hotspot\share\prims\jni.cpp, line 1108]
Event: 6365.884 Thread 0x0000016cb0d66bf0 Exception <a 'java/lang/NoSuchMethodError'{0x0000000092a1ca80}: static Lorg/gradle/internal/build/event/types/DefaultBinaryPluginIdentifier;.<clinit>()V> (0x0000000092a1ca80) 
thrown [s\src\hotspot\share\prims\jni.cpp, line 1108]
Event: 6365.935 Thread 0x0000016cb0d66bf0 Exception <a 'java/lang/NoSuchMethodError'{0x0000000092a32df0}: static Lorg/gradle/internal/build/event/types/DefaultScriptPluginIdentifier;.<clinit>()V> (0x0000000092a32df0) 
thrown [s\src\hotspot\share\prims\jni.cpp, line 1108]
Event: 6372.254 Thread 0x0000016cb0d63700 Implicit null exception at 0x0000016c9b9b2876 to 0x0000016c9b9b8078
Event: 6378.511 Thread 0x0000016cb0d63700 Exception <a 'sun/nio/fs/WindowsException'{0x000000009276b8d8}> (0x000000009276b8d8) 
thrown [s\src\hotspot\share\prims\jni.cpp, line 517]
Event: 6381.539 Thread 0x0000016cb0d63700 Implicit null exception at 0x0000016c9b57e66a to 0x0000016c9b57ea54
Event: 6381.851 Thread 0x0000016cb0d63700 Exception <a 'java/lang/NoClassDefFoundError'{0x00000000923334f0}: org/jetbrains/kotlin/gradle/plugin/KotlinBasePluginWrapper> (0x00000000923334f0) 
thrown [s\src\hotspot\share\oops\constantPool.cpp, line 835]
Event: 6382.616 Thread 0x0000016cb0d63700 Implicit null exception at 0x0000016c9bd91db8 to 0x0000016c9bd92e34
Event: 6389.493 Thread 0x0000016cb0d63700 Exception <a 'sun/nio/fs/WindowsException'{0x000000009276df40}> (0x000000009276df40) 
thrown [s\src\hotspot\share\prims\jni.cpp, line 517]
Event: 6389.890 Thread 0x0000016cb0d63700 Exception <a 'sun/nio/fs/WindowsException'{0x000000009260ca28}> (0x000000009260ca28) 
thrown [s\src\hotspot\share\prims\jni.cpp, line 517]
Event: 6389.892 Thread 0x0000016cb0d63700 Exception <a 'sun/nio/fs/WindowsException'{0x000000009260dda0}> (0x000000009260dda0) 
thrown [s\src\hotspot\share\prims\jni.cpp, line 517]
Event: 6389.892 Thread 0x0000016cb0d63700 Exception <a 'sun/nio/fs/WindowsException'{0x000000009260f168}> (0x000000009260f168) 
thrown [s\src\hotspot\share\prims\jni.cpp, line 517]
Event: 6389.892 Thread 0x0000016cb0d63700 Exception <a 'sun/nio/fs/WindowsException'{0x0000000092610530}> (0x0000000092610530) 
thrown [s\src\hotspot\share\prims\jni.cpp, line 517]

VM Operations (20 events):
Event: 6386.488 Executing VM operation: G1CollectForAllocation
Event: 6386.984 Executing VM operation: G1CollectForAllocation done
Event: 6387.994 Executing VM operation: Cleanup
Event: 6388.072 Executing VM operation: Cleanup done
Event: 6390.087 Executing VM operation: Cleanup
Event: 6390.088 Executing VM operation: Cleanup done
Event: 6391.099 Executing VM operation: Cleanup
Event: 6391.128 Executing VM operation: Cleanup done
Event: 6392.155 Executing VM operation: Cleanup
Event: 6392.156 Executing VM operation: Cleanup done
Event: 6393.165 Executing VM operation: Cleanup
Event: 6393.184 Executing VM operation: Cleanup done
Event: 6393.193 Executing VM operation: G1CollectForAllocation
Event: 6393.360 Executing VM operation: G1CollectForAllocation done
Event: 6394.368 Executing VM operation: Cleanup
Event: 6398.364 Executing VM operation: Cleanup done
Event: 6398.365 Executing VM operation: HandshakeAllThreads
Event: 6398.381 Executing VM operation: HandshakeAllThreads done
Event: 6399.392 Executing VM operation: Cleanup
Event: 6399.746 Executing VM operation: Cleanup done

Events (20 events):
Event: 6360.290 Thread 0x0000016caa294ec0 Thread added: 0x0000016caa294ec0
Event: 6360.346 Thread 0x0000016caa2996f0 Thread added: 0x0000016caa2996f0
Event: 6360.347 Thread 0x0000016caa297540 Thread added: 0x0000016caa297540
Event: 6360.350 Thread 0x0000016caa299bc0 Thread added: 0x0000016caa299bc0
Event: 6360.353 Thread 0x0000016caa294050 Thread added: 0x0000016caa294050
Event: 6360.355 Thread 0x0000016caa29a090 Thread added: 0x0000016caa29a090
Event: 6360.356 Thread 0x0000016caa297a10 Thread added: 0x0000016caa297a10
Event: 6360.357 Thread 0x0000016caa29a560 Thread added: 0x0000016caa29a560
Event: 6362.559 loading class java/util/stream/SortedOps$OfRef
Event: 6362.660 loading class java/util/stream/ReferencePipeline$StatefulOp
Event: 6364.491 loading class java/util/stream/ReferencePipeline$StatefulOp done
Event: 6364.500 loading class java/util/stream/SortedOps$OfRef done
Event: 6364.516 loading class java/util/stream/SortedOps$RefSortingSink
Event: 6364.532 loading class java/util/stream/SortedOps$AbstractRefSortingSink
Event: 6364.540 loading class java/util/stream/SortedOps$AbstractRefSortingSink done
Event: 6364.540 loading class java/util/stream/SortedOps$RefSortingSink done
Event: 6365.913 loading class java/time/Ser
Event: 6365.930 loading class java/time/Ser done
Event: 6375.451 Thread 0x0000016caa29aa30 Thread added: 0x0000016caa29aa30
Event: 6387.434 Thread 0x0000016cb0d64570 Thread exited: 0x0000016cb0d64570


Dynamic libraries:
0x00007ff6cbad0000 - 0x00007ff6cbada000 	C:\Program Files\Android\Android Studio1\jbr\bin\java.exe
0x00007ffbeb090000 - 0x00007ffbeb2a4000 	C:\WINDOWS\SYSTEM32\ntdll.dll
0x00007ffbe97d0000 - 0x00007ffbe9892000 	C:\WINDOWS\System32\KERNEL32.DLL
0x00007ffbe89a0000 - 0x00007ffbe8d43000 	C:\WINDOWS\System32\KERNELBASE.dll
0x00007ffbe8670000 - 0x00007ffbe8781000 	C:\WINDOWS\System32\ucrtbase.dll
0x00007ffbd3be0000 - 0x00007ffbd3bf7000 	C:\Program Files\Android\Android Studio1\jbr\bin\jli.dll
0x00007ffbbb8a0000 - 0x00007ffbbb8bb000 	C:\Program Files\Android\Android Studio1\jbr\bin\VCRUNTIME140.dll
0x00007ffbeaea0000 - 0x00007ffbeb04b000 	C:\WINDOWS\System32\USER32.dll
0x00007ffbe8800000 - 0x00007ffbe8826000 	C:\WINDOWS\System32\win32u.dll
0x00007ffbe9990000 - 0x00007ffbe99b9000 	C:\WINDOWS\System32\GDI32.dll
0x00007ffbe84b0000 - 0x00007ffbe85c8000 	C:\WINDOWS\System32\gdi32full.dll
0x00007ffbe85d0000 - 0x00007ffbe866a000 	C:\WINDOWS\System32\msvcp_win.dll
0x00007ffbd4890000 - 0x00007ffbd4b1e000 	C:\WINDOWS\WinSxS\amd64_microsoft.windows.common-controls_6595b64144ccf1df_6.0.22621.1635_none_270f70857386168e\COMCTL32.dll
0x00007ffbea4b0000 - 0x00007ffbea557000 	C:\WINDOWS\System32\msvcrt.dll
0x00007ffbe99c0000 - 0x00007ffbe99f1000 	C:\WINDOWS\System32\IMM32.DLL
0x00007ffbde5f0000 - 0x00007ffbde5fc000 	C:\Program Files\Android\Android Studio1\jbr\bin\vcruntime140_1.dll
0x00007ffbabc80000 - 0x00007ffbabd0d000 	C:\Program Files\Android\Android Studio1\jbr\bin\msvcp140.dll
0x00007ffb79850000 - 0x00007ffb7a4bd000 	C:\Program Files\Android\Android Studio1\jbr\bin\server\jvm.dll
0x00007ffbea5e0000 - 0x00007ffbea68e000 	C:\WINDOWS\System32\ADVAPI32.dll
0x00007ffbea3b0000 - 0x00007ffbea454000 	C:\WINDOWS\System32\sechost.dll
0x00007ffbe9a90000 - 0x00007ffbe9ba7000 	C:\WINDOWS\System32\RPCRT4.dll
0x00007ffbd8140000 - 0x00007ffbd8149000 	C:\WINDOWS\SYSTEM32\WSOCK32.dll
0x00007ffbe9430000 - 0x00007ffbe94a1000 	C:\WINDOWS\System32\WS2_32.dll
0x00007ffbe08a0000 - 0x00007ffbe08d4000 	C:\WINDOWS\SYSTEM32\WINMM.dll
0x00007ffbe04d0000 - 0x00007ffbe04da000 	C:\WINDOWS\SYSTEM32\VERSION.dll
0x00007ffbe7500000 - 0x00007ffbe7518000 	C:\WINDOWS\SYSTEM32\kernel.appcore.dll
0x00007ffbe1350000 - 0x00007ffbe135a000 	C:\Program Files\Android\Android Studio1\jbr\bin\jimage.dll
0x00007ffbd1d80000 - 0x00007ffbd1fae000 	C:\WINDOWS\SYSTEM32\DBGHELP.DLL
0x00007ffbeab10000 - 0x00007ffbeae99000 	C:\WINDOWS\System32\combase.dll
0x00007ffbe98a0000 - 0x00007ffbe9977000 	C:\WINDOWS\System32\OLEAUT32.dll
0x00007ffbcc430000 - 0x00007ffbcc462000 	C:\WINDOWS\SYSTEM32\dbgcore.DLL
0x00007ffbe8d50000 - 0x00007ffbe8dcb000 	C:\WINDOWS\System32\bcryptPrimitives.dll
0x00007ffbc2dd0000 - 0x00007ffbc2df5000 	C:\Program Files\Android\Android Studio1\jbr\bin\java.dll
0x00007ffbc4f90000 - 0x00007ffbc4fa8000 	C:\Program Files\Android\Android Studio1\jbr\bin\zip.dll
0x00007ffbe9bb0000 - 0x00007ffbea3aa000 	C:\WINDOWS\System32\SHELL32.dll
0x00007ffbe64b0000 - 0x00007ffbe6d7e000 	C:\WINDOWS\SYSTEM32\windows.storage.dll
0x00007ffbe6370000 - 0x00007ffbe64ae000 	C:\WINDOWS\SYSTEM32\wintypes.dll
0x00007ffbe9320000 - 0x00007ffbe9411000 	C:\WINDOWS\System32\SHCORE.dll
0x00007ffbe9030000 - 0x00007ffbe908e000 	C:\WINDOWS\System32\shlwapi.dll
0x00007ffbe83e0000 - 0x00007ffbe8401000 	C:\WINDOWS\SYSTEM32\profapi.dll
0x00007ffbc2db0000 - 0x00007ffbc2dc9000 	C:\Program Files\Android\Android Studio1\jbr\bin\net.dll
0x00007ffbde370000 - 0x00007ffbde4a7000 	C:\WINDOWS\SYSTEM32\WINHTTP.dll
0x00007ffbe7970000 - 0x00007ffbe79d9000 	C:\WINDOWS\system32\mswsock.dll
0x00007ffbc2d90000 - 0x00007ffbc2da6000 	C:\Program Files\Android\Android Studio1\jbr\bin\nio.dll
0x00007ffbcaa60000 - 0x00007ffbcaa70000 	C:\Program Files\Android\Android Studio1\jbr\bin\verify.dll
0x00007ffbd3c00000 - 0x00007ffbd3c27000 	C:\Users\User\.gradle\native\e1d6ef7f7dcc3fd88c89a11ec53ec762bb8ba0a96d01ffa2cd45eb1d1d8dd5c5\windows-amd64\native-platform.dll
0x00007ffbabb30000 - 0x00007ffbabc74000 	C:\Users\User\.gradle\native\0d407fdbe67a94daf76414ababcb853783967236a71b16ec16e742cd7a986fd3\windows-amd64\native-platform-file-events.dll
0x00007ffbe1340000 - 0x00007ffbe1349000 	C:\Program Files\Android\Android Studio1\jbr\bin\management.dll
0x00007ffbe0120000 - 0x00007ffbe012b000 	C:\Program Files\Android\Android Studio1\jbr\bin\management_ext.dll
0x00007ffbe94b0000 - 0x00007ffbe94b8000 	C:\WINDOWS\System32\PSAPI.DLL
0x00007ffbe7be0000 - 0x00007ffbe7bfb000 	C:\WINDOWS\SYSTEM32\CRYPTSP.dll
0x00007ffbe7470000 - 0x00007ffbe74a5000 	C:\WINDOWS\system32\rsaenh.dll
0x00007ffbe7a70000 - 0x00007ffbe7a98000 	C:\WINDOWS\SYSTEM32\USERENV.dll
0x00007ffbe7d90000 - 0x00007ffbe7db8000 	C:\WINDOWS\SYSTEM32\bcrypt.dll
0x00007ffbe7bd0000 - 0x00007ffbe7bdc000 	C:\WINDOWS\SYSTEM32\CRYPTBASE.dll
0x00007ffbe7020000 - 0x00007ffbe704d000 	C:\WINDOWS\SYSTEM32\IPHLPAPI.DLL
0x00007ffbe94c0000 - 0x00007ffbe94c9000 	C:\WINDOWS\System32\NSI.dll
0x00007ffbde1c0000 - 0x00007ffbde1d9000 	C:\WINDOWS\SYSTEM32\dhcpcsvc6.DLL
0x00007ffbde1a0000 - 0x00007ffbde1bf000 	C:\WINDOWS\SYSTEM32\dhcpcsvc.DLL
0x00007ffbe70a0000 - 0x00007ffbe7193000 	C:\WINDOWS\SYSTEM32\DNSAPI.dll
0x00007ffbca5a0000 - 0x00007ffbca5a8000 	C:\WINDOWS\system32\wshunix.dll
0x00007ffbce840000 - 0x00007ffbce84a000 	C:\Windows\System32\rasadhlp.dll
0x00007ffbe0180000 - 0x00007ffbe0204000 	C:\WINDOWS\System32\fwpuclnt.dll

dbghelp: loaded successfully - version: 4.0.5 - missing functions: none
symbol engine: initialized successfully - sym options: 0x614 - pdb path: .;C:\Program Files\Android\Android Studio1\jbr\bin;C:\WINDOWS\SYSTEM32;C:\WINDOWS\WinSxS\amd64_microsoft.windows.common-controls_6595b64144ccf1df_6.0.22621.1635_none_270f70857386168e;C:\Program Files\Android\Android Studio1\jbr\bin\server;C:\Users\User\.gradle\native\e1d6ef7f7dcc3fd88c89a11ec53ec762bb8ba0a96d01ffa2cd45eb1d1d8dd5c5\windows-amd64;C:\Users\User\.gradle\native\0d407fdbe67a94daf76414ababcb853783967236a71b16ec16e742cd7a986fd3\windows-amd64

VM Arguments:
jvm_args: --add-opens=java.base/java.util=ALL-UNNAMED --add-opens=java.base/java.lang=ALL-UNNAMED --add-opens=java.base/java.lang.invoke=ALL-UNNAMED --add-opens=java.base/java.util=ALL-UNNAMED --add-opens=java.prefs/java.util.prefs=ALL-UNNAMED --add-opens=java.prefs/java.util.prefs=ALL-UNNAMED --add-opens=java.base/java.nio.charset=ALL-UNNAMED --add-opens=java.base/java.net=ALL-UNNAMED --add-opens=java.base/java.util.concurrent.atomic=ALL-UNNAMED -Xmx2048m -Dfile.encoding=UTF-8 -Duser.country=ID -Duser.language=en -Duser.variant 
java_command: org.gradle.launcher.daemon.bootstrap.GradleDaemon 7.5
java_class_path (initial): C:\Users\User\.gradle\wrapper\dists\gradle-7.5-bin\f1w0cc9nuo0eivz97x2xlu9sv\gradle-7.5\lib\gradle-launcher-7.5.jar
Launcher Type: SUN_STANDARD

[Global flags]
     intx CICompilerCount                          = 2                                         {product} {ergonomic}
     uint ConcGCThreads                            = 1                                         {product} {ergonomic}
     uint G1ConcRefinementThreads                  = 2                                         {product} {ergonomic}
   size_t G1HeapRegionSize                         = 1048576                                   {product} {ergonomic}
    uintx GCDrainStackTargetSize                   = 64                                        {product} {ergonomic}
   size_t InitialHeapSize                          = 58720256                                  {product} {ergonomic}
   size_t MarkStackSize                            = 4194304                                   {product} {ergonomic}
   size_t MaxHeapSize                              = 2147483648                                {product} {command line}
   size_t MaxNewSize                               = 1287651328                                {product} {ergonomic}
   size_t MinHeapDeltaBytes                        = 1048576                                   {product} {ergonomic}
   size_t MinHeapSize                              = 8388608                                   {product} {ergonomic}
    uintx NonNMethodCodeHeapSize                   = 5826188                                {pd product} {ergonomic}
    uintx NonProfiledCodeHeapSize                  = 122916026                              {pd product} {ergonomic}
    uintx ProfiledCodeHeapSize                     = 122916026                              {pd product} {ergonomic}
    uintx ReservedCodeCacheSize                    = 251658240                              {pd product} {ergonomic}
     bool SegmentedCodeCache                       = true                                      {product} {ergonomic}
   size_t SoftMaxHeapSize                          = 2147483648                             {manageable} {ergonomic}
     bool UseCompressedClassPointers               = true                           {product lp64_product} {ergonomic}
     bool UseCompressedOops                        = true                           {product lp64_product} {ergonomic}
     bool UseG1GC                                  = true                                      {product} {ergonomic}
     bool UseLargePagesIndividualAllocation        = false                                  {pd product} {ergonomic}

Logging:
Log output configuration:
 #0: stdout all=warning uptime,level,tags
 #1: stderr all=off uptime,level,tags

Environment Variables:
PATH=C:\Program Files\Common Files\Oracle\Java\javapath;C:\WINDOWS\system32;C:\WINDOWS;C:\WINDOWS\System32\Wbem;C:\WINDOWS\System32\WindowsPowerShell\v1.0\;C:\WINDOWS\System32\OpenSSH\;C:\Program Files\nodejs\;C:\Program Files\Git\cmd;C:\xampp\mysql\bin;C:\ProgramData\ComposerSetup\bin;C:\Users\User\AppData\Local\Microsoft\WindowsApps;C:\Users\User\AppData\Local\Programs\Microsoft VS Code\bin;C:\Users\User\AppData\Roaming\npm;C:\Users\User\AppData\Local\GitHubDesktop\bin;C:\xampp\php;C:\Users\User\AppData\Roaming\Composer\vendor\bin;
USERNAME=User
OS=Windows_NT
PROCESSOR_IDENTIFIER=AMD64 Family 23 Model 24 Stepping 1, AuthenticAMD
TMP=C:\Users\User\AppData\Local\Temp
TEMP=C:\Users\User\AppData\Local\Temp



---------------  S Y S T E M  ---------------

OS:
 Windows 11 , 64 bit Build 22621 (10.0.22621.1635)
OS uptime: 14 days 7:53 hours

CPU: total 2 (initial active 2) (2 cores per cpu, 1 threads per core) family 23 model 24 stepping 1 microcode 0x0, cx8, cmov, fxsr, mmx, 3dnowpref, sse, sse2, sse3, ssse3, sse4a, sse4.1, sse4.2, popcnt, lzcnt, tsc, tscinvbit, avx, avx2, aes, clmul, bmi1, bmi2, adx, sha, fma, vzeroupper, clflush, clflushopt

Memory: 4k page, system-wide physical 3499M (157M free)
TotalPageFile size 14251M (AvailPageFile size 4M)
current process WorkingSet (physical memory assigned to process): 170M, peak: 435M
current process commit charge ("private bytes"): 602M, peak: 603M

vm_info: OpenJDK 64-Bit Server VM (17.0.6+0-b2043.56-9586694) for windows-amd64 JRE (17.0.6+0-b2043.56-9586694), built on Feb  9 2023 20:06:20 by "androidbuild" with MS VC++ 16.10 / 16.11 (VS2019)

END.
