#
# There is insufficient memory for the Java Runtime Environment to continue.
# Native memory allocation (malloc) failed to allocate 1661616 bytes for Chunk::new
# Possible reasons:
#   The system is out of physical RAM or swap space
#   The process is running with CompressedOops enabled, and the Java Heap may be blocking the growth of the native heap
# Possible solutions:
#   Reduce memory load on the system
#   Increase physical memory or swap space
#   Check if swap backing store is full
#   Decrease Java heap size (-Xmx/-Xms)
#   Decrease number of Java threads
#   Decrease Java thread stack sizes (-Xss)
#   Set larger code cache with -XX:ReservedCodeCacheSize=
#   JVM is running with Unscaled Compressed Oops mode in which the Java heap is
#     placed in the first 4GB address space. The Java Heap base address is the
#     maximum limit for the native heap growth. Please use -XX:HeapBaseMinAddress
#     to set the Java Heap base and to place the Java Heap above 4GB virtual address.
# This output file may be truncated or incomplete.
#
#  Out of Memory Error (arena.cpp:189), pid=29336, tid=23172
#
# JRE version: OpenJDK Runtime Environment (17.0.6) (build 17.0.6+0-b2043.56-9586694)
# Java VM: OpenJDK 64-Bit Server VM (17.0.6+0-b2043.56-9586694, mixed mode, tiered, compressed oops, compressed class ptrs, g1 gc, windows-amd64)
# No core dump will be written. Minidumps are not enabled by default on client versions of Windows
#

---------------  S U M M A R Y ------------

Command Line: --add-opens=java.base/java.util=ALL-UNNAMED --add-opens=java.base/java.lang=ALL-UNNAMED --add-opens=java.base/java.lang.invoke=ALL-UNNAMED --add-opens=java.base/java.util=ALL-UNNAMED --add-opens=java.prefs/java.util.prefs=ALL-UNNAMED --add-opens=java.prefs/java.util.prefs=ALL-UNNAMED --add-opens=java.base/java.nio.charset=ALL-UNNAMED --add-opens=java.base/java.net=ALL-UNNAMED --add-opens=java.base/java.util.concurrent.atomic=ALL-UNNAMED -Xmx2048m -Dfile.encoding=UTF-8 -Duser.country=ID -Duser.language=en -Duser.variant org.gradle.launcher.daemon.bootstrap.GradleDaemon 7.5

Host: AMD Athlon Silver 3050U with Radeon Graphics   , 2 cores, 3G,  Windows 11 , 64 bit Build 22621 (10.0.22621.1635)
Time: Thu Jun 22 21:11:18 2023 SE Asia Standard Time elapsed time: 484.169366 seconds (0d 0h 8m 4s)

---------------  T H R E A D  ---------------

Current thread (0x0000025677547d60):  JavaThread "C2 CompilerThread0" daemon [_thread_in_native, id=23172, stack(0x000000db9d600000,0x000000db9d700000)]


Current CompileTask:
C2: 484169 14041       4       org.gradle.internal.fingerprint.impl.RelativePathFingerprintingStrategy::lambda$collectFingerprints$0 (126 bytes)

Stack: [0x000000db9d600000,0x000000db9d700000]
Native frames: (J=compiled Java code, j=interpreted, Vv=VM code, C=native code)
V  [jvm.dll+0x683b4a]
V  [jvm.dll+0x842654]
V  [jvm.dll+0x843dfe]
V  [jvm.dll+0x844463]
V  [jvm.dll+0x249b75]
V  [jvm.dll+0xabcac]
V  [jvm.dll+0xac27c]
V  [jvm.dll+0x368802]
V  [jvm.dll+0x332f31]
V  [jvm.dll+0x3323da]
V  [jvm.dll+0x21c201]
V  [jvm.dll+0x21b621]
V  [jvm.dll+0x1a4fdd]
V  [jvm.dll+0x22b098]
V  [jvm.dll+0x229159]
V  [jvm.dll+0x7f809c]
V  [jvm.dll+0x7f25fa]
V  [jvm.dll+0x682985]
C  [ucrtbase.dll+0x29363]
C  [KERNEL32.DLL+0x126ad]
C  [ntdll.dll+0x5a9f8]


---------------  P R O C E S S  ---------------

Threads class SMR info:
_java_thread_list=0x00000256013372f0, length=65, elements={
0x000002565c448ae0, 0x0000025677518030, 0x0000025677518600, 0x0000025677502220,
0x0000025677502dd0, 0x0000025677542610, 0x0000025677542fc0, 0x0000025677547d60,
0x0000025678044640, 0x0000025678045b60, 0x0000025678161010, 0x000002567816cd50,
0x000002567aa61ff0, 0x00000256791650f0, 0x0000025678be5040, 0x00000256790f3b70,
0x0000025678be13c0, 0x0000025679619550, 0x0000025679616a00, 0x0000025679619a20,
0x0000025679618bb0, 0x0000025679616ed0, 0x0000025679617870, 0x0000025679617d40,
0x0000025679616060, 0x0000025679618210, 0x00000256796186e0, 0x0000025679619080,
0x0000025679616530, 0x000002567b09c5a0, 0x000002567b09ec20, 0x000002567b0a0dd0,
0x000002567b09ca70, 0x000002567b099f20, 0x000002567b09d410, 0x000002567b099a50,
0x000002567b09a8c0, 0x000002567b09e750, 0x000002567b0a0900, 0x000002567b09d8e0,
0x000002567b0a12a0, 0x000002567b09ddb0, 0x000002567b09e280, 0x000002567b09f0f0,
0x000002567b0a0430, 0x000002567b09f5c0, 0x000002567b09fa90, 0x000002567b09ff60,
0x000002567b09c0d0, 0x000002567b09b260, 0x000002567b09b730, 0x000002567b09bc00,
0x000002567ace9d50, 0x000002567acea6f0, 0x000002567aceb560, 0x000002567aceb090,
0x000002567aceba30, 0x000002567ace8070, 0x000002567ace9880, 0x000002567ace8540,
0x000002567ace8a10, 0x000002567ace93b0, 0x000002567acea220, 0x00000256796173a0,
0x000002567cab54b0
}

Java Threads: ( => current thread )
  0x000002565c448ae0 JavaThread "main" [_thread_blocked, id=7160, stack(0x000000db9c900000,0x000000db9ca00000)]
  0x0000025677518030 JavaThread "Reference Handler" daemon [_thread_blocked, id=23364, stack(0x000000db9d000000,0x000000db9d100000)]
  0x0000025677518600 JavaThread "Finalizer" daemon [_thread_blocked, id=11244, stack(0x000000db9d100000,0x000000db9d200000)]
  0x0000025677502220 JavaThread "Signal Dispatcher" daemon [_thread_blocked, id=29448, stack(0x000000db9d200000,0x000000db9d300000)]
  0x0000025677502dd0 JavaThread "Attach Listener" daemon [_thread_blocked, id=27064, stack(0x000000db9d300000,0x000000db9d400000)]
  0x0000025677542610 JavaThread "Service Thread" daemon [_thread_blocked, id=28316, stack(0x000000db9d400000,0x000000db9d500000)]
  0x0000025677542fc0 JavaThread "Monitor Deflation Thread" daemon [_thread_blocked, id=21316, stack(0x000000db9d500000,0x000000db9d600000)]
=>0x0000025677547d60 JavaThread "C2 CompilerThread0" daemon [_thread_in_native, id=23172, stack(0x000000db9d600000,0x000000db9d700000)]
  0x0000025678044640 JavaThread "C1 CompilerThread0" daemon [_thread_blocked, id=4980, stack(0x000000db9d700000,0x000000db9d800000)]
  0x0000025678045b60 JavaThread "Sweeper thread" daemon [_thread_blocked, id=7952, stack(0x000000db9d800000,0x000000db9d900000)]
  0x0000025678161010 JavaThread "Common-Cleaner" daemon [_thread_blocked, id=14392, stack(0x000000db9d900000,0x000000db9da00000)]
  0x000002567816cd50 JavaThread "Notification Thread" daemon [_thread_blocked, id=9232, stack(0x000000db9da00000,0x000000db9db00000)]
  0x000002567aa61ff0 JavaThread "Daemon health stats" [_thread_blocked, id=9716, stack(0x000000db9dd00000,0x000000db9de00000)]
  0x00000256791650f0 JavaThread "Incoming local TCP Connector on port 11983" [_thread_in_native, id=6828, stack(0x000000db9de00000,0x000000db9df00000)]
  0x0000025678be5040 JavaThread "Daemon periodic checks" [_thread_blocked, id=26312, stack(0x000000db9df00000,0x000000db9e000000)]
  0x00000256790f3b70 JavaThread "Daemon" [_thread_blocked, id=18020, stack(0x000000db9e000000,0x000000db9e100000)]
  0x0000025678be13c0 JavaThread "Handler for socket connection from /127.0.0.1:11983 to /127.0.0.1:11984" [_thread_in_native, id=28048, stack(0x000000db9e100000,0x000000db9e200000)]
  0x0000025679619550 JavaThread "Cancel handler" [_thread_blocked, id=3348, stack(0x000000db9e200000,0x000000db9e300000)]
  0x0000025679616a00 JavaThread "Daemon worker" [_thread_blocked, id=568, stack(0x000000db9e300000,0x000000db9e400000)]
  0x0000025679619a20 JavaThread "Asynchronous log dispatcher for DefaultDaemonConnection: socket connection from /127.0.0.1:11983 to /127.0.0.1:11984" [_thread_blocked, id=29076, stack(0x000000db9e400000,0x000000db9e500000)]
  0x0000025679618bb0 JavaThread "Daemon client event forwarder" [_thread_blocked, id=18156, stack(0x000000db9e600000,0x000000db9e700000)]
  0x0000025679616ed0 JavaThread "Cache worker for journal cache (C:\Users\User\.gradle\caches\journal-1)" [_thread_blocked, id=27040, stack(0x000000db9e700000,0x000000db9e800000)]
  0x0000025679617870 JavaThread "File lock request listener" [_thread_in_native, id=12148, stack(0x000000db9e800000,0x000000db9e900000)]
  0x0000025679617d40 JavaThread "Cache worker for file hash cache (C:\Users\User\.gradle\caches\7.5\fileHashes)" [_thread_blocked, id=21192, stack(0x000000db9e900000,0x000000db9ea00000)]
  0x0000025679616060 JavaThread "File watcher server" daemon [_thread_in_native, id=29140, stack(0x000000db9ea00000,0x000000db9eb00000)]
  0x0000025679618210 JavaThread "File watcher consumer" daemon [_thread_in_vm, id=14224, stack(0x000000db9eb00000,0x000000db9ec00000)]
  0x00000256796186e0 JavaThread "Cache worker for checksums cache (C:\Projek AndroidStudio\ForexNew\.gradle\7.5\checksums)" [_thread_blocked, id=26744, stack(0x000000db9ec00000,0x000000db9ed00000)]
  0x0000025679619080 JavaThread "Cache worker for cache directory md-rule (C:\Users\User\.gradle\caches\7.5\md-rule)" [_thread_blocked, id=25964, stack(0x000000db9ed00000,0x000000db9ee00000)]
  0x0000025679616530 JavaThread "Cache worker for file content cache (C:\Users\User\.gradle\caches\7.5\fileContent)" [_thread_blocked, id=22728, stack(0x000000db9ee00000,0x000000db9ef00000)]
  0x000002567b09c5a0 JavaThread "Cache worker for file hash cache (C:\Projek AndroidStudio\ForexNew\.gradle\7.5\fileHashes)" [_thread_blocked, id=13372, stack(0x000000db9ef00000,0x000000db9f000000)]
  0x000002567b09ec20 JavaThread "Cache worker for cache directory md-supplier (C:\Users\User\.gradle\caches\7.5\md-supplier)" [_thread_blocked, id=28220, stack(0x000000db9f000000,0x000000db9f100000)]
  0x000002567b0a0dd0 JavaThread "Cache worker for execution history cache (C:\Users\User\.gradle\caches\7.5\executionHistory)" [_thread_blocked, id=12648, stack(0x000000db9f100000,0x000000db9f200000)]
  0x000002567b09ca70 JavaThread "jar transforms" [_thread_blocked, id=9184, stack(0x000000db9f200000,0x000000db9f300000)]
  0x000002567b099f20 JavaThread "jar transforms Thread 2" [_thread_blocked, id=26140, stack(0x000000db9f300000,0x000000db9f400000)]
  0x000002567b09d410 JavaThread "Cache worker for dependencies-accessors (C:\Projek AndroidStudio\ForexNew\.gradle\7.5\dependencies-accessors)" [_thread_blocked, id=10124, stack(0x000000db9f400000,0x000000db9f500000)]
  0x000002567b099a50 JavaThread "Cache worker for Build Output Cleanup Cache (C:\Projek AndroidStudio\ForexNew\.gradle\buildOutputCleanup)" [_thread_blocked, id=12272, stack(0x000000db9f700000,0x000000db9f800000)]
  0x000002567b09a8c0 JavaThread "Unconstrained build operations" [_thread_blocked, id=12280, stack(0x000000db9f800000,0x000000db9f900000)]
  0x000002567b09e750 JavaThread "Unconstrained build operations Thread 2" [_thread_blocked, id=22548, stack(0x000000db9f900000,0x000000db9fa00000)]
  0x000002567b0a0900 JavaThread "Unconstrained build operations Thread 3" [_thread_blocked, id=29516, stack(0x000000db9fa00000,0x000000db9fb00000)]
  0x000002567b09d8e0 JavaThread "Unconstrained build operations Thread 4" [_thread_blocked, id=9740, stack(0x000000db9fb00000,0x000000db9fc00000)]
  0x000002567b0a12a0 JavaThread "Unconstrained build operations Thread 5" [_thread_blocked, id=16724, stack(0x000000db9fc00000,0x000000db9fd00000)]
  0x000002567b09ddb0 JavaThread "Unconstrained build operations Thread 6" [_thread_blocked, id=28512, stack(0x000000db9fd00000,0x000000db9fe00000)]
  0x000002567b09e280 JavaThread "Unconstrained build operations Thread 7" [_thread_in_Java, id=1648, stack(0x000000db9fe00000,0x000000db9ff00000)]
  0x000002567b09f0f0 JavaThread "Unconstrained build operations Thread 8" [_thread_blocked, id=23012, stack(0x000000db9ff00000,0x000000dba0000000)]
  0x000002567b0a0430 JavaThread "Unconstrained build operations Thread 9" [_thread_blocked, id=13608, stack(0x000000dba0000000,0x000000dba0100000)]
  0x000002567b09f5c0 JavaThread "Unconstrained build operations Thread 10" [_thread_blocked, id=26584, stack(0x000000dba0100000,0x000000dba0200000)]
  0x000002567b09fa90 JavaThread "Unconstrained build operations Thread 11" [_thread_blocked, id=29416, stack(0x000000dba0200000,0x000000dba0300000)]
  0x000002567b09ff60 JavaThread "Unconstrained build operations Thread 12" [_thread_blocked, id=13368, stack(0x000000dba0300000,0x000000dba0400000)]
  0x000002567b09c0d0 JavaThread "Unconstrained build operations Thread 13" [_thread_blocked, id=22916, stack(0x000000dba0400000,0x000000dba0500000)]
  0x000002567b09b260 JavaThread "Unconstrained build operations Thread 14" [_thread_blocked, id=22024, stack(0x000000dba0500000,0x000000dba0600000)]
  0x000002567b09b730 JavaThread "Unconstrained build operations Thread 15" [_thread_blocked, id=29176, stack(0x000000dba0600000,0x000000dba0700000)]
  0x000002567b09bc00 JavaThread "Unconstrained build operations Thread 16" [_thread_blocked, id=12444, stack(0x000000db9c700000,0x000000db9c800000)]
  0x000002567ace9d50 JavaThread "Unconstrained build operations Thread 17" [_thread_blocked, id=10768, stack(0x000000db9c800000,0x000000db9c900000)]
  0x000002567acea6f0 JavaThread "Unconstrained build operations Thread 18" [_thread_blocked, id=24808, stack(0x000000dba0700000,0x000000dba0800000)]
  0x000002567aceb560 JavaThread "Unconstrained build operations Thread 19" [_thread_blocked, id=19196, stack(0x000000dba0800000,0x000000dba0900000)]
  0x000002567aceb090 JavaThread "Unconstrained build operations Thread 20" [_thread_blocked, id=14436, stack(0x000000dba0900000,0x000000dba0a00000)]
  0x000002567aceba30 JavaThread "build event listener" [_thread_blocked, id=25988, stack(0x000000db9e500000,0x000000db9e600000)]
  0x000002567ace8070 JavaThread "Memory manager" [_thread_blocked, id=25096, stack(0x000000dba0a00000,0x000000dba0b00000)]
  0x000002567ace9880 JavaThread "included builds" [_thread_in_native, id=24772, stack(0x000000db9f500000,0x000000db9f600000)]
  0x000002567ace8540 JavaThread "Execution worker" [_thread_blocked, id=26528, stack(0x000000dba0b00000,0x000000dba0c00000)]
  0x000002567ace8a10 JavaThread "Cache worker for execution history cache (C:\Projek AndroidStudio\ForexNew\.gradle\7.5\executionHistory)" [_thread_blocked, id=28752, stack(0x000000dba0c00000,0x000000dba0d00000)]
  0x000002567ace93b0 JavaThread "WorkerExecutor Queue" [_thread_blocked, id=8156, stack(0x000000dba0d00000,0x000000dba0e00000)]
  0x000002567acea220 JavaThread "WorkerExecutor Queue Thread 2" [_thread_blocked, id=26092, stack(0x000000dba0e00000,0x000000dba0f00000)]
  0x00000256796173a0 JavaThread "Java2D Disposer" daemon [_thread_blocked, id=11668, stack(0x000000dba1200000,0x000000dba1300000)]
  0x000002567cab54b0 JavaThread "AWT-Windows" daemon [_thread_in_native, id=24864, stack(0x000000dba1400000,0x000000dba1500000)]

Other Threads:
  0x000002567749d150 VMThread "VM Thread" [stack: 0x000000db9cf00000,0x000000db9d000000] [id=8040]
  0x000002567816f640 WatcherThread [stack: 0x000000db9db00000,0x000000db9dc00000] [id=18788]
  0x000002565c4a2910 GCTaskThread "GC Thread#0" [stack: 0x000000db9ca00000,0x000000db9cb00000] [id=4088]
  0x0000025678205660 GCTaskThread "GC Thread#1" [stack: 0x000000db9dc00000,0x000000db9dd00000] [id=8912]
  0x000002565c4b3850 ConcurrentGCThread "G1 Main Marker" [stack: 0x000000db9cb00000,0x000000db9cc00000] [id=14884]
  0x000002565c4b4260 ConcurrentGCThread "G1 Conc#0" [stack: 0x000000db9cc00000,0x000000db9cd00000] [id=2052]
  0x000002565c4e67c0 ConcurrentGCThread "G1 Refine#0" [stack: 0x000000db9cd00000,0x000000db9ce00000] [id=27996]
  0x000002567ecba620 ConcurrentGCThread "G1 Refine#1" [stack: 0x000000dba0f00000,0x000000dba1000000] [id=23472]
  0x000002565c4e73b0 ConcurrentGCThread "G1 Service" [stack: 0x000000db9ce00000,0x000000db9cf00000] [id=8260]

Threads with active compile tasks:
C2 CompilerThread0   484499 14041       4       org.gradle.internal.fingerprint.impl.RelativePathFingerprintingStrategy::lambda$collectFingerprints$0 (126 bytes)

VM state: not at safepoint (normal execution)

VM Mutex/Monitor currently owned by a thread: None

Heap address: 0x0000000080000000, size: 2048 MB, Compressed Oops mode: 32-bit

CDS archive(s) not mapped
Compressed class space mapped at: 0x0000000100000000-0x0000000140000000, reserved size: 1073741824
Narrow klass base: 0x0000000000000000, Narrow klass shift: 3, Narrow klass range: 0x140000000

GC Precious Log:
 CPUs: 2 total, 2 available
 Memory: 3499M
 Large Page Support: Disabled
 NUMA Support: Disabled
 Compressed Oops: Enabled (32-bit)
 Heap Region Size: 1M
 Heap Min Capacity: 8M
 Heap Initial Capacity: 56M
 Heap Max Capacity: 2G
 Pre-touch: Disabled
 Parallel Workers: 2
 Concurrent Workers: 1
 Concurrent Refinement Workers: 2
 Periodic GC: Disabled

Heap:
 garbage-first heap   total 208896K, used 139391K [0x0000000080000000, 0x0000000100000000)
  region size 1024K, 23 young (23552K), 3 survivors (3072K)
 Metaspace       used 98644K, committed 99328K, reserved 1138688K
  class space    used 12861K, committed 13184K, reserved 1048576K

Heap Regions: E=young(eden), S=young(survivor), O=old, HS=humongous(starts), HC=humongous(continues), CS=collection set, F=free, OA=open archive, CA=closed archive, TAMS=top-at-mark-start (previous, next)
|   0|0x0000000080000000, 0x0000000080100000, 0x0000000080100000|100%| O|  |TAMS 0x0000000080100000, 0x0000000080000000| Untracked 
|   1|0x0000000080100000, 0x0000000080200000, 0x0000000080200000|100%|HS|  |TAMS 0x0000000080200000, 0x0000000080100000| Complete 
|   2|0x0000000080200000, 0x0000000080300000, 0x0000000080300000|100%|HC|  |TAMS 0x0000000080300000, 0x0000000080200000| Complete 
|   3|0x0000000080300000, 0x0000000080400000, 0x0000000080400000|100%|HC|  |TAMS 0x0000000080400000, 0x0000000080300000| Complete 
|   4|0x0000000080400000, 0x0000000080500000, 0x0000000080500000|100%| O|  |TAMS 0x0000000080500000, 0x0000000080400000| Untracked 
|   5|0x0000000080500000, 0x0000000080600000, 0x0000000080600000|100%| O|  |TAMS 0x0000000080600000, 0x0000000080500000| Untracked 
|   6|0x0000000080600000, 0x0000000080700000, 0x0000000080700000|100%| O|  |TAMS 0x0000000080700000, 0x0000000080600000| Untracked 
|   7|0x0000000080700000, 0x0000000080800000, 0x0000000080800000|100%| O|  |TAMS 0x0000000080800000, 0x0000000080700000| Untracked 
|   8|0x0000000080800000, 0x0000000080900000, 0x0000000080900000|100%| O|  |TAMS 0x0000000080900000, 0x0000000080800000| Untracked 
|   9|0x0000000080900000, 0x0000000080a00000, 0x0000000080a00000|100%| O|  |TAMS 0x0000000080a00000, 0x0000000080900000| Untracked 
|  10|0x0000000080a00000, 0x0000000080b00000, 0x0000000080b00000|100%| O|  |TAMS 0x0000000080b00000, 0x0000000080a00000| Untracked 
|  11|0x0000000080b00000, 0x0000000080c00000, 0x0000000080c00000|100%| O|  |TAMS 0x0000000080c00000, 0x0000000080b00000| Untracked 
|  12|0x0000000080c00000, 0x0000000080d00000, 0x0000000080d00000|100%| O|  |TAMS 0x0000000080d00000, 0x0000000080c00000| Untracked 
|  13|0x0000000080d00000, 0x0000000080e00000, 0x0000000080e00000|100%| O|  |TAMS 0x0000000080e00000, 0x0000000080d00000| Untracked 
|  14|0x0000000080e00000, 0x0000000080f00000, 0x0000000080f00000|100%| O|  |TAMS 0x0000000080f00000, 0x0000000080e00000| Untracked 
|  15|0x0000000080f00000, 0x0000000081000000, 0x0000000081000000|100%| O|  |TAMS 0x0000000081000000, 0x0000000080f00000| Untracked 
|  16|0x0000000081000000, 0x0000000081100000, 0x0000000081100000|100%| O|  |TAMS 0x0000000081100000, 0x0000000081000000| Untracked 
|  17|0x0000000081100000, 0x0000000081200000, 0x0000000081200000|100%| O|  |TAMS 0x0000000081200000, 0x0000000081100000| Untracked 
|  18|0x0000000081200000, 0x0000000081300000, 0x0000000081300000|100%| O|  |TAMS 0x0000000081300000, 0x0000000081200000| Untracked 
|  19|0x0000000081300000, 0x0000000081400000, 0x0000000081400000|100%| O|  |TAMS 0x0000000081400000, 0x0000000081300000| Untracked 
|  20|0x0000000081400000, 0x0000000081500000, 0x0000000081500000|100%| O|  |TAMS 0x0000000081500000, 0x0000000081400000| Untracked 
|  21|0x0000000081500000, 0x0000000081600000, 0x0000000081600000|100%| O|  |TAMS 0x0000000081600000, 0x0000000081500000| Untracked 
|  22|0x0000000081600000, 0x0000000081700000, 0x0000000081700000|100%| O|  |TAMS 0x0000000081700000, 0x0000000081600000| Untracked 
|  23|0x0000000081700000, 0x0000000081800000, 0x0000000081800000|100%| O|  |TAMS 0x0000000081800000, 0x0000000081700000| Untracked 
|  24|0x0000000081800000, 0x0000000081900000, 0x0000000081900000|100%| O|  |TAMS 0x0000000081900000, 0x0000000081800000| Untracked 
|  25|0x0000000081900000, 0x0000000081a00000, 0x0000000081a00000|100%| O|  |TAMS 0x0000000081a00000, 0x0000000081900000| Untracked 
|  26|0x0000000081a00000, 0x0000000081b00000, 0x0000000081b00000|100%| O|  |TAMS 0x0000000081b00000, 0x0000000081a00000| Untracked 
|  27|0x0000000081b00000, 0x0000000081c00000, 0x0000000081c00000|100%| O|  |TAMS 0x0000000081c00000, 0x0000000081b00000| Untracked 
|  28|0x0000000081c00000, 0x0000000081d00000, 0x0000000081d00000|100%| O|  |TAMS 0x0000000081d00000, 0x0000000081c00000| Untracked 
|  29|0x0000000081d00000, 0x0000000081e00000, 0x0000000081e00000|100%| O|  |TAMS 0x0000000081e00000, 0x0000000081d00000| Untracked 
|  30|0x0000000081e00000, 0x0000000081f00000, 0x0000000081f00000|100%| O|  |TAMS 0x0000000081f00000, 0x0000000081e00000| Untracked 
|  31|0x0000000081f00000, 0x0000000082000000, 0x0000000082000000|100%| O|  |TAMS 0x0000000082000000, 0x0000000081f00000| Untracked 
|  32|0x0000000082000000, 0x0000000082100000, 0x0000000082100000|100%| O|  |TAMS 0x0000000082100000, 0x0000000082000000| Untracked 
|  33|0x0000000082100000, 0x0000000082200000, 0x0000000082200000|100%|HS|  |TAMS 0x0000000082200000, 0x0000000082100000| Complete 
|  34|0x0000000082200000, 0x0000000082300000, 0x0000000082300000|100%| O|  |TAMS 0x0000000082300000, 0x0000000082200000| Untracked 
|  35|0x0000000082300000, 0x0000000082400000, 0x0000000082400000|100%|HS|  |TAMS 0x0000000082400000, 0x0000000082300000| Complete 
|  36|0x0000000082400000, 0x0000000082500000, 0x0000000082500000|100%| O|  |TAMS 0x0000000082500000, 0x0000000082400000| Untracked 
|  37|0x0000000082500000, 0x0000000082600000, 0x0000000082600000|100%| O|  |TAMS 0x0000000082600000, 0x0000000082500000| Untracked 
|  38|0x0000000082600000, 0x0000000082700000, 0x0000000082700000|100%| O|  |TAMS 0x0000000082700000, 0x0000000082600000| Untracked 
|  39|0x0000000082700000, 0x0000000082800000, 0x0000000082800000|100%| O|  |TAMS 0x0000000082800000, 0x0000000082700000| Untracked 
|  40|0x0000000082800000, 0x0000000082900000, 0x0000000082900000|100%| O|  |TAMS 0x0000000082900000, 0x0000000082800000| Untracked 
|  41|0x0000000082900000, 0x0000000082a00000, 0x0000000082a00000|100%| O|  |TAMS 0x0000000082a00000, 0x0000000082900000| Untracked 
|  42|0x0000000082a00000, 0x0000000082b00000, 0x0000000082b00000|100%| O|  |TAMS 0x0000000082b00000, 0x0000000082a00000| Untracked 
|  43|0x0000000082b00000, 0x0000000082c00000, 0x0000000082c00000|100%| O|  |TAMS 0x0000000082c00000, 0x0000000082b00000| Untracked 
|  44|0x0000000082c00000, 0x0000000082d00000, 0x0000000082d00000|100%| O|  |TAMS 0x0000000082d00000, 0x0000000082c00000| Untracked 
|  45|0x0000000082d00000, 0x0000000082e00000, 0x0000000082e00000|100%| O|  |TAMS 0x0000000082e00000, 0x0000000082d00000| Untracked 
|  46|0x0000000082e00000, 0x0000000082f00000, 0x0000000082f00000|100%| O|  |TAMS 0x0000000082f00000, 0x0000000082e00000| Untracked 
|  47|0x0000000082f00000, 0x0000000083000000, 0x0000000083000000|100%| O|  |TAMS 0x0000000083000000, 0x0000000082f00000| Untracked 
|  48|0x0000000083000000, 0x0000000083100000, 0x0000000083100000|100%| O|  |TAMS 0x0000000083100000, 0x0000000083000000| Untracked 
|  49|0x0000000083100000, 0x0000000083200000, 0x0000000083200000|100%| O|  |TAMS 0x0000000083200000, 0x0000000083100000| Untracked 
|  50|0x0000000083200000, 0x0000000083300000, 0x0000000083300000|100%| O|  |TAMS 0x0000000083300000, 0x0000000083200000| Untracked 
|  51|0x0000000083300000, 0x0000000083400000, 0x0000000083400000|100%| O|  |TAMS 0x0000000083400000, 0x0000000083300000| Untracked 
|  52|0x0000000083400000, 0x0000000083500000, 0x0000000083500000|100%| O|  |TAMS 0x0000000083500000, 0x0000000083400000| Untracked 
|  53|0x0000000083500000, 0x0000000083600000, 0x0000000083600000|100%| O|  |TAMS 0x0000000083600000, 0x0000000083500000| Untracked 
|  54|0x0000000083600000, 0x0000000083700000, 0x0000000083700000|100%| O|  |TAMS 0x0000000083700000, 0x0000000083600000| Untracked 
|  55|0x0000000083700000, 0x0000000083800000, 0x0000000083800000|100%| O|  |TAMS 0x0000000083800000, 0x0000000083700000| Untracked 
|  56|0x0000000083800000, 0x0000000083900000, 0x0000000083900000|100%| O|  |TAMS 0x0000000083900000, 0x0000000083800000| Untracked 
|  57|0x0000000083900000, 0x0000000083a00000, 0x0000000083a00000|100%| O|  |TAMS 0x0000000083a00000, 0x0000000083900000| Untracked 
|  58|0x0000000083a00000, 0x0000000083b00000, 0x0000000083b00000|100%| O|  |TAMS 0x0000000083b00000, 0x0000000083a00000| Untracked 
|  59|0x0000000083b00000, 0x0000000083c00000, 0x0000000083c00000|100%| O|  |TAMS 0x0000000083c00000, 0x0000000083b00000| Untracked 
|  60|0x0000000083c00000, 0x0000000083d00000, 0x0000000083d00000|100%| O|  |TAMS 0x0000000083d00000, 0x0000000083c00000| Untracked 
|  61|0x0000000083d00000, 0x0000000083e00000, 0x0000000083e00000|100%| O|  |TAMS 0x0000000083e00000, 0x0000000083d00000| Untracked 
|  62|0x0000000083e00000, 0x0000000083f00000, 0x0000000083f00000|100%| O|  |TAMS 0x0000000083f00000, 0x0000000083e00000| Untracked 
|  63|0x0000000083f00000, 0x0000000084000000, 0x0000000084000000|100%| O|  |TAMS 0x0000000084000000, 0x0000000083f00000| Untracked 
|  64|0x0000000084000000, 0x0000000084100000, 0x0000000084100000|100%| O|  |TAMS 0x0000000084100000, 0x0000000084000000| Untracked 
|  65|0x0000000084100000, 0x0000000084200000, 0x0000000084200000|100%| O|  |TAMS 0x0000000084200000, 0x0000000084100000| Untracked 
|  66|0x0000000084200000, 0x0000000084300000, 0x0000000084300000|100%| O|  |TAMS 0x0000000084300000, 0x0000000084200000| Untracked 
|  67|0x0000000084300000, 0x0000000084400000, 0x0000000084400000|100%| O|  |TAMS 0x0000000084400000, 0x0000000084300000| Untracked 
|  68|0x0000000084400000, 0x0000000084500000, 0x0000000084500000|100%| O|  |TAMS 0x0000000084500000, 0x0000000084400000| Untracked 
|  69|0x0000000084500000, 0x0000000084600000, 0x0000000084600000|100%| O|  |TAMS 0x0000000084600000, 0x0000000084500000| Untracked 
|  70|0x0000000084600000, 0x0000000084700000, 0x0000000084700000|100%| O|  |TAMS 0x0000000084700000, 0x0000000084600000| Untracked 
|  71|0x0000000084700000, 0x0000000084800000, 0x0000000084800000|100%| O|  |TAMS 0x0000000084800000, 0x0000000084700000| Untracked 
|  72|0x0000000084800000, 0x0000000084900000, 0x0000000084900000|100%| O|  |TAMS 0x0000000084900000, 0x0000000084800000| Untracked 
|  73|0x0000000084900000, 0x0000000084a00000, 0x0000000084a00000|100%| O|  |TAMS 0x0000000084a00000, 0x0000000084900000| Untracked 
|  74|0x0000000084a00000, 0x0000000084b00000, 0x0000000084b00000|100%| O|  |TAMS 0x0000000084b00000, 0x0000000084a00000| Untracked 
|  75|0x0000000084b00000, 0x0000000084c00000, 0x0000000084c00000|100%| O|  |TAMS 0x0000000084c00000, 0x0000000084b00000| Untracked 
|  76|0x0000000084c00000, 0x0000000084d00000, 0x0000000084d00000|100%| O|  |TAMS 0x0000000084d00000, 0x0000000084c00000| Untracked 
|  77|0x0000000084d00000, 0x0000000084e00000, 0x0000000084e00000|100%| O|  |TAMS 0x0000000084e00000, 0x0000000084d00000| Untracked 
|  78|0x0000000084e00000, 0x0000000084f00000, 0x0000000084f00000|100%| O|  |TAMS 0x0000000084f00000, 0x0000000084e00000| Untracked 
|  79|0x0000000084f00000, 0x0000000085000000, 0x0000000085000000|100%| O|  |TAMS 0x0000000085000000, 0x0000000084f00000| Untracked 
|  80|0x0000000085000000, 0x0000000085100000, 0x0000000085100000|100%| O|  |TAMS 0x0000000085100000, 0x0000000085000000| Untracked 
|  81|0x0000000085100000, 0x0000000085200000, 0x0000000085200000|100%| O|  |TAMS 0x0000000085200000, 0x0000000085100000| Untracked 
|  82|0x0000000085200000, 0x0000000085300000, 0x0000000085300000|100%| O|  |TAMS 0x0000000085300000, 0x0000000085200000| Untracked 
|  83|0x0000000085300000, 0x0000000085400000, 0x0000000085400000|100%| O|  |TAMS 0x0000000085300000, 0x0000000085300000| Untracked 
|  84|0x0000000085400000, 0x0000000085500000, 0x0000000085500000|100%| O|  |TAMS 0x0000000085400000, 0x0000000085400000| Untracked 
|  85|0x0000000085500000, 0x0000000085600000, 0x0000000085600000|100%| O|  |TAMS 0x0000000085500000, 0x0000000085500000| Untracked 
|  86|0x0000000085600000, 0x0000000085700000, 0x0000000085700000|100%| O|  |TAMS 0x0000000085600000, 0x0000000085600000| Untracked 
|  87|0x0000000085700000, 0x0000000085800000, 0x0000000085800000|100%|HS|  |TAMS 0x0000000085800000, 0x0000000085700000| Complete 
|  88|0x0000000085800000, 0x0000000085900000, 0x0000000085900000|100%|HC|  |TAMS 0x0000000085900000, 0x0000000085800000| Complete 
|  89|0x0000000085900000, 0x0000000085a00000, 0x0000000085a00000|100%| O|  |TAMS 0x0000000085a00000, 0x0000000085900000| Untracked 
|  90|0x0000000085a00000, 0x0000000085b00000, 0x0000000085b00000|100%| O|  |TAMS 0x0000000085b00000, 0x0000000085a00000| Untracked 
|  91|0x0000000085b00000, 0x0000000085c00000, 0x0000000085c00000|100%| O|  |TAMS 0x0000000085c00000, 0x0000000085b00000| Untracked 
|  92|0x0000000085c00000, 0x0000000085d00000, 0x0000000085d00000|100%| O|  |TAMS 0x0000000085d00000, 0x0000000085c00000| Untracked 
|  93|0x0000000085d00000, 0x0000000085e00000, 0x0000000085e00000|100%| O|  |TAMS 0x0000000085e00000, 0x0000000085d00000| Untracked 
|  94|0x0000000085e00000, 0x0000000085f00000, 0x0000000085f00000|100%| O|  |TAMS 0x0000000085f00000, 0x0000000085e00000| Untracked 
|  95|0x0000000085f00000, 0x0000000086000000, 0x0000000086000000|100%| O|  |TAMS 0x0000000086000000, 0x0000000085f00000| Untracked 
|  96|0x0000000086000000, 0x0000000086100000, 0x0000000086100000|100%| O|  |TAMS 0x0000000086100000, 0x0000000086000000| Untracked 
|  97|0x0000000086100000, 0x0000000086200000, 0x0000000086200000|100%| O|  |TAMS 0x0000000086200000, 0x0000000086100000| Untracked 
|  98|0x0000000086200000, 0x0000000086300000, 0x0000000086300000|100%| O|  |TAMS 0x0000000086300000, 0x0000000086200000| Untracked 
|  99|0x0000000086300000, 0x0000000086400000, 0x0000000086400000|100%| O|  |TAMS 0x0000000086400000, 0x0000000086300000| Untracked 
| 100|0x0000000086400000, 0x0000000086500000, 0x0000000086500000|100%| O|  |TAMS 0x0000000086500000, 0x0000000086400000| Untracked 
| 101|0x0000000086500000, 0x0000000086600000, 0x0000000086600000|100%| O|  |TAMS 0x0000000086500000, 0x0000000086500000| Untracked 
| 102|0x0000000086600000, 0x0000000086700000, 0x0000000086700000|100%| O|  |TAMS 0x0000000086600000, 0x0000000086600000| Untracked 
| 103|0x0000000086700000, 0x0000000086800000, 0x0000000086800000|100%| O|  |TAMS 0x0000000086700000, 0x0000000086700000| Untracked 
| 104|0x0000000086800000, 0x0000000086900000, 0x0000000086900000|100%| O|  |TAMS 0x0000000086800000, 0x0000000086800000| Untracked 
| 105|0x0000000086900000, 0x0000000086a00000, 0x0000000086a00000|100%| O|  |TAMS 0x0000000086900000, 0x0000000086900000| Untracked 
| 106|0x0000000086a00000, 0x0000000086b00000, 0x0000000086b00000|100%|HS|  |TAMS 0x0000000086a00000, 0x0000000086a00000| Complete 
| 107|0x0000000086b00000, 0x0000000086c00000, 0x0000000086c00000|100%| O|  |TAMS 0x0000000086b00000, 0x0000000086b00000| Untracked 
| 108|0x0000000086c00000, 0x0000000086d00000, 0x0000000086d00000|100%| O|  |TAMS 0x0000000086c00000, 0x0000000086c00000| Untracked 
| 109|0x0000000086d00000, 0x0000000086e00000, 0x0000000086e00000|100%| O|  |TAMS 0x0000000086d00000, 0x0000000086d00000| Untracked 
| 110|0x0000000086e00000, 0x0000000086f00000, 0x0000000086f00000|100%| O|  |TAMS 0x0000000086e00000, 0x0000000086e00000| Untracked 
| 111|0x0000000086f00000, 0x0000000087000000, 0x0000000087000000|100%| O|  |TAMS 0x0000000086f00000, 0x0000000086f00000| Untracked 
| 112|0x0000000087000000, 0x0000000087100000, 0x0000000087100000|100%| O|  |TAMS 0x0000000087000000, 0x0000000087000000| Untracked 
| 113|0x0000000087100000, 0x0000000087200000, 0x0000000087200000|100%| O|  |TAMS 0x0000000087100000, 0x0000000087100000| Untracked 
| 114|0x0000000087200000, 0x0000000087300000, 0x0000000087300000|100%| O|  |TAMS 0x0000000087200000, 0x0000000087200000| Untracked 
| 115|0x0000000087300000, 0x00000000873b2a00, 0x0000000087400000| 69%| O|  |TAMS 0x0000000087300000, 0x0000000087300000| Untracked 
| 116|0x0000000087400000, 0x0000000087400000, 0x0000000087500000|  0%| F|  |TAMS 0x0000000087400000, 0x0000000087400000| Untracked 
| 117|0x0000000087500000, 0x0000000087500000, 0x0000000087600000|  0%| F|  |TAMS 0x0000000087500000, 0x0000000087500000| Untracked 
| 118|0x0000000087600000, 0x0000000087600000, 0x0000000087700000|  0%| F|  |TAMS 0x0000000087600000, 0x0000000087600000| Untracked 
| 119|0x0000000087700000, 0x0000000087700000, 0x0000000087800000|  0%| F|  |TAMS 0x0000000087700000, 0x0000000087700000| Untracked 
| 120|0x0000000087800000, 0x0000000087800000, 0x0000000087900000|  0%| F|  |TAMS 0x0000000087800000, 0x0000000087800000| Untracked 
| 121|0x0000000087900000, 0x0000000087900000, 0x0000000087a00000|  0%| F|  |TAMS 0x0000000087900000, 0x0000000087900000| Untracked 
| 122|0x0000000087a00000, 0x0000000087a00000, 0x0000000087b00000|  0%| F|  |TAMS 0x0000000087a00000, 0x0000000087a00000| Untracked 
| 123|0x0000000087b00000, 0x0000000087b00000, 0x0000000087c00000|  0%| F|  |TAMS 0x0000000087b00000, 0x0000000087b00000| Untracked 
| 124|0x0000000087c00000, 0x0000000087c00000, 0x0000000087d00000|  0%| F|  |TAMS 0x0000000087c00000, 0x0000000087c00000| Untracked 
| 125|0x0000000087d00000, 0x0000000087d00000, 0x0000000087e00000|  0%| F|  |TAMS 0x0000000087d00000, 0x0000000087d00000| Untracked 
| 126|0x0000000087e00000, 0x0000000087e00000, 0x0000000087f00000|  0%| F|  |TAMS 0x0000000087e00000, 0x0000000087e00000| Untracked 
| 127|0x0000000087f00000, 0x0000000087f00000, 0x0000000088000000|  0%| F|  |TAMS 0x0000000087f00000, 0x0000000087f00000| Untracked 
| 128|0x0000000088000000, 0x0000000088000000, 0x0000000088100000|  0%| F|  |TAMS 0x0000000088000000, 0x0000000088000000| Untracked 
| 129|0x0000000088100000, 0x0000000088100000, 0x0000000088200000|  0%| F|  |TAMS 0x0000000088100000, 0x0000000088100000| Untracked 
| 130|0x0000000088200000, 0x0000000088200000, 0x0000000088300000|  0%| F|  |TAMS 0x0000000088200000, 0x0000000088200000| Untracked 
| 131|0x0000000088300000, 0x0000000088300000, 0x0000000088400000|  0%| F|  |TAMS 0x0000000088300000, 0x0000000088300000| Untracked 
| 132|0x0000000088400000, 0x0000000088400000, 0x0000000088500000|  0%| F|  |TAMS 0x0000000088400000, 0x0000000088400000| Untracked 
| 133|0x0000000088500000, 0x0000000088500000, 0x0000000088600000|  0%| F|  |TAMS 0x0000000088500000, 0x0000000088500000| Untracked 
| 134|0x0000000088600000, 0x0000000088600000, 0x0000000088700000|  0%| F|  |TAMS 0x0000000088600000, 0x0000000088600000| Untracked 
| 135|0x0000000088700000, 0x0000000088700000, 0x0000000088800000|  0%| F|  |TAMS 0x0000000088700000, 0x0000000088700000| Untracked 
| 136|0x0000000088800000, 0x0000000088800000, 0x0000000088900000|  0%| F|  |TAMS 0x0000000088800000, 0x0000000088800000| Untracked 
| 137|0x0000000088900000, 0x0000000088900000, 0x0000000088a00000|  0%| F|  |TAMS 0x0000000088900000, 0x0000000088900000| Untracked 
| 138|0x0000000088a00000, 0x0000000088a00000, 0x0000000088b00000|  0%| F|  |TAMS 0x0000000088a00000, 0x0000000088a00000| Untracked 
| 139|0x0000000088b00000, 0x0000000088b00000, 0x0000000088c00000|  0%| F|  |TAMS 0x0000000088b00000, 0x0000000088b00000| Untracked 
| 140|0x0000000088c00000, 0x0000000088c00000, 0x0000000088d00000|  0%| F|  |TAMS 0x0000000088c00000, 0x0000000088c00000| Untracked 
| 141|0x0000000088d00000, 0x0000000088d00000, 0x0000000088e00000|  0%| F|  |TAMS 0x0000000088d00000, 0x0000000088d00000| Untracked 
| 142|0x0000000088e00000, 0x0000000088e00000, 0x0000000088f00000|  0%| F|  |TAMS 0x0000000088e00000, 0x0000000088e00000| Untracked 
| 143|0x0000000088f00000, 0x0000000088f00000, 0x0000000089000000|  0%| F|  |TAMS 0x0000000088f00000, 0x0000000088f00000| Untracked 
| 144|0x0000000089000000, 0x000000008906d380, 0x0000000089100000| 42%| S|CS|TAMS 0x0000000089000000, 0x0000000089000000| Complete 
| 145|0x0000000089100000, 0x0000000089100000, 0x0000000089200000|  0%| F|  |TAMS 0x0000000089100000, 0x0000000089100000| Untracked 
| 146|0x0000000089200000, 0x0000000089200000, 0x0000000089300000|  0%| F|  |TAMS 0x0000000089200000, 0x0000000089200000| Untracked 
| 147|0x0000000089300000, 0x0000000089300000, 0x0000000089400000|  0%| F|  |TAMS 0x0000000089300000, 0x0000000089300000| Untracked 
| 148|0x0000000089400000, 0x0000000089500000, 0x0000000089500000|100%| S|CS|TAMS 0x0000000089400000, 0x0000000089400000| Complete 
| 149|0x0000000089500000, 0x0000000089600000, 0x0000000089600000|100%| S|CS|TAMS 0x0000000089500000, 0x0000000089500000| Complete 
| 150|0x0000000089600000, 0x0000000089600000, 0x0000000089700000|  0%| F|  |TAMS 0x0000000089600000, 0x0000000089600000| Untracked 
| 151|0x0000000089700000, 0x0000000089700000, 0x0000000089800000|  0%| F|  |TAMS 0x0000000089700000, 0x0000000089700000| Untracked 
| 152|0x0000000089800000, 0x0000000089800000, 0x0000000089900000|  0%| F|  |TAMS 0x0000000089800000, 0x0000000089800000| Untracked 
| 153|0x0000000089900000, 0x0000000089900000, 0x0000000089a00000|  0%| F|  |TAMS 0x0000000089900000, 0x0000000089900000| Untracked 
| 154|0x0000000089a00000, 0x0000000089a00000, 0x0000000089b00000|  0%| F|  |TAMS 0x0000000089a00000, 0x0000000089a00000| Untracked 
| 155|0x0000000089b00000, 0x0000000089b00000, 0x0000000089c00000|  0%| F|  |TAMS 0x0000000089b00000, 0x0000000089b00000| Untracked 
| 156|0x0000000089c00000, 0x0000000089c00000, 0x0000000089d00000|  0%| F|  |TAMS 0x0000000089c00000, 0x0000000089c00000| Untracked 
| 157|0x0000000089d00000, 0x0000000089d00000, 0x0000000089e00000|  0%| F|  |TAMS 0x0000000089d00000, 0x0000000089d00000| Untracked 
| 158|0x0000000089e00000, 0x0000000089e00000, 0x0000000089f00000|  0%| F|  |TAMS 0x0000000089e00000, 0x0000000089e00000| Untracked 
| 159|0x0000000089f00000, 0x0000000089f00000, 0x000000008a000000|  0%| F|  |TAMS 0x0000000089f00000, 0x0000000089f00000| Untracked 
| 160|0x000000008a000000, 0x000000008a000000, 0x000000008a100000|  0%| F|  |TAMS 0x000000008a000000, 0x000000008a000000| Untracked 
| 161|0x000000008a100000, 0x000000008a100000, 0x000000008a200000|  0%| F|  |TAMS 0x000000008a100000, 0x000000008a100000| Untracked 
| 162|0x000000008a200000, 0x000000008a200000, 0x000000008a300000|  0%| F|  |TAMS 0x000000008a200000, 0x000000008a200000| Untracked 
| 163|0x000000008a300000, 0x000000008a300000, 0x000000008a400000|  0%| F|  |TAMS 0x000000008a300000, 0x000000008a300000| Untracked 
| 164|0x000000008a400000, 0x000000008a400000, 0x000000008a500000|  0%| F|  |TAMS 0x000000008a400000, 0x000000008a400000| Untracked 
| 165|0x000000008a500000, 0x000000008a500000, 0x000000008a600000|  0%| F|  |TAMS 0x000000008a500000, 0x000000008a500000| Untracked 
| 166|0x000000008a600000, 0x000000008a600000, 0x000000008a700000|  0%| F|  |TAMS 0x000000008a600000, 0x000000008a600000| Untracked 
| 167|0x000000008a700000, 0x000000008a700000, 0x000000008a800000|  0%| F|  |TAMS 0x000000008a700000, 0x000000008a700000| Untracked 
| 168|0x000000008a800000, 0x000000008a800000, 0x000000008a900000|  0%| F|  |TAMS 0x000000008a800000, 0x000000008a800000| Untracked 
| 169|0x000000008a900000, 0x000000008a900000, 0x000000008aa00000|  0%| F|  |TAMS 0x000000008a900000, 0x000000008a900000| Untracked 
| 170|0x000000008aa00000, 0x000000008aa00000, 0x000000008ab00000|  0%| F|  |TAMS 0x000000008aa00000, 0x000000008aa00000| Untracked 
| 171|0x000000008ab00000, 0x000000008ab00000, 0x000000008ac00000|  0%| F|  |TAMS 0x000000008ab00000, 0x000000008ab00000| Untracked 
| 172|0x000000008ac00000, 0x000000008ac00000, 0x000000008ad00000|  0%| F|  |TAMS 0x000000008ac00000, 0x000000008ac00000| Untracked 
| 173|0x000000008ad00000, 0x000000008ad00000, 0x000000008ae00000|  0%| F|  |TAMS 0x000000008ad00000, 0x000000008ad00000| Untracked 
| 174|0x000000008ae00000, 0x000000008ae00000, 0x000000008af00000|  0%| F|  |TAMS 0x000000008ae00000, 0x000000008ae00000| Untracked 
| 175|0x000000008af00000, 0x000000008af00000, 0x000000008b000000|  0%| F|  |TAMS 0x000000008af00000, 0x000000008af00000| Untracked 
| 176|0x000000008b000000, 0x000000008b000000, 0x000000008b100000|  0%| F|  |TAMS 0x000000008b000000, 0x000000008b000000| Untracked 
| 177|0x000000008b100000, 0x000000008b100000, 0x000000008b200000|  0%| F|  |TAMS 0x000000008b100000, 0x000000008b100000| Untracked 
| 178|0x000000008b200000, 0x000000008b200000, 0x000000008b300000|  0%| F|  |TAMS 0x000000008b200000, 0x000000008b200000| Untracked 
| 179|0x000000008b300000, 0x000000008b300000, 0x000000008b400000|  0%| F|  |TAMS 0x000000008b300000, 0x000000008b300000| Untracked 
| 180|0x000000008b400000, 0x000000008b400000, 0x000000008b500000|  0%| F|  |TAMS 0x000000008b400000, 0x000000008b400000| Untracked 
| 181|0x000000008b500000, 0x000000008b500000, 0x000000008b600000|  0%| F|  |TAMS 0x000000008b500000, 0x000000008b500000| Untracked 
| 182|0x000000008b600000, 0x000000008b600000, 0x000000008b700000|  0%| F|  |TAMS 0x000000008b600000, 0x000000008b600000| Untracked 
| 183|0x000000008b700000, 0x000000008b700000, 0x000000008b800000|  0%| F|  |TAMS 0x000000008b700000, 0x000000008b700000| Untracked 
| 184|0x000000008b800000, 0x000000008b851188, 0x000000008b900000| 31%| E|  |TAMS 0x000000008b800000, 0x000000008b800000| Complete 
| 185|0x000000008b900000, 0x000000008ba00000, 0x000000008ba00000|100%| E|CS|TAMS 0x000000008b900000, 0x000000008b900000| Complete 
| 186|0x000000008ba00000, 0x000000008bb00000, 0x000000008bb00000|100%| E|CS|TAMS 0x000000008ba00000, 0x000000008ba00000| Complete 
| 187|0x000000008bb00000, 0x000000008bc00000, 0x000000008bc00000|100%| E|  |TAMS 0x000000008bb00000, 0x000000008bb00000| Complete 
| 188|0x000000008bc00000, 0x000000008bd00000, 0x000000008bd00000|100%| E|CS|TAMS 0x000000008bc00000, 0x000000008bc00000| Complete 
| 189|0x000000008bd00000, 0x000000008be00000, 0x000000008be00000|100%| E|CS|TAMS 0x000000008bd00000, 0x000000008bd00000| Complete 
| 190|0x000000008be00000, 0x000000008bf00000, 0x000000008bf00000|100%| E|CS|TAMS 0x000000008be00000, 0x000000008be00000| Complete 
| 191|0x000000008bf00000, 0x000000008c000000, 0x000000008c000000|100%| E|CS|TAMS 0x000000008bf00000, 0x000000008bf00000| Complete 
| 192|0x000000008c000000, 0x000000008c100000, 0x000000008c100000|100%| E|CS|TAMS 0x000000008c000000, 0x000000008c000000| Complete 
| 193|0x000000008c100000, 0x000000008c200000, 0x000000008c200000|100%| E|CS|TAMS 0x000000008c100000, 0x000000008c100000| Complete 
| 194|0x000000008c200000, 0x000000008c300000, 0x000000008c300000|100%| E|CS|TAMS 0x000000008c200000, 0x000000008c200000| Complete 
| 195|0x000000008c300000, 0x000000008c400000, 0x000000008c400000|100%| E|CS|TAMS 0x000000008c300000, 0x000000008c300000| Complete 
| 196|0x000000008c400000, 0x000000008c500000, 0x000000008c500000|100%| E|CS|TAMS 0x000000008c400000, 0x000000008c400000| Complete 
| 197|0x000000008c500000, 0x000000008c600000, 0x000000008c600000|100%| E|CS|TAMS 0x000000008c500000, 0x000000008c500000| Complete 
| 198|0x000000008c600000, 0x000000008c700000, 0x000000008c700000|100%| E|CS|TAMS 0x000000008c600000, 0x000000008c600000| Complete 
| 199|0x000000008c700000, 0x000000008c800000, 0x000000008c800000|100%| E|CS|TAMS 0x000000008c700000, 0x000000008c700000| Complete 
| 200|0x000000008c800000, 0x000000008c900000, 0x000000008c900000|100%| E|CS|TAMS 0x000000008c800000, 0x000000008c800000| Complete 
| 201|0x000000008c900000, 0x000000008ca00000, 0x000000008ca00000|100%| E|CS|TAMS 0x000000008c900000, 0x000000008c900000| Complete 
| 202|0x000000008ca00000, 0x000000008cb00000, 0x000000008cb00000|100%| E|CS|TAMS 0x000000008ca00000, 0x000000008ca00000| Complete 
| 203|0x000000008cb00000, 0x000000008cc00000, 0x000000008cc00000|100%| E|CS|TAMS 0x000000008cb00000, 0x000000008cb00000| Complete 

Card table byte_map: [0x0000025670900000,0x0000025670d00000] _byte_map_base: 0x0000025670500000

Marking Bits (Prev, Next): (CMBitMap*) 0x000002565c4a2f60, (CMBitMap*) 0x000002565c4a2f20
 Prev Bits: [0x0000025673100000, 0x0000025675100000)
 Next Bits: [0x0000025671100000, 0x0000025673100000)

Polling page: 0x000002565c510000

Metaspace:

Usage:
  Non-class:     83.77 MB used.
      Class:     12.56 MB used.
       Both:     96.33 MB used.

Virtual space:
  Non-class space:       88.00 MB reserved,      84.12 MB ( 96%) committed,  11 nodes.
      Class space:        1.00 GB reserved,      12.88 MB (  1%) committed,  1 nodes.
             Both:        1.09 GB reserved,      97.00 MB (  9%) committed. 

Chunk freelists:
   Non-Class:  3.84 MB
       Class:  3.17 MB
        Both:  7.01 MB

MaxMetaspaceSize: unlimited
CompressedClassSpaceSize: 1.00 GB
Initial GC threshold: 21.00 MB
Current GC threshold: 146.88 MB
CDS: off
MetaspaceReclaimPolicy: balanced
 - commit_granule_bytes: 65536.
 - commit_granule_words: 8192.
 - virtual_space_node_default_size: 1048576.
 - enlarge_chunks_in_place: 1.
 - new_chunks_are_fully_committed: 0.
 - uncommit_free_chunks: 1.
 - use_allocation_guard: 0.
 - handle_deallocations: 1.


Internal statistics:

num_allocs_failed_limit: 6.
num_arena_births: 1020.
num_arena_deaths: 0.
num_vsnodes_births: 12.
num_vsnodes_deaths: 0.
num_space_committed: 1551.
num_space_uncommitted: 0.
num_chunks_returned_to_freelist: 6.
num_chunks_taken_from_freelist: 4532.
num_chunk_merges: 6.
num_chunk_splits: 2990.
num_chunks_enlarged: 1998.
num_purges: 0.
num_inconsistent_stats: 0.

CodeHeap 'non-profiled nmethods': size=120064Kb used=8798Kb max_used=8798Kb free=111265Kb
 bounds [0x0000025668bc0000, 0x0000025669460000, 0x0000025670100000]
CodeHeap 'profiled nmethods': size=120000Kb used=21982Kb max_used=22563Kb free=98017Kb
 bounds [0x0000025661100000, 0x0000025662710000, 0x0000025668630000]
CodeHeap 'non-nmethods': size=5696Kb used=2473Kb max_used=2526Kb free=3223Kb
 bounds [0x0000025668630000, 0x00000256688b0000, 0x0000025668bc0000]
 total_blobs=12513 nmethods=11475 adapters=950
 compilation: enabled
              stopped_count=0, restarted_count=0
 full_count=0

Compilation events (20 events):
Event: 483.683 Thread 0x0000025678044640 nmethod 14037 0x000002566232cf10 code [0x000002566232d0c0, 0x000002566232d2d8]
Event: 483.683 Thread 0x0000025678044640 14039       3       org.gradle.api.internal.artifacts.PreResolvedResolvableArtifact::getFile (22 bytes)
Event: 483.683 Thread 0x0000025677547d60 14041       4       org.gradle.internal.fingerprint.impl.RelativePathFingerprintingStrategy::lambda$collectFingerprints$0 (126 bytes)
Event: 483.683 Thread 0x0000025678044640 nmethod 14039 0x000002566232c610 code [0x000002566232c800, 0x000002566232cc78]
Event: 483.687 Thread 0x0000025678044640 14042       3       org.gradle.api.internal.provider.AbstractProperty$NonFinalizedValue::forUpstream (13 bytes)
Event: 483.688 Thread 0x0000025678044640 nmethod 14042 0x000002566232c290 code [0x000002566232c420, 0x000002566232c598]
Event: 483.879 Thread 0x0000025678044640 14043       3       org.gradle.internal.component.model.ComponentConfigurationIdentifier::hashCode (16 bytes)
Event: 483.880 Thread 0x0000025678044640 nmethod 14043 0x000002566232bd90 code [0x000002566232bf40, 0x000002566232c158]
Event: 483.911 Thread 0x0000025678044640 14045       3       org.gradle.internal.component.model.AttributeMatchingExplanationBuilder::candidateDoesNotMatchAttributes (1 bytes)
Event: 483.911 Thread 0x0000025678044640 nmethod 14045 0x000002566232ba10 code [0x000002566232bba0, 0x000002566232bcb8]
Event: 483.914 Thread 0x0000025678044640 14046       3       org.gradle.api.internal.artifacts.transform.TransformationChain::visitTransformationSteps (21 bytes)
Event: 483.915 Thread 0x0000025678044640 nmethod 14046 0x000002566232b490 code [0x000002566232b640, 0x000002566232b8d8]
Event: 483.928 Thread 0x0000025678044640 14047   !   2       org.gradle.api.internal.attributes.DefaultImmutableAttributesFactory::doConcatIsolatable (128 bytes)
Event: 483.937 Thread 0x0000025678044640 nmethod 14047 0x000002566260c390 code [0x000002566260c5c0, 0x000002566260cb58]
Event: 483.937 Thread 0x0000025678044640 14048       3       org.gradle.internal.logging.console.BuildLogLevelFilterRenderer::onOutput (53 bytes)
Event: 483.938 Thread 0x0000025678044640 nmethod 14048 0x000002566260b910 code [0x000002566260bb00, 0x000002566260c1d8]
Event: 483.938 Thread 0x0000025678044640 14049       3       org.gradle.internal.logging.sink.ProgressLogEventGenerator::onOutput (72 bytes)
Event: 483.943 Thread 0x0000025678044640 nmethod 14049 0x000002566260ab10 code [0x000002566260ad40, 0x000002566260b798]
Event: 483.972 Thread 0x0000025678044640 14050       3       org.gradle.util.internal.DeferredUtil::unpackOrNull (8 bytes)
Event: 483.973 Thread 0x0000025678044640 nmethod 14050 0x000002566232b110 code [0x000002566232b2a0, 0x000002566232b3c8]

GC Heap History (20 events):
Event: 278.787 GC heap before
{Heap before GC invocations=79 (full 0):
 garbage-first heap   total 174080K, used 111486K [0x0000000080000000, 0x0000000100000000)
  region size 1024K, 9 young (9216K), 4 survivors (4096K)
 Metaspace       used 92707K, committed 93376K, reserved 1130496K
  class space    used 12318K, committed 12672K, reserved 1048576K
}
Event: 278.820 GC heap after
{Heap after GC invocations=80 (full 0):
 garbage-first heap   total 174080K, used 108240K [0x0000000080000000, 0x0000000100000000)
  region size 1024K, 2 young (2048K), 2 survivors (2048K)
 Metaspace       used 92707K, committed 93376K, reserved 1130496K
  class space    used 12318K, committed 12672K, reserved 1048576K
}
Event: 290.513 GC heap before
{Heap before GC invocations=80 (full 0):
 garbage-first heap   total 174080K, used 127696K [0x0000000080000000, 0x0000000100000000)
  region size 1024K, 22 young (22528K), 2 survivors (2048K)
 Metaspace       used 93698K, committed 94336K, reserved 1130496K
  class space    used 12385K, committed 12672K, reserved 1048576K
}
Event: 290.673 GC heap after
{Heap after GC invocations=81 (full 0):
 garbage-first heap   total 174080K, used 111834K [0x0000000080000000, 0x0000000100000000)
  region size 1024K, 3 young (3072K), 3 survivors (3072K)
 Metaspace       used 93698K, committed 94336K, reserved 1130496K
  class space    used 12385K, committed 12672K, reserved 1048576K
}
Event: 302.011 GC heap before
{Heap before GC invocations=81 (full 0):
 garbage-first heap   total 174080K, used 116954K [0x0000000080000000, 0x0000000100000000)
  region size 1024K, 8 young (8192K), 3 survivors (3072K)
 Metaspace       used 93882K, committed 94592K, reserved 1138688K
  class space    used 12399K, committed 12736K, reserved 1048576K
}
Event: 302.062 GC heap after
{Heap after GC invocations=82 (full 0):
 garbage-first heap   total 174080K, used 113033K [0x0000000080000000, 0x0000000100000000)
  region size 1024K, 1 young (1024K), 1 survivors (1024K)
 Metaspace       used 93882K, committed 94592K, reserved 1138688K
  class space    used 12399K, committed 12736K, reserved 1048576K
}
Event: 308.249 GC heap before
{Heap before GC invocations=82 (full 0):
 garbage-first heap   total 174080K, used 135561K [0x0000000080000000, 0x0000000100000000)
  region size 1024K, 23 young (23552K), 1 survivors (1024K)
 Metaspace       used 93972K, committed 94656K, reserved 1138688K
  class space    used 12408K, committed 12736K, reserved 1048576K
}
Event: 308.355 GC heap after
{Heap after GC invocations=83 (full 0):
 garbage-first heap   total 174080K, used 116601K [0x0000000080000000, 0x0000000100000000)
  region size 1024K, 3 young (3072K), 3 survivors (3072K)
 Metaspace       used 93972K, committed 94656K, reserved 1138688K
  class space    used 12408K, committed 12736K, reserved 1048576K
}
Event: 327.514 GC heap before
{Heap before GC invocations=83 (full 0):
 garbage-first heap   total 174080K, used 136057K [0x0000000080000000, 0x0000000100000000)
  region size 1024K, 22 young (22528K), 3 survivors (3072K)
 Metaspace       used 96289K, committed 96896K, reserved 1138688K
  class space    used 12614K, committed 12928K, reserved 1048576K
}
Event: 327.812 GC heap after
{Heap after GC invocations=84 (full 0):
 garbage-first heap   total 174080K, used 120815K [0x0000000080000000, 0x0000000100000000)
  region size 1024K, 3 young (3072K), 3 survivors (3072K)
 Metaspace       used 96289K, committed 96896K, reserved 1138688K
  class space    used 12614K, committed 12928K, reserved 1048576K
}
Event: 341.390 GC heap before
{Heap before GC invocations=84 (full 0):
 garbage-first heap   total 174080K, used 131055K [0x0000000080000000, 0x0000000100000000)
  region size 1024K, 13 young (13312K), 3 survivors (3072K)
 Metaspace       used 96579K, committed 97280K, reserved 1138688K
  class space    used 12631K, committed 12928K, reserved 1048576K
}
Event: 341.516 GC heap after
{Heap after GC invocations=85 (full 0):
 garbage-first heap   total 208896K, used 119335K [0x0000000080000000, 0x0000000100000000)
  region size 1024K, 1 young (1024K), 1 survivors (1024K)
 Metaspace       used 96579K, committed 97280K, reserved 1138688K
  class space    used 12631K, committed 12928K, reserved 1048576K
}
Event: 366.864 GC heap before
{Heap before GC invocations=85 (full 0):
 garbage-first heap   total 208896K, used 165415K [0x0000000080000000, 0x0000000100000000)
  region size 1024K, 45 young (46080K), 1 survivors (1024K)
 Metaspace       used 96663K, committed 97344K, reserved 1138688K
  class space    used 12642K, committed 12928K, reserved 1048576K
}
Event: 367.024 GC heap after
{Heap after GC invocations=86 (full 0):
 garbage-first heap   total 208896K, used 121905K [0x0000000080000000, 0x0000000100000000)
  region size 1024K, 2 young (2048K), 2 survivors (2048K)
 Metaspace       used 96663K, committed 97344K, reserved 1138688K
  class space    used 12642K, committed 12928K, reserved 1048576K
}
Event: 373.993 GC heap before
{Heap before GC invocations=86 (full 0):
 garbage-first heap   total 208896K, used 174129K [0x0000000080000000, 0x0000000100000000)
  region size 1024K, 54 young (55296K), 2 survivors (2048K)
 Metaspace       used 96677K, committed 97344K, reserved 1138688K
  class space    used 12644K, committed 12928K, reserved 1048576K
}
Event: 374.070 GC heap after
{Heap after GC invocations=87 (full 0):
 garbage-first heap   total 208896K, used 122501K [0x0000000080000000, 0x0000000100000000)
  region size 1024K, 2 young (2048K), 2 survivors (2048K)
 Metaspace       used 96677K, committed 97344K, reserved 1138688K
  class space    used 12644K, committed 12928K, reserved 1048576K
}
Event: 377.992 GC heap before
{Heap before GC invocations=87 (full 0):
 garbage-first heap   total 208896K, used 177797K [0x0000000080000000, 0x0000000100000000)
  region size 1024K, 56 young (57344K), 2 survivors (2048K)
 Metaspace       used 96713K, committed 97408K, reserved 1138688K
  class space    used 12647K, committed 12992K, reserved 1048576K
}
Event: 378.031 GC heap after
{Heap after GC invocations=88 (full 0):
 garbage-first heap   total 208896K, used 123316K [0x0000000080000000, 0x0000000100000000)
  region size 1024K, 3 young (3072K), 3 survivors (3072K)
 Metaspace       used 96713K, committed 97408K, reserved 1138688K
  class space    used 12647K, committed 12992K, reserved 1048576K
}
Event: 446.613 GC heap before
{Heap before GC invocations=88 (full 0):
 garbage-first heap   total 208896K, used 179636K [0x0000000080000000, 0x0000000100000000)
  region size 1024K, 57 young (58368K), 3 survivors (3072K)
 Metaspace       used 98149K, committed 98816K, reserved 1138688K
  class space    used 12812K, committed 13120K, reserved 1048576K
}
Event: 446.929 GC heap after
{Heap after GC invocations=89 (full 0):
 garbage-first heap   total 208896K, used 120959K [0x0000000080000000, 0x0000000100000000)
  region size 1024K, 3 young (3072K), 3 survivors (3072K)
 Metaspace       used 98149K, committed 98816K, reserved 1138688K
  class space    used 12812K, committed 13120K, reserved 1048576K
}

Dll operation events (2 events):
Event: 0.759 Loaded shared library C:\Program Files\Android\Android Studio1\jbr\bin\java.dll
Event: 8.201 Loaded shared library C:\Program Files\Android\Android Studio1\jbr\bin\verify.dll

Deoptimization events (20 events):
Event: 483.009 Thread 0x000002567b0a0dd0 Uncommon trap: trap_request=0xffffffc6 fr.pc=0x0000025668f0e0f0 relative=0x00000000000001b0
Event: 483.009 Thread 0x000002567b0a0dd0 Uncommon trap: reason=bimorphic_or_optimized_type_check action=maybe_recompile pc=0x0000025668f0e0f0 method=java.io.BufferedInputStream.read1([BII)I @ 39 c2
Event: 483.009 Thread 0x000002567b0a0dd0 DEOPT PACKING pc=0x0000025668f0e0f0 sp=0x000000db9f1fe850
Event: 483.009 Thread 0x000002567b0a0dd0 DEOPT UNPACKING pc=0x00000256686869a3 sp=0x000000db9f1fe7d8 mode 2
Event: 483.681 Thread 0x000002567ace8540 Uncommon trap: trap_request=0xffffffc6 fr.pc=0x00000256690b0068 relative=0x0000000000005ba8
Event: 483.681 Thread 0x000002567ace8540 Uncommon trap: reason=bimorphic_or_optimized_type_check action=maybe_recompile pc=0x00000256690b0068 method=org.gradle.internal.fingerprint.impl.RelativePathFingerprintingStrategy.lambda$collectFingerprints$0(Ljava/util/HashSet;Lcom/google/common/collect/
Event: 483.681 Thread 0x000002567ace8540 DEOPT PACKING pc=0x00000256690b0068 sp=0x000000dba0bfc8e0
Event: 483.681 Thread 0x000002567ace8540 DEOPT UNPACKING pc=0x00000256686869a3 sp=0x000000dba0bfc878 mode 2
Event: 483.681 Thread 0x000002567ace8540 Uncommon trap: trap_request=0xffffffc6 fr.pc=0x00000256690b0068 relative=0x0000000000005ba8
Event: 483.681 Thread 0x000002567ace8540 Uncommon trap: reason=bimorphic_or_optimized_type_check action=maybe_recompile pc=0x00000256690b0068 method=org.gradle.internal.fingerprint.impl.RelativePathFingerprintingStrategy.lambda$collectFingerprints$0(Ljava/util/HashSet;Lcom/google/common/collect/
Event: 483.681 Thread 0x000002567ace8540 DEOPT PACKING pc=0x00000256690b0068 sp=0x000000dba0bfc8e0
Event: 483.681 Thread 0x000002567ace8540 DEOPT UNPACKING pc=0x00000256686869a3 sp=0x000000dba0bfc878 mode 2
Event: 483.681 Thread 0x000002567ace8540 Uncommon trap: trap_request=0xffffffc6 fr.pc=0x00000256690b0068 relative=0x0000000000005ba8
Event: 483.681 Thread 0x000002567ace8540 Uncommon trap: reason=bimorphic_or_optimized_type_check action=maybe_recompile pc=0x00000256690b0068 method=org.gradle.internal.fingerprint.impl.RelativePathFingerprintingStrategy.lambda$collectFingerprints$0(Ljava/util/HashSet;Lcom/google/common/collect/
Event: 483.681 Thread 0x000002567ace8540 DEOPT PACKING pc=0x00000256690b0068 sp=0x000000dba0bfc8e0
Event: 483.681 Thread 0x000002567ace8540 DEOPT UNPACKING pc=0x00000256686869a3 sp=0x000000dba0bfc878 mode 2
Event: 483.683 Thread 0x000002567ace8540 Uncommon trap: trap_request=0xffffff76 fr.pc=0x000002566944d530 relative=0x0000000000000d90
Event: 483.684 Thread 0x000002567ace8540 Uncommon trap: reason=predicate action=maybe_recompile pc=0x000002566944d530 method=com.google.common.collect.RegularImmutableMap.fromEntryArray(I[Ljava/util/Map$Entry;)Lcom/google/common/collect/ImmutableMap; @ 59 c2
Event: 483.684 Thread 0x000002567ace8540 DEOPT PACKING pc=0x000002566944d530 sp=0x000000dba0bfca30
Event: 483.684 Thread 0x000002567ace8540 DEOPT UNPACKING pc=0x00000256686869a3 sp=0x000000dba0bfc970 mode 2

Classes unloaded (0 events):
No events

Classes redefined (0 events):
No events

Internal exceptions (20 events):
Event: 312.298 Thread 0x000002567ace8540 Exception <a 'sun/nio/fs/WindowsException'{0x000000008a855ee0}> (0x000000008a855ee0) 
thrown [s\src\hotspot\share\prims\jni.cpp, line 517]
Event: 312.309 Thread 0x000002567ace8540 Exception <a 'sun/nio/fs/WindowsException'{0x000000008a857078}> (0x000000008a857078) 
thrown [s\src\hotspot\share\prims\jni.cpp, line 517]
Event: 312.317 Thread 0x000002567ace8540 Exception <a 'sun/nio/fs/WindowsException'{0x000000008a858148}> (0x000000008a858148) 
thrown [s\src\hotspot\share\prims\jni.cpp, line 517]
Event: 312.329 Thread 0x000002567ace8540 Exception <a 'sun/nio/fs/WindowsException'{0x000000008a8594c0}> (0x000000008a8594c0) 
thrown [s\src\hotspot\share\prims\jni.cpp, line 517]
Event: 312.337 Thread 0x000002567ace8540 Exception <a 'sun/nio/fs/WindowsException'{0x000000008a85a630}> (0x000000008a85a630) 
thrown [s\src\hotspot\share\prims\jni.cpp, line 517]
Event: 312.887 Thread 0x000002567ace8540 Exception <a 'sun/nio/fs/WindowsException'{0x000000008a85b760}> (0x000000008a85b760) 
thrown [s\src\hotspot\share\prims\jni.cpp, line 517]
Event: 316.062 Thread 0x000002567ace8540 Exception <a 'sun/nio/fs/WindowsException'{0x000000008a8a6e98}> (0x000000008a8a6e98) 
thrown [s\src\hotspot\share\prims\jni.cpp, line 517]
Event: 316.953 Thread 0x000002567ace8540 Exception <a 'sun/nio/fs/WindowsException'{0x000000008a8a7f38}> (0x000000008a8a7f38) 
thrown [s\src\hotspot\share\prims\jni.cpp, line 517]
Event: 317.918 Thread 0x000002567ace8540 Exception <a 'sun/nio/fs/WindowsException'{0x000000008a400800}> (0x000000008a400800) 
thrown [s\src\hotspot\share\prims\jni.cpp, line 517]
Event: 317.931 Thread 0x000002567ace8540 Exception <a 'sun/nio/fs/WindowsException'{0x000000008a401978}> (0x000000008a401978) 
thrown [s\src\hotspot\share\prims\jni.cpp, line 517]
Event: 317.937 Thread 0x000002567ace8540 Exception <a 'sun/nio/fs/WindowsException'{0x000000008a402a50}> (0x000000008a402a50) 
thrown [s\src\hotspot\share\prims\jni.cpp, line 517]
Event: 317.945 Thread 0x000002567ace8540 Exception <a 'sun/nio/fs/WindowsException'{0x000000008a404868}> (0x000000008a404868) 
thrown [s\src\hotspot\share\prims\jni.cpp, line 517]
Event: 319.614 Thread 0x000002567ace8540 Exception <a 'sun/nio/fs/WindowsException'{0x000000008a405980}> (0x000000008a405980) 
thrown [s\src\hotspot\share\prims\jni.cpp, line 517]
Event: 319.942 Thread 0x000002567ace8540 Exception <a 'sun/nio/fs/WindowsException'{0x000000008a406ae8}> (0x000000008a406ae8) 
thrown [s\src\hotspot\share\prims\jni.cpp, line 517]
Event: 321.389 Thread 0x000002567ace8540 Exception <a 'sun/nio/fs/WindowsException'{0x000000008a1d9358}> (0x000000008a1d9358) 
thrown [s\src\hotspot\share\prims\jni.cpp, line 517]
Event: 387.769 Thread 0x000002567ace8540 Implicit null exception at 0x0000025668e1affb to 0x0000025668e1b6e8
Event: 393.752 Thread 0x000002567ace8540 Exception <a 'sun/nio/fs/WindowsException'{0x000000008b5608c8}> (0x000000008b5608c8) 
thrown [s\src\hotspot\share\prims\jni.cpp, line 517]
Event: 393.780 Thread 0x000002567ace8540 Exception <a 'sun/nio/fs/WindowsException'{0x000000008b561740}> (0x000000008b561740) 
thrown [s\src\hotspot\share\prims\jni.cpp, line 517]
Event: 471.628 Thread 0x000002567ace8540 Exception <a 'sun/nio/fs/WindowsException'{0x000000008c26b310}> (0x000000008c26b310) 
thrown [s\src\hotspot\share\prims\jni.cpp, line 517]
Event: 471.649 Thread 0x000002567ace8540 Exception <a 'sun/nio/fs/WindowsException'{0x000000008c26c188}> (0x000000008c26c188) 
thrown [s\src\hotspot\share\prims\jni.cpp, line 517]

VM Operations (20 events):
Event: 457.554 Executing VM operation: Cleanup
Event: 457.577 Executing VM operation: Cleanup done
Event: 460.611 Executing VM operation: Cleanup
Event: 460.611 Executing VM operation: Cleanup done
Event: 468.968 Executing VM operation: Cleanup
Event: 469.767 Executing VM operation: Cleanup done
Event: 475.836 Executing VM operation: Cleanup
Event: 476.394 Executing VM operation: Cleanup done
Event: 478.415 Executing VM operation: Cleanup
Event: 478.458 Executing VM operation: Cleanup done
Event: 479.463 Executing VM operation: Cleanup
Event: 479.513 Executing VM operation: Cleanup done
Event: 480.520 Executing VM operation: Cleanup
Event: 480.520 Executing VM operation: Cleanup done
Event: 481.526 Executing VM operation: Cleanup
Event: 481.527 Executing VM operation: Cleanup done
Event: 482.532 Executing VM operation: Cleanup
Event: 482.549 Executing VM operation: Cleanup done
Event: 483.560 Executing VM operation: Cleanup
Event: 483.560 Executing VM operation: Cleanup done

Events (20 events):
Event: 412.749 Thread 0x0000025678045b60 flushing nmethod 0x0000025662598690
Event: 412.749 Thread 0x0000025678045b60 flushing nmethod 0x0000025662598e10
Event: 412.749 Thread 0x0000025678045b60 flushing nmethod 0x000002566259c510
Event: 412.758 Thread 0x0000025678045b60 flushing nmethod 0x00000256625e8010
Event: 412.760 Thread 0x0000025678045b60 flushing nmethod 0x00000256625f9210
Event: 412.760 Thread 0x0000025678045b60 flushing nmethod 0x00000256625fca90
Event: 412.763 Thread 0x0000025678045b60 flushing nmethod 0x0000025662651590
Event: 412.764 Thread 0x0000025678045b60 flushing nmethod 0x0000025662664d90
Event: 412.765 Thread 0x0000025678045b60 flushing nmethod 0x000002566267d990
Event: 412.768 Thread 0x0000025678045b60 flushing nmethod 0x00000256626af590
Event: 412.768 Thread 0x0000025678045b60 flushing nmethod 0x00000256626b5090
Event: 412.768 Thread 0x0000025678045b60 flushing nmethod 0x00000256626bc690
Event: 412.768 Thread 0x0000025678045b60 flushing nmethod 0x00000256626d2490
Event: 412.768 Thread 0x0000025678045b60 flushing nmethod 0x00000256626d2a90
Event: 412.768 Thread 0x0000025678045b60 flushing nmethod 0x00000256626d9b10
Event: 412.768 Thread 0x0000025678045b60 flushing nmethod 0x00000256626ddb10
Event: 412.769 Thread 0x0000025678045b60 flushing nmethod 0x00000256626f5d90
Event: 412.769 Thread 0x0000025678045b60 flushing nmethod 0x00000256626f7790
Event: 445.703 Thread 0x000002567cab4fe0 Thread added: 0x000002567cab4fe0
Event: 446.934 Thread 0x000002567cab4fe0 Thread exited: 0x000002567cab4fe0


Dynamic libraries:
0x00007ff6e3930000 - 0x00007ff6e393a000 	C:\Program Files\Android\Android Studio1\jbr\bin\java.exe
0x00007ffbeb090000 - 0x00007ffbeb2a4000 	C:\WINDOWS\SYSTEM32\ntdll.dll
0x00007ffbe97d0000 - 0x00007ffbe9892000 	C:\WINDOWS\System32\KERNEL32.DLL
0x00007ffbe89a0000 - 0x00007ffbe8d43000 	C:\WINDOWS\System32\KERNELBASE.dll
0x00007ffbe8670000 - 0x00007ffbe8781000 	C:\WINDOWS\System32\ucrtbase.dll
0x00007ffbd5750000 - 0x00007ffbd576b000 	C:\Program Files\Android\Android Studio1\jbr\bin\VCRUNTIME140.dll
0x00007ffbd58a0000 - 0x00007ffbd58b7000 	C:\Program Files\Android\Android Studio1\jbr\bin\jli.dll
0x00007ffbeaea0000 - 0x00007ffbeb04b000 	C:\WINDOWS\System32\USER32.dll
0x00007ffbe8800000 - 0x00007ffbe8826000 	C:\WINDOWS\System32\win32u.dll
0x00007ffbe9990000 - 0x00007ffbe99b9000 	C:\WINDOWS\System32\GDI32.dll
0x00007ffbe84b0000 - 0x00007ffbe85c8000 	C:\WINDOWS\System32\gdi32full.dll
0x00007ffbe85d0000 - 0x00007ffbe866a000 	C:\WINDOWS\System32\msvcp_win.dll
0x00007ffbd4890000 - 0x00007ffbd4b1e000 	C:\WINDOWS\WinSxS\amd64_microsoft.windows.common-controls_6595b64144ccf1df_6.0.22621.1635_none_270f70857386168e\COMCTL32.dll
0x00007ffbea4b0000 - 0x00007ffbea557000 	C:\WINDOWS\System32\msvcrt.dll
0x00007ffbe99c0000 - 0x00007ffbe99f1000 	C:\WINDOWS\System32\IMM32.DLL
0x00007ffbd66a0000 - 0x00007ffbd66ac000 	C:\Program Files\Android\Android Studio1\jbr\bin\vcruntime140_1.dll
0x00007ffbaf3c0000 - 0x00007ffbaf44d000 	C:\Program Files\Android\Android Studio1\jbr\bin\msvcp140.dll
0x00007ffb79850000 - 0x00007ffb7a4bd000 	C:\Program Files\Android\Android Studio1\jbr\bin\server\jvm.dll
0x00007ffbea5e0000 - 0x00007ffbea68e000 	C:\WINDOWS\System32\ADVAPI32.dll
0x00007ffbea3b0000 - 0x00007ffbea454000 	C:\WINDOWS\System32\sechost.dll
0x00007ffbe9a90000 - 0x00007ffbe9ba7000 	C:\WINDOWS\System32\RPCRT4.dll
0x00007ffbd8140000 - 0x00007ffbd8149000 	C:\WINDOWS\SYSTEM32\WSOCK32.dll
0x00007ffbe9430000 - 0x00007ffbe94a1000 	C:\WINDOWS\System32\WS2_32.dll
0x00007ffbe08a0000 - 0x00007ffbe08d4000 	C:\WINDOWS\SYSTEM32\WINMM.dll
0x00007ffbe04d0000 - 0x00007ffbe04da000 	C:\WINDOWS\SYSTEM32\VERSION.dll
0x00007ffbe7500000 - 0x00007ffbe7518000 	C:\WINDOWS\SYSTEM32\kernel.appcore.dll
0x00007ffbe1350000 - 0x00007ffbe135a000 	C:\Program Files\Android\Android Studio1\jbr\bin\jimage.dll
0x00007ffbd1d80000 - 0x00007ffbd1fae000 	C:\WINDOWS\SYSTEM32\DBGHELP.DLL
0x00007ffbeab10000 - 0x00007ffbeae99000 	C:\WINDOWS\System32\combase.dll
0x00007ffbe98a0000 - 0x00007ffbe9977000 	C:\WINDOWS\System32\OLEAUT32.dll
0x00007ffbcc430000 - 0x00007ffbcc462000 	C:\WINDOWS\SYSTEM32\dbgcore.DLL
0x00007ffbe8d50000 - 0x00007ffbe8dcb000 	C:\WINDOWS\System32\bcryptPrimitives.dll
0x00007ffbc2dd0000 - 0x00007ffbc2df5000 	C:\Program Files\Android\Android Studio1\jbr\bin\java.dll
0x00007ffbc4f90000 - 0x00007ffbc4fa8000 	C:\Program Files\Android\Android Studio1\jbr\bin\zip.dll
0x00007ffbe9bb0000 - 0x00007ffbea3aa000 	C:\WINDOWS\System32\SHELL32.dll
0x00007ffbe64b0000 - 0x00007ffbe6d7e000 	C:\WINDOWS\SYSTEM32\windows.storage.dll
0x00007ffbe6370000 - 0x00007ffbe64ae000 	C:\WINDOWS\SYSTEM32\wintypes.dll
0x00007ffbe9320000 - 0x00007ffbe9411000 	C:\WINDOWS\System32\SHCORE.dll
0x00007ffbe9030000 - 0x00007ffbe908e000 	C:\WINDOWS\System32\shlwapi.dll
0x00007ffbe83e0000 - 0x00007ffbe8401000 	C:\WINDOWS\SYSTEM32\profapi.dll
0x00007ffbc2db0000 - 0x00007ffbc2dc9000 	C:\Program Files\Android\Android Studio1\jbr\bin\net.dll
0x00007ffbde370000 - 0x00007ffbde4a7000 	C:\WINDOWS\SYSTEM32\WINHTTP.dll
0x00007ffbe7970000 - 0x00007ffbe79d9000 	C:\WINDOWS\system32\mswsock.dll
0x00007ffbc2d90000 - 0x00007ffbc2da6000 	C:\Program Files\Android\Android Studio1\jbr\bin\nio.dll
0x00007ffbcaa60000 - 0x00007ffbcaa70000 	C:\Program Files\Android\Android Studio1\jbr\bin\verify.dll
0x00007ffbd3c00000 - 0x00007ffbd3c27000 	C:\Users\User\.gradle\native\e1d6ef7f7dcc3fd88c89a11ec53ec762bb8ba0a96d01ffa2cd45eb1d1d8dd5c5\windows-amd64\native-platform.dll
0x00007ffbaa740000 - 0x00007ffbaa884000 	C:\Users\User\.gradle\native\0d407fdbe67a94daf76414ababcb853783967236a71b16ec16e742cd7a986fd3\windows-amd64\native-platform-file-events.dll
0x00007ffbe1340000 - 0x00007ffbe1349000 	C:\Program Files\Android\Android Studio1\jbr\bin\management.dll
0x00007ffbe0120000 - 0x00007ffbe012b000 	C:\Program Files\Android\Android Studio1\jbr\bin\management_ext.dll
0x00007ffbe94b0000 - 0x00007ffbe94b8000 	C:\WINDOWS\System32\PSAPI.DLL
0x00007ffbe7be0000 - 0x00007ffbe7bfb000 	C:\WINDOWS\SYSTEM32\CRYPTSP.dll
0x00007ffbe7470000 - 0x00007ffbe74a5000 	C:\WINDOWS\system32\rsaenh.dll
0x00007ffbe7a70000 - 0x00007ffbe7a98000 	C:\WINDOWS\SYSTEM32\USERENV.dll
0x00007ffbe7d90000 - 0x00007ffbe7db8000 	C:\WINDOWS\SYSTEM32\bcrypt.dll
0x00007ffbe7bd0000 - 0x00007ffbe7bdc000 	C:\WINDOWS\SYSTEM32\CRYPTBASE.dll
0x00007ffbe7020000 - 0x00007ffbe704d000 	C:\WINDOWS\SYSTEM32\IPHLPAPI.DLL
0x00007ffbe94c0000 - 0x00007ffbe94c9000 	C:\WINDOWS\System32\NSI.dll
0x00007ffbde1c0000 - 0x00007ffbde1d9000 	C:\WINDOWS\SYSTEM32\dhcpcsvc6.DLL
0x00007ffbde1a0000 - 0x00007ffbde1bf000 	C:\WINDOWS\SYSTEM32\dhcpcsvc.DLL
0x00007ffbe70a0000 - 0x00007ffbe7193000 	C:\WINDOWS\SYSTEM32\DNSAPI.dll
0x00007ffbca5a0000 - 0x00007ffbca5a8000 	C:\WINDOWS\system32\wshunix.dll
0x00007ffbbb8e0000 - 0x00007ffbbba78000 	C:\Program Files\Android\Android Studio1\jbr\bin\awt.dll
0x00007ffbe5ef0000 - 0x00007ffbe5f1b000 	C:\WINDOWS\SYSTEM32\dwmapi.dll
0x00007ffbe58d0000 - 0x00007ffbe5967000 	C:\WINDOWS\SYSTEM32\apphelp.dll
0x00007ffbe5ac0000 - 0x00007ffbe5b6b000 	C:\WINDOWS\system32\uxtheme.dll
0x00007ffbe9650000 - 0x00007ffbe976e000 	C:\WINDOWS\System32\MSCTF.dll
0x00007ffbe8e90000 - 0x00007ffbe902c000 	C:\WINDOWS\System32\ole32.dll
0x00007ffbe7520000 - 0x00007ffbe7554000 	C:\WINDOWS\SYSTEM32\ntmarta.dll

dbghelp: loaded successfully - version: 4.0.5 - missing functions: none
symbol engine: initialized successfully - sym options: 0x614 - pdb path: .;C:\Program Files\Android\Android Studio1\jbr\bin;C:\WINDOWS\SYSTEM32;C:\WINDOWS\WinSxS\amd64_microsoft.windows.common-controls_6595b64144ccf1df_6.0.22621.1635_none_270f70857386168e;C:\Program Files\Android\Android Studio1\jbr\bin\server;C:\Users\User\.gradle\native\e1d6ef7f7dcc3fd88c89a11ec53ec762bb8ba0a96d01ffa2cd45eb1d1d8dd5c5\windows-amd64;C:\Users\User\.gradle\native\0d407fdbe67a94daf76414ababcb853783967236a71b16ec16e742cd7a986fd3\windows-amd64

VM Arguments:
jvm_args: --add-opens=java.base/java.util=ALL-UNNAMED --add-opens=java.base/java.lang=ALL-UNNAMED --add-opens=java.base/java.lang.invoke=ALL-UNNAMED --add-opens=java.base/java.util=ALL-UNNAMED --add-opens=java.prefs/java.util.prefs=ALL-UNNAMED --add-opens=java.prefs/java.util.prefs=ALL-UNNAMED --add-opens=java.base/java.nio.charset=ALL-UNNAMED --add-opens=java.base/java.net=ALL-UNNAMED --add-opens=java.base/java.util.concurrent.atomic=ALL-UNNAMED -Xmx2048m -Dfile.encoding=UTF-8 -Duser.country=ID -Duser.language=en -Duser.variant 
java_command: org.gradle.launcher.daemon.bootstrap.GradleDaemon 7.5
java_class_path (initial): C:\Users\User\.gradle\wrapper\dists\gradle-7.5-bin\f1w0cc9nuo0eivz97x2xlu9sv\gradle-7.5\lib\gradle-launcher-7.5.jar
Launcher Type: SUN_STANDARD

[Global flags]
     intx CICompilerCount                          = 2                                         {product} {ergonomic}
     uint ConcGCThreads                            = 1                                         {product} {ergonomic}
     uint G1ConcRefinementThreads                  = 2                                         {product} {ergonomic}
   size_t G1HeapRegionSize                         = 1048576                                   {product} {ergonomic}
    uintx GCDrainStackTargetSize                   = 64                                        {product} {ergonomic}
   size_t InitialHeapSize                          = 58720256                                  {product} {ergonomic}
   size_t MarkStackSize                            = 4194304                                   {product} {ergonomic}
   size_t MaxHeapSize                              = 2147483648                                {product} {command line}
   size_t MaxNewSize                               = 1287651328                                {product} {ergonomic}
   size_t MinHeapDeltaBytes                        = 1048576                                   {product} {ergonomic}
   size_t MinHeapSize                              = 8388608                                   {product} {ergonomic}
    uintx NonNMethodCodeHeapSize                   = 5826188                                {pd product} {ergonomic}
    uintx NonProfiledCodeHeapSize                  = 122916026                              {pd product} {ergonomic}
    uintx ProfiledCodeHeapSize                     = 122916026                              {pd product} {ergonomic}
    uintx ReservedCodeCacheSize                    = 251658240                              {pd product} {ergonomic}
     bool SegmentedCodeCache                       = true                                      {product} {ergonomic}
   size_t SoftMaxHeapSize                          = 2147483648                             {manageable} {ergonomic}
     bool UseCompressedClassPointers               = true                           {product lp64_product} {ergonomic}
     bool UseCompressedOops                        = true                           {product lp64_product} {ergonomic}
     bool UseG1GC                                  = true                                      {product} {ergonomic}
     bool UseLargePagesIndividualAllocation        = false                                  {pd product} {ergonomic}

Logging:
Log output configuration:
 #0: stdout all=warning uptime,level,tags
 #1: stderr all=off uptime,level,tags

Environment Variables:
PATH=C:\Program Files\Common Files\Oracle\Java\javapath;C:\WINDOWS\system32;C:\WINDOWS;C:\WINDOWS\System32\Wbem;C:\WINDOWS\System32\WindowsPowerShell\v1.0\;C:\WINDOWS\System32\OpenSSH\;C:\Program Files\nodejs\;C:\Program Files\Git\cmd;C:\xampp\mysql\bin;C:\ProgramData\ComposerSetup\bin;C:\Users\User\AppData\Local\Microsoft\WindowsApps;C:\Users\User\AppData\Local\Programs\Microsoft VS Code\bin;C:\Users\User\AppData\Roaming\npm;C:\Users\User\AppData\Local\GitHubDesktop\bin;C:\xampp\php;C:\Users\User\AppData\Roaming\Composer\vendor\bin;
USERNAME=User
OS=Windows_NT
PROCESSOR_IDENTIFIER=AMD64 Family 23 Model 24 Stepping 1, AuthenticAMD
TMP=C:\Users\User\AppData\Local\Temp
TEMP=C:\Users\User\AppData\Local\Temp



---------------  S Y S T E M  ---------------

OS:
 Windows 11 , 64 bit Build 22621 (10.0.22621.1635)
OS uptime: 14 days 8:07 hours

CPU: total 2 (initial active 2) (2 cores per cpu, 1 threads per core) family 23 model 24 stepping 1 microcode 0x0, cx8, cmov, fxsr, mmx, 3dnowpref, sse, sse2, sse3, ssse3, sse4a, sse4.1, sse4.2, popcnt, lzcnt, tsc, tscinvbit, avx, avx2, aes, clmul, bmi1, bmi2, adx, sha, fma, vzeroupper, clflush, clflushopt

Memory: 4k page, system-wide physical 3499M (48M free)
TotalPageFile size 14251M (AvailPageFile size 60M)
current process WorkingSet (physical memory assigned to process): 106M, peak: 256M
current process commit charge ("private bytes"): 471M, peak: 473M

vm_info: OpenJDK 64-Bit Server VM (17.0.6+0-b2043.56-9586694) for windows-amd64 JRE (17.0.6+0-b2043.56-9586694), built on Feb  9 2023 20:06:20 by "androidbuild" with MS VC++ 16.10 / 16.11 (VS2019)

END.
